Testing Map.!..
Testing Map.\\..
Testing Map.null..
Testing Map.lookup..
Testing Map.member..
Testing Map.notMember..
Testing Map.findWithDefault..
Testing Map.lookupLT..
Map.!	2	3.32	Complete (Passed 30)
Map.lookup	2	3.45	Complete (Passed 30)
Map.lookupLT	2	3.45	Complete (Passed 30)
Map.findWithDefault	2	3.55	Complete (Passed 30)
Map.\\	2	3.77	Complete (Passed 100)
Map.notMember	2	6.36	Complete (Passed 30)
Map.null	2	6.40	Complete (Passed 10)
Map.member	2	6.53	Complete (Passed 30)
Map.!	3	3.36	Complete (Passed 84)
Map.lookupLT	3	3.39	Complete (Passed 84)
Map.lookup	3	3.58	Complete (Passed 84)
Map.findWithDefault	3	3.61	Complete (Passed 84)
Map.\\	3	7.75	Complete (Passed 441)
Map.null	3	6.07	Complete (Passed 21)
Map.lookupLT	4	5.70	Complete (Passed 280)
Map.!	4	5.95	Complete (Passed 280)
Map.notMember	3	6.40	Complete (Passed 84)
Map.lookup	4	5.78	Complete (Passed 280)
Map.findWithDefault	4	5.79	Complete (Passed 280)
Map.member	3	6.53	Complete (Passed 84)
Map.null	4	6.91	Complete (Passed 56)
Map.member	4	8.93	Complete (Passed 280)
Map.notMember	4	9.42	Complete (Passed 280)
Map.null	5	8.85	Complete (Passed 153)
Map.lookupLT	5	22.84	Complete (Passed 918)
Map.findWithDefault	5	22.64	Complete (Passed 918)
Map.!	5	23.06	Complete (Passed 918)
Map.lookup	5	23.80	Complete (Passed 918)
Map.notMember	5	25.85	Complete (Passed 918)
Map.member	5	26.09	Complete (Passed 918)
Map.null	6	22.31	Complete (Passed 379)
Map.\\	4	93.56	Complete (Passed 3136)
Map.null	7	93.73	Complete (Passed 985)
Map.!	6	116.95	Complete (Passed 2653)
Map.findWithDefault	6	119.55	Complete (Passed 2653)
Map.lookup	6	122.13	Complete (Passed 2653)
Map.lookupLT	6	124.21	Complete (Passed 2653)
Map.member	6	126.58	Complete (Passed 2653)
Map.notMember	6	126.98	Complete (Passed 2653)
Map.null	8	550.91	Complete (Passed 2662)
Map.lookup	7	723.34	Complete (Passed 7880)
Map.lookupLT	7	723.99	Complete (Passed 7880)
Map.findWithDefault	7	729.41	Complete (Passed 7880)
Map.!	7	733.80	Complete (Passed 7880)
Map.member	7	720.20	Complete (Passed 7880)
Map.notMember	7	727.51	Complete (Passed 7880)
Map.\\	5	900.01	TimeOut
Testing Map.lookupGT..
Map.lookupGT	2	2.96	Complete (Passed 30)
Map.lookupGT	3	2.98	Complete (Passed 84)
Map.lookupGT	4	5.64	Complete (Passed 280)
Map.lookupGT	5	23.20	Complete (Passed 918)
Map.lookupGT	6	122.10	Complete (Passed 2653)
Map.null	9	900.10	TimeOut
Testing Map.lookupLE..
Map.lookupLE	2	3.03	Complete (Passed 30)
Map.lookupLE	3	3.17	Complete (Passed 84)
Map.lookupLE	4	5.48	Complete (Passed 280)
Map.lookupLE	5	22.34	Complete (Passed 918)
Map.lookupLE	6	121.13	Complete (Passed 2653)
Map.lookup	8	900.03	TimeOut
Testing Map.lookupGE..
Map.lookupLT	8	900.00	TimeOut
Testing Map.singleton..
Map.findWithDefault	8	900.00	TimeOut
Testing Map.insert..
Map.lookupGE	2	3.51	Complete (Passed 30)
Map.!	8	900.00	TimeOut
Testing Map.insertWith..
Map.singleton	2	3.43	Complete (Passed 3)
Map.insert	2	3.18	Complete (Passed 30)
Map.lookupGE	3	3.76	Complete (Passed 84)
Map.insertWith	2	3.33	Complete (Passed 30)
Map.singleton	3	3.38	Complete (Passed 4)
Map.insert	3	4.24	Complete (Passed 84)
Map.singleton	4	3.46	Complete (Passed 5)
Map.insertWith	3	4.32	Complete (Passed 84)
Map.member	8	900.00	TimeOut
Testing Map.insertWithKey..
Map.lookupGE	4	6.65	Complete (Passed 280)
Map.singleton	5	3.12	Complete (Passed 6)
Map.insertWithKey	2	3.18	Complete (Passed 30)
Map.singleton	6	2.68	Complete (Passed 7)
Map.insert	4	8.13	Complete (Passed 280)
Map.insertWith	4	7.28	Complete (Passed 280)
Map.insertWithKey	3	3.60	Complete (Passed 84)
Map.notMember	8	900.00	TimeOut
Testing Map.insertLookupWithKey..
Map.singleton	7	3.23	Complete (Passed 8)
Map.insertLookupWithKey	2	3.25	Complete (Passed 30)
Map.singleton	8	3.04	Complete (Passed 9)
Map.singleton	9	3.15	Complete (Passed 10)
Map.insertLookupWithKey	3	3.82	Complete (Passed 84)
Map.insertWithKey	4	8.18	Complete (Passed 280)
Map.singleton	10	3.73	Complete (Passed 11)
Map.singleton	11	2.46	Complete (Passed 12)
Map.insertLookupWithKey	4	8.15	Complete (Passed 280)
Map.singleton	12	2.81	Complete (Passed 13)
Map.lookupGE	5	23.43	Complete (Passed 918)
Map.singleton	13	3.26	Complete (Passed 14)
Map.singleton	14	2.42	Complete (Passed 15)
Map.singleton	15	2.36	Complete (Passed 16)
Map.singleton	16	2.71	Complete (Passed 17)
Map.singleton	17	3.11	Complete (Passed 18)
Map.insert	5	31.88	Complete (Passed 918)
Map.insertWith	5	30.80	Complete (Passed 918)
Map.singleton	18	3.35	Complete (Passed 19)
Map.singleton	19	2.55	Complete (Passed 20)
Map.singleton	20	2.54	Complete (Passed 21)
Testing Map.delete..
Map.insertWithKey	5	30.86	Complete (Passed 918)
Map.delete	2	3.42	Complete (Passed 30)
Map.delete	3	3.20	Complete (Passed 84)
Map.insertLookupWithKey	5	31.60	Complete (Passed 918)
Map.delete	4	6.89	Complete (Passed 280)
Map.delete	5	28.39	Complete (Passed 918)
Map.lookupGT	7	724.48	Complete (Passed 7880)
Map.lookupGE	6	123.51	Complete (Passed 2653)
Map.insertWith	6	141.56	Complete (Passed 2653)
Map.insert	6	143.94	Complete (Passed 2653)
Map.insertWithKey	6	141.81	Complete (Passed 2653)
Map.insertLookupWithKey	6	144.74	Complete (Passed 2653)
Map.delete	6	142.85	Complete (Passed 2653)
Map.lookupLE	7	738.83	Complete (Passed 7880)
Map.lookupGE	7	749.04	Complete (Passed 7880)
Map.lookupGT	8	900.09	TimeOut
Testing Map.adjust..
Map.adjust	2	3.31	Complete (Passed 30)
Map.adjust	3	3.51	Complete (Passed 84)
Map.adjust	4	7.06	Complete (Passed 280)
Map.insertWith	7	830.12	Complete (Passed 7880)
Map.insert	7	831.64	Complete (Passed 7880)
Map.insertWithKey	7	830.02	Complete (Passed 7880)
Map.insertLookupWithKey	7	835.34	Complete (Passed 7880)
Map.adjust	5	29.41	Complete (Passed 918)
Map.delete	7	808.27	Complete (Passed 7880)
Map.adjust	6	135.05	Complete (Passed 2653)
Map.lookupLE	8	900.01	TimeOut
Testing Map.adjustWithKey..
Map.adjustWithKey	2	2.91	Complete (Passed 30)
Map.adjustWithKey	3	3.13	Complete (Passed 84)
Map.adjustWithKey	4	7.66	Complete (Passed 280)
Map.adjustWithKey	5	28.92	Complete (Passed 918)
Map.adjustWithKey	6	139.42	Complete (Passed 2653)
Map.lookupGE	8	900.02	TimeOut
Testing Map.update..
Map.update	2	5.26	Complete (Passed 30)
Map.update	3	6.20	Complete (Passed 84)
Map.update	4	10.29	Complete (Passed 280)
Map.update	5	36.36	Complete (Passed 918)
Map.insertWith	8	900.05	TimeOut
Testing Map.updateWithKey..
Map.insert	8	900.01	TimeOut
Testing Map.updateLookupWithKey..
Map.updateWithKey	2	6.03	Complete (Passed 30)
Map.insertWithKey	8	900.00	TimeOut
Testing Map.alter..
Map.updateLookupWithKey	2	5.62	Complete (Passed 30)
Map.alter	2	3.35	Complete (Passed 30)
Map.updateWithKey	3	6.63	Complete (Passed 84)
Map.alter	3	3.75	Complete (Passed 84)
Map.updateLookupWithKey	3	6.75	Complete (Passed 84)
Map.updateWithKey	4	10.75	Complete (Passed 280)
Map.alter	4	8.88	Complete (Passed 280)
Map.insertLookupWithKey	8	900.00	TimeOut
Testing Map.findIndex..
Map.findIndex	2	0.12	Complete (Passed 30)
Map.findIndex	3	0.57	Complete (Passed 84)
Map.updateLookupWithKey	4	11.03	Complete (Passed 280)
Map.delete	8	900.00	TimeOut
Testing Map.lookupIndex..
Map.lookupIndex	2	0.14	Complete (Passed 30)
Map.findIndex	4	3.71	Complete (Passed 280)
Map.lookupIndex	3	0.48	Complete (Passed 84)
Map.lookupIndex	4	3.32	Complete (Passed 280)
Map.findIndex	5	20.60	Complete (Passed 918)
Map.lookupIndex	5	20.43	Complete (Passed 918)
Map.updateWithKey	5	38.09	Complete (Passed 918)
Map.alter	5	39.70	Complete (Passed 918)
Map.updateLookupWithKey	5	38.13	Complete (Passed 918)
Map.adjust	7	813.26	Complete (Passed 7880)
Map.update	6	177.55	Complete (Passed 2653)
Map.findIndex	6	122.08	Complete (Passed 2653)
Map.lookupIndex	6	121.85	Complete (Passed 2653)
Map.updateWithKey	6	172.13	Complete (Passed 2653)
Map.updateLookupWithKey	6	174.92	Complete (Passed 2653)
Map.alter	6	201.38	Complete (Passed 2653)
Map.adjustWithKey	7	824.12	Complete (Passed 7880)
Map.findIndex	7	738.03	Complete (Passed 7880)
Map.lookupIndex	7	739.38	Complete (Passed 7880)
Map.adjust	8	900.06	TimeOut
Testing Map.elemAt..
Map.elemAt	2	2.64	Complete (Passed 50)
Map.elemAt	3	4.05	Complete (Passed 147)
Map.elemAt	4	7.93	Complete (Passed 504)
Map.update	7	900.04	TimeOut
Testing Map.updateAt..
Map.elemAt	5	41.31	Complete (Passed 1683)
Map.updateAt	2	6.69	Complete (Passed 50)
Map.updateAt	3	6.42	Complete (Passed 147)
Map.updateAt	4	12.85	Complete (Passed 504)
Map.updateAt	5	53.95	Complete (Passed 1683)
Map.updateWithKey	7	900.21	TimeOut
WARNING: timeout seems to have been ignored...
Testing Map.deleteAt..
Map.deleteAt	2	2.85	Complete (Passed 50)
Map.updateLookupWithKey	7	900.00	TimeOut
Testing Map.findMin..
Map.deleteAt	3	3.87	Complete (Passed 147)
Map.findMin	2	3.45	Complete (Passed 10)
Map.findMin	3	3.22	Complete (Passed 21)
Map.findMin	4	3.57	Complete (Passed 56)
Map.deleteAt	4	9.92	Complete (Passed 504)
Map.findMin	5	6.25	Complete (Passed 153)
Map.alter	7	900.01	TimeOut
Testing Map.findMax..
Map.findMax	2	2.65	Complete (Passed 10)
Map.findMax	3	2.67	Complete (Passed 21)
Map.findMax	4	3.37	Complete (Passed 56)
Map.findMin	6	20.24	Complete (Passed 379)
Map.findMax	5	6.33	Complete (Passed 153)
Map.deleteAt	5	44.05	Complete (Passed 1683)
Map.findMax	6	19.99	Complete (Passed 379)
Map.elemAt	6	227.40	Complete (Passed 4927)
Map.findMin	7	92.22	Complete (Passed 985)
Map.findMax	7	92.64	Complete (Passed 985)
Map.updateAt	6	284.76	Complete (Passed 4927)
Map.deleteAt	6	233.86	Complete (Passed 4927)
Map.adjustWithKey	8	900.10	TimeOut
Testing Map.deleteMin..
Map.deleteMin	2	3.10	Complete (Passed 10)
Map.deleteMin	3	2.91	Complete (Passed 21)
Map.deleteMin	4	3.41	Complete (Passed 56)
Map.deleteMin	5	6.67	Complete (Passed 153)
Map.deleteMin	6	21.32	Complete (Passed 379)
Map.deleteMin	7	97.85	Complete (Passed 985)
Map.findIndex	8	900.01	TimeOut
Testing Map.deleteMax..
Map.deleteMax	2	2.97	Complete (Passed 10)
Map.lookupIndex	8	900.00	TimeOut
Testing Map.updateMin..
Map.deleteMax	3	2.93	Complete (Passed 21)
Map.findMin	8	549.00	Complete (Passed 2662)
Map.deleteMax	4	3.38	Complete (Passed 56)
Map.updateMin	2	5.41	Complete (Passed 10)
Map.updateMin	3	5.80	Complete (Passed 21)
Map.deleteMax	5	7.58	Complete (Passed 153)
Map.updateMin	4	6.79	Complete (Passed 56)
Map.findMax	8	545.37	Complete (Passed 2662)
Map.updateMin	5	8.91	Complete (Passed 153)
Map.deleteMax	6	18.31	Complete (Passed 379)
Map.updateMin	6	25.97	Complete (Passed 379)
Map.deleteMax	7	80.03	Complete (Passed 985)
Map.updateMin	7	132.09	Complete (Passed 985)
Map.elemAt	7	900.10	TimeOut
Testing Map.updateMax..
Map.updateMax	2	5.04	Complete (Passed 10)
Map.updateMax	3	5.82	Complete (Passed 21)
Map.updateMax	4	5.86	Complete (Passed 56)
Map.updateMax	5	10.93	Complete (Passed 153)
Map.updateMax	6	31.27	Complete (Passed 379)
Map.deleteMin	8	536.71	Complete (Passed 2662)
Map.updateAt	7	900.14	TimeOut
WARNING: timeout seems to have been ignored...
Testing Map.updateMinWithKey..
Map.updateMinWithKey	2	4.61	Complete (Passed 10)
Map.updateMinWithKey	3	5.07	Complete (Passed 21)
Map.updateMinWithKey	4	5.69	Complete (Passed 56)
Map.updateMinWithKey	5	9.52	Complete (Passed 153)
Map.deleteAt	7	900.01	TimeOut
Testing Map.updateMaxWithKey..
Map.updateMaxWithKey	2	5.37	Complete (Passed 10)
Map.updateMaxWithKey	3	5.19	Complete (Passed 21)
Map.updateMinWithKey	6	28.87	Complete (Passed 379)
Map.updateMaxWithKey	4	6.63	Complete (Passed 56)
Map.updateMax	7	132.67	Complete (Passed 985)
Map.updateMaxWithKey	5	10.34	Complete (Passed 153)
Map.updateMaxWithKey	6	24.95	Complete (Passed 379)
Map.deleteMax	8	524.19	Complete (Passed 2662)
Map.updateMinWithKey	7	131.75	Complete (Passed 985)
Map.updateMaxWithKey	7	127.81	Complete (Passed 985)
Map.findMin	9	900.10	TimeOut
Testing Map.minViewWithKey..
Map.minViewWithKey	2	3.19	Complete (Passed 10)
Map.minViewWithKey	3	3.06	Complete (Passed 21)
Map.minViewWithKey	4	3.89	Complete (Passed 56)
Map.minViewWithKey	5	7.51	Complete (Passed 153)
Map.findMax	9	900.00	TimeOut
Testing Map.maxViewWithKey..
Map.maxViewWithKey	2	2.77	Complete (Passed 10)
Map.maxViewWithKey	3	3.20	Complete (Passed 21)
Map.maxViewWithKey	4	3.50	Complete (Passed 56)
Map.maxViewWithKey	5	7.39	Complete (Passed 153)
Map.minViewWithKey	6	22.68	Complete (Passed 379)
Map.maxViewWithKey	6	22.01	Complete (Passed 379)
Map.updateMin	8	801.24	Complete (Passed 2662)
Map.minViewWithKey	7	87.52	Complete (Passed 985)
Map.maxViewWithKey	7	82.76	Complete (Passed 985)
Map.updateMax	8	752.78	Complete (Passed 2662)
Map.deleteMin	9	900.06	TimeOut
Testing Map.minView..
Map.minView	2	2.91	Complete (Passed 10)
Map.minView	3	2.17	Complete (Passed 21)
Map.minView	4	3.53	Complete (Passed 56)
Map.minView	5	5.91	Complete (Passed 153)
Map.minView	6	16.22	Complete (Passed 379)
Map.updateMinWithKey	8	752.28	Complete (Passed 2662)
Map.updateMaxWithKey	8	748.89	Complete (Passed 2662)
Map.minView	7	73.50	Complete (Passed 985)
Map.minViewWithKey	8	451.17	Complete (Passed 2662)
Map.maxViewWithKey	8	449.46	Complete (Passed 2662)
Map.deleteMax	9	900.04	TimeOut
Testing Map.maxView..
Map.maxView	2	2.50	Complete (Passed 10)
Map.maxView	3	2.24	Complete (Passed 21)
Map.maxView	4	2.69	Complete (Passed 56)
Map.maxView	5	5.35	Complete (Passed 153)
Map.maxView	6	14.45	Complete (Passed 379)
Map.maxView	7	64.73	Complete (Passed 985)
Map.minView	8	381.69	Complete (Passed 2662)
Map.updateMin	9	900.05	TimeOut
Testing Map.unions..
Map.unions	2	3.23	Complete (Passed 111)
Map.maxView	8	396.01	Complete (Passed 2662)
Map.updateMax	9	900.10	TimeOut
Testing Map.unionsWith..
Map.unionsWith	2	3.03	Complete (Passed 111)
Map.unions	3	308.52	Complete (Passed 9724)
Map.updateMinWithKey	9	900.10	TimeOut
Testing Map.union..
Map.union	2	3.76	Complete (Passed 100)
Map.union	3	8.87	Complete (Passed 441)
Map.updateMaxWithKey	9	900.47	TimeOut
WARNING: timeout seems to have been ignored...
Testing Map.unionWith..
Map.unionWith	2	3.68	Complete (Passed 100)
Map.unionWith	3	8.94	Complete (Passed 441)
Map.minViewWithKey	9	900.03	TimeOut
Testing Map.unionWithKey..
Map.unionWithKey	2	3.93	Complete (Passed 100)
Map.maxViewWithKey	9	900.01	TimeOut
Testing Map.difference..
Map.unionWithKey	3	9.65	Complete (Passed 441)
Map.difference	2	4.16	Complete (Passed 100)
Map.difference	3	8.17	Complete (Passed 441)
Map.union	4	111.15	Complete (Passed 3136)
Map.unionWith	4	108.85	Complete (Passed 3136)
Map.unionWithKey	4	108.06	Complete (Passed 3136)
Map.difference	4	96.96	Complete (Passed 3136)
Map.unionsWith	3	406.07	Complete (Passed 9724)
Map.minView	9	900.10	TimeOut
Testing Map.differenceWith..
Map.differenceWith	2	3.59	Complete (Passed 100)
Map.differenceWith	3	10.70	Complete (Passed 441)
Map.differenceWith	4	135.65	Complete (Passed 3136)
Map.maxView	9	900.04	TimeOut
Testing Map.differenceWithKey..
Map.differenceWithKey	2	3.62	Complete (Passed 100)
Map.differenceWithKey	3	11.07	Complete (Passed 441)
Map.unions	4	900.08	TimeOut
Testing Map.intersection..
Map.intersection	2	3.66	Complete (Passed 100)
Map.differenceWithKey	4	172.48	Complete (Passed 3136)
Map.intersection	3	8.49	Complete (Passed 441)
Map.intersection	4	99.40	Complete (Passed 3136)
Map.union	5	900.10	TimeOut
Testing Map.intersectionWith..
Map.intersectionWith	2	3.58	Complete (Passed 100)
Map.intersectionWith	3	8.22	Complete (Passed 441)
Map.unionWith	5	900.02	TimeOut
Testing Map.intersectionWithKey..
Map.intersectionWithKey	2	3.86	Complete (Passed 100)
Map.intersectionWithKey	3	8.01	Complete (Passed 441)
Map.unionWithKey	5	900.03	TimeOut
Testing Map.mergeWithKey..
Map.difference	5	900.00	TimeOut
Testing Map.isSubmapOf..
Map.isSubmapOf	2	6.51	Complete (Passed 100)
Map.mergeWithKey	2	12.84	Complete (Passed 100)
Map.isSubmapOf	3	11.65	Complete (Passed 441)
Map.intersectionWith	4	96.45	Complete (Passed 3136)
Map.intersectionWithKey	4	96.45	Complete (Passed 3136)
Map.unionsWith	4	900.02	TimeOut
Testing Map.isSubmapOfBy..
Map.mergeWithKey	3	102.31	Complete (Passed 441)
Map.isSubmapOf	4	97.22	Complete (Passed 3136)
Map.isSubmapOfBy	2	109.54	Complete (Passed 100)
Map.differenceWith	5	900.10	TimeOut
Testing Map.isProperSubmapOf..
Map.isProperSubmapOf	2	7.37	Complete (Passed 100)
Map.isProperSubmapOf	3	9.98	Complete (Passed 441)
Map.isProperSubmapOf	4	97.92	Complete (Passed 3136)
Map.differenceWithKey	5	900.10	TimeOut
Testing Map.isProperSubmapOfBy..
Map.mergeWithKey	4	504.54	Complete (Passed 3136)
Map.isSubmapOfBy	3	443.10	Complete (Passed 441)
Map.isProperSubmapOfBy	2	44.25	Complete (Passed 100)
Map.intersection	5	900.06	TimeOut
Testing Map.filter..
Map.filter	2	35.32	Complete (Passed 10)
Map.filter	3	68.29	Complete (Passed 21)
Map.isProperSubmapOfBy	3	233.62	Complete (Passed 441)
Map.intersectionWith	5	900.01	TimeOut
Testing Map.filterWithKey..
Map.intersectionWithKey	5	900.00	TimeOut
Testing Map.partition..
Map.partition	2	12.72	Complete (Passed 10)
Map.filter	4	178.81	Complete (Passed 56)
Map.filterWithKey	2	54.59	Complete (Passed 10)
Map.partition	3	13.50	Complete (Passed 21)
Map.partition	4	14.29	Complete (Passed 56)
Map.isSubmapOf	5	900.00	TimeOut
Testing Map.partitionWithKey..
Map.partitionWithKey	2	12.93	Complete (Passed 10)
Map.partition	5	19.11	Complete (Passed 153)
Map.partitionWithKey	3	13.88	Complete (Passed 21)
Map.partitionWithKey	4	14.78	Complete (Passed 56)
Map.partition	6	38.69	Complete (Passed 379)
Map.partitionWithKey	5	21.97	Complete (Passed 153)
Map.filterWithKey	3	135.92	Complete (Passed 21)
Map.partitionWithKey	6	60.57	Complete (Passed 379)
Map.partition	7	139.95	Complete (Passed 985)
Map.isProperSubmapOf	5	900.01	TimeOut
Testing Map.mapMaybe..
Map.mapMaybe	2	6.59	Complete (Passed 10)
Map.mapMaybe	3	6.70	Complete (Passed 21)
Map.mapMaybe	4	7.44	Complete (Passed 56)
Map.partitionWithKey	7	279.71	Complete (Passed 985)
Map.mapMaybe	5	11.68	Complete (Passed 153)
Map.mapMaybe	6	30.10	Complete (Passed 379)
Map.filter	5	492.01	Complete (Passed 153)
Map.mapMaybe	7	120.37	Complete (Passed 985)
Map.filterWithKey	4	493.50	Complete (Passed 56)
Map.partition	8	759.10	Complete (Passed 2662)
Map.mapMaybe	8	682.84	Complete (Passed 2662)
Map.partitionWithKey	8	900.00	TimeOut
Testing Map.mapMaybeWithKey..
Map.mapMaybeWithKey	2	6.42	Complete (Passed 10)
Map.mapMaybeWithKey	3	7.03	Complete (Passed 21)
Map.mapMaybeWithKey	4	8.02	Complete (Passed 56)
Map.mapMaybeWithKey	5	15.04	Complete (Passed 153)
Map.mapMaybeWithKey	6	46.83	Complete (Passed 379)
Map.mapMaybeWithKey	7	242.76	Complete (Passed 985)
Map.filter	6	1200.13	TimeOut
WARNING: timeout seems to have been ignored...
Testing Map.mapEither..
Map.mapEither	2	12.41	Complete (Passed 10)
Map.mapEither	3	13.04	Complete (Passed 21)
Map.mapEither	4	13.66	Complete (Passed 56)
Map.mapEither	5	17.63	Complete (Passed 153)
Map.mapEither	6	35.96	Complete (Passed 379)
Map.partition	9	900.00	TimeOut
Testing Map.mapEitherWithKey..
Map.mapEitherWithKey	2	12.72	Complete (Passed 10)
Map.mapEitherWithKey	3	12.78	Complete (Passed 21)
Map.mapEither	7	127.90	Complete (Passed 985)
Map.mapEitherWithKey	4	14.92	Complete (Passed 56)
Map.mapEitherWithKey	5	21.61	Complete (Passed 153)
Map.mapEitherWithKey	6	59.50	Complete (Passed 379)
Map.mapMaybe	9	900.01	TimeOut
Testing Map.map..
Map.map	2	3.53	Complete (Passed 10)
Map.map	3	3.48	Complete (Passed 21)
Map.map	4	4.34	Complete (Passed 56)
Map.map	5	6.89	Complete (Passed 153)
Map.map	6	20.80	Complete (Passed 379)
Map.mapEitherWithKey	7	259.24	Complete (Passed 985)
Map.map	7	87.05	Complete (Passed 985)
Map.isProperSubmapOfBy	4	2417.50	TimeOut
WARNING: timeout seems to have been ignored...
Testing Map.mapWithKey..
Map.filterWithKey	5	1680.07	TimeOut
WARNING: timeout seems to have been ignored...
Testing Map.mapAccum..
Map.mapWithKey	2	3.07	Complete (Passed 10)
Map.mapAccum	2	2.98	Complete (Passed 10)
Map.mapWithKey	3	3.04	Complete (Passed 21)
Map.mapAccum	3	3.12	Complete (Passed 21)
Map.mapWithKey	4	3.94	Complete (Passed 56)
Map.mapAccum	4	3.60	Complete (Passed 56)
Map.mapWithKey	5	6.37	Complete (Passed 153)
Map.mapAccum	5	6.75	Complete (Passed 153)
Map.mapWithKey	6	20.63	Complete (Passed 379)
Map.mapAccum	6	21.19	Complete (Passed 379)
Map.mapWithKey	7	90.41	Complete (Passed 985)
Map.mapAccum	7	89.62	Complete (Passed 985)
Map.mapMaybeWithKey	8	900.28	TimeOut
WARNING: timeout seems to have been ignored...
Testing Map.mapAccumWithKey..
Map.mapAccumWithKey	2	2.82	Complete (Passed 10)
Map.mapAccumWithKey	3	3.10	Complete (Passed 21)
Map.mapAccumWithKey	4	3.51	Complete (Passed 56)
Map.mapAccumWithKey	5	7.41	Complete (Passed 153)
Map.mapAccumWithKey	6	22.69	Complete (Passed 379)
Map.mapEither	8	747.98	Complete (Passed 2662)
Map.mapAccumWithKey	7	91.21	Complete (Passed 985)
Map.map	8	499.89	Complete (Passed 2662)
Map.mapWithKey	8	484.53	Complete (Passed 2662)
Map.mapAccum	8	485.04	Complete (Passed 2662)
Map.mapAccumWithKey	8	459.39	Complete (Passed 2662)
Map.mapEitherWithKey	8	900.01	TimeOut
Testing Map.mapAccumRWithKey..
Map.mapAccumRWithKey	2	3.02	Complete (Passed 10)
Map.mapAccumRWithKey	3	2.69	Complete (Passed 21)
Map.mapAccumRWithKey	4	3.50	Complete (Passed 56)
Map.mapAccumRWithKey	5	6.02	Complete (Passed 153)
Map.mapAccumRWithKey	6	18.21	Complete (Passed 379)
Map.mapAccumRWithKey	7	83.55	Complete (Passed 985)
Map.isSubmapOfBy	4	3811.19	TimeOut
WARNING: timeout seems to have been ignored...
Testing Map.mapKeys..
Map.mapKeys	2	2.45	Complete (Passed 10)
Map.mapKeys	3	2.82	Complete (Passed 21)
Map.mapKeys	4	3.21	Complete (Passed 56)
Map.mapKeys	5	10.04	Complete (Passed 153)
Map.mapKeys	6	46.56	Complete (Passed 379)
Map.mapEither	9	900.51	TimeOut
WARNING: timeout seems to have been ignored...
Testing Map.mapKeysWith..
Map.mapKeysWith	2	2.49	Complete (Passed 10)
Map.mapKeysWith	3	2.88	Complete (Passed 21)
Map.mapKeysWith	4	3.67	Complete (Passed 56)
Map.mapKeysWith	5	9.56	Complete (Passed 153)
Map.mapKeysWith	6	47.57	Complete (Passed 379)
Map.map	9	900.01	TimeOut
Testing Map.mapKeysMonotonic..
Map.mapKeysMonotonic	2	2.65	Complete (Passed 10)
Map.mapKeysMonotonic	3	3.20	Complete (Passed 21)
Map.mapKeysMonotonic	4	4.19	Complete (Passed 56)
Map.mapKeysMonotonic	5	10.50	Complete (Passed 153)
Map.mapKeysMonotonic	6	46.92	Complete (Passed 379)
Map.mapAccumRWithKey	8	500.76	Complete (Passed 2662)
Map.mapKeys	7	270.66	Complete (Passed 985)
Map.mapWithKey	9	900.01	TimeOut
Testing Map.foldr..
Map.mapAccum	9	900.00	TimeOut
Testing Map.foldr'..
Map.foldr	2	2.43	Complete (Passed 10)
Map.foldr'	2	2.81	Complete (Passed 10)
Map.foldr	3	3.09	Complete (Passed 21)
Map.foldr'	3	2.89	Complete (Passed 21)
Map.foldr	4	3.80	Complete (Passed 56)
Map.foldr'	4	3.46	Complete (Passed 56)
Map.foldr	5	6.65	Complete (Passed 153)
Map.foldr'	5	5.98	Complete (Passed 153)
Map.foldr	6	20.43	Complete (Passed 379)
Map.foldr'	6	19.97	Complete (Passed 379)
Map.mapKeysWith	7	245.61	Complete (Passed 985)
Map.foldr	7	92.44	Complete (Passed 985)
Map.foldr'	7	94.82	Complete (Passed 985)
Map.mapKeysMonotonic	7	230.48	Complete (Passed 985)
Map.mapAccumWithKey	9	900.05	TimeOut
Testing Map.foldl..
Map.foldl	2	2.18	Complete (Passed 10)
Map.foldl	3	2.65	Complete (Passed 21)
Map.foldl	4	2.85	Complete (Passed 56)
Map.foldl	5	5.38	Complete (Passed 153)
Map.foldl	6	18.57	Complete (Passed 379)
Map.foldl	7	88.22	Complete (Passed 985)
Map.foldr	8	557.54	Complete (Passed 2662)
Map.foldr'	8	558.89	Complete (Passed 2662)
Map.mapAccumRWithKey	9	900.04	TimeOut
Testing Map.foldl'..
Map.foldl'	2	2.10	Complete (Passed 10)
Map.foldl'	3	2.55	Complete (Passed 21)
Map.foldl'	4	2.68	Complete (Passed 56)
Map.foldl'	5	5.31	Complete (Passed 153)
Map.mapKeys	8	900.21	TimeOut
WARNING: timeout seems to have been ignored...
Testing Map.foldrWithKey..
Map.foldrWithKey	2	2.21	Complete (Passed 10)
Map.foldl'	6	18.04	Complete (Passed 379)
Map.foldrWithKey	3	2.74	Complete (Passed 21)
Map.foldrWithKey	4	2.80	Complete (Passed 56)
Map.foldrWithKey	5	5.45	Complete (Passed 153)
Map.foldl	8	562.59	Complete (Passed 2662)
Map.foldrWithKey	6	19.59	Complete (Passed 379)
Map.mapKeysWith	8	900.17	TimeOut
WARNING: timeout seems to have been ignored...
Testing Map.foldrWithKey'..
Map.foldrWithKey'	2	2.04	Complete (Passed 10)
Map.foldrWithKey'	3	2.53	Complete (Passed 21)
Map.foldrWithKey'	4	3.03	Complete (Passed 56)
Map.foldrWithKey'	5	5.37	Complete (Passed 153)
Map.foldl'	7	92.72	Complete (Passed 985)
Map.foldrWithKey'	6	18.42	Complete (Passed 379)
Map.foldrWithKey	7	88.84	Complete (Passed 985)
Map.foldrWithKey'	7	84.94	Complete (Passed 985)
Map.mapKeysMonotonic	8	900.01	TimeOut
Testing Map.foldlWithKey..
Map.foldlWithKey	2	2.28	Complete (Passed 10)
Map.foldlWithKey	3	2.68	Complete (Passed 21)
Map.foldlWithKey	4	2.79	Complete (Passed 56)
Map.foldlWithKey	5	5.62	Complete (Passed 153)
Map.foldlWithKey	6	19.81	Complete (Passed 379)
Map.foldlWithKey	7	92.72	Complete (Passed 985)
Map.foldl'	8	597.94	Complete (Passed 2662)
Map.foldr	9	900.01	TimeOut
Testing Map.foldlWithKey'..
Map.foldlWithKey'	2	2.23	Complete (Passed 10)
Map.foldr'	9	900.41	TimeOut
WARNING: timeout seems to have been ignored...
Testing Map.elems..
Map.foldlWithKey'	3	3.05	Complete (Passed 21)
Map.foldrWithKey	8	593.65	Complete (Passed 2662)
Map.elems	2	3.12	Complete (Passed 10)
Map.foldlWithKey'	4	3.77	Complete (Passed 56)
Map.elems	3	2.93	Complete (Passed 21)
Map.elems	4	2.74	Complete (Passed 56)
Map.foldlWithKey'	5	6.78	Complete (Passed 153)
Map.elems	5	5.17	Complete (Passed 153)
Map.elems	6	12.39	Complete (Passed 379)
Map.foldlWithKey'	6	18.70	Complete (Passed 379)
Map.foldrWithKey'	8	574.54	Complete (Passed 2662)
Map.elems	7	58.06	Complete (Passed 985)
Map.foldlWithKey'	7	84.70	Complete (Passed 985)
Map.foldlWithKey	8	569.63	Complete (Passed 2662)
Map.foldl	9	900.00	TimeOut
Testing Map.keys..
Map.keys	2	0.07	Complete (Passed 10)
Map.keys	3	0.13	Complete (Passed 21)
Map.keys	4	0.44	Complete (Passed 56)
Map.keys	5	2.44	Complete (Passed 153)
Map.keys	6	10.78	Complete (Passed 379)
Map.keys	7	57.45	Complete (Passed 985)
Map.elems	8	353.65	Complete (Passed 2662)
Map.keys	8	352.64	Complete (Passed 2662)
Map.foldlWithKey'	8	547.17	Complete (Passed 2662)
Map.foldl'	9	900.50	TimeOut
WARNING: timeout seems to have been ignored...
Testing Map.assocs..
Map.assocs	2	2.41	Complete (Passed 10)
Map.assocs	3	2.95	Complete (Passed 21)
Map.assocs	4	2.69	Complete (Passed 56)
Map.assocs	5	5.30	Complete (Passed 153)
Map.foldrWithKey	9	900.01	TimeOut
Testing Map.fromList..
Map.fromList	2	2.82	Complete (Passed 13)
Map.fromList	3	2.32	Complete (Passed 85)
Map.assocs	6	15.45	Complete (Passed 379)
Map.fromList	4	8.12	Complete (Passed 781)
Map.foldrWithKey'	9	900.69	TimeOut
WARNING: timeout seems to have been ignored...
Testing Map.fromListWith..
Map.fromListWith	2	2.78	Complete (Passed 13)
Map.fromListWith	3	2.67	Complete (Passed 85)
Map.fromListWith	4	7.52	Complete (Passed 781)
Map.assocs	7	76.82	Complete (Passed 985)
Map.fromList	5	124.09	Complete (Passed 9331)
Map.foldlWithKey	9	900.04	TimeOut
Testing Map.fromListWithKey..
Map.fromListWithKey	2	3.03	Complete (Passed 13)
Map.fromListWithKey	3	3.30	Complete (Passed 85)
Map.fromListWithKey	4	9.17	Complete (Passed 781)
Map.fromListWith	5	134.30	Complete (Passed 9331)
Map.fromListWithKey	5	148.54	Complete (Passed 9331)
Map.elems	9	900.10	TimeOut
Testing Map.toList..
Map.toList	2	2.79	Complete (Passed 10)
Map.toList	3	3.17	Complete (Passed 21)
Map.toList	4	3.53	Complete (Passed 56)
Map.toList	5	7.08	Complete (Passed 153)
Map.toList	6	19.31	Complete (Passed 379)
Map.toList	7	88.27	Complete (Passed 985)
Map.assocs	8	499.39	Complete (Passed 2662)
Map.keys	9	900.05	TimeOut
Testing Map.toAscList..
Map.toAscList	2	2.71	Complete (Passed 10)
Map.toAscList	3	2.37	Complete (Passed 21)
Map.toAscList	4	3.46	Complete (Passed 56)
Map.toAscList	5	4.75	Complete (Passed 153)
Map.foldlWithKey'	9	900.81	TimeOut
WARNING: timeout seems to have been ignored...
Testing Map.toDescList..
Map.toDescList	2	2.49	Complete (Passed 10)
Map.toAscList	6	16.91	Complete (Passed 379)
Map.toDescList	3	2.99	Complete (Passed 21)
Map.toDescList	4	4.39	Complete (Passed 56)
Map.toDescList	5	7.11	Complete (Passed 153)
Map.toDescList	6	20.13	Complete (Passed 379)
Map.toAscList	7	93.82	Complete (Passed 985)
Map.toDescList	7	93.99	Complete (Passed 985)
Map.fromList	6	900.04	TimeOut
Testing Map.fromAscList..
Map.fromAscList	2	2.86	Complete (Passed 10)
Map.fromAscList	3	2.57	Complete (Passed 35)
Map.fromAscList	4	3.26	Complete (Passed 126)
Map.fromAscList	5	7.06	Complete (Passed 462)
Map.fromAscList	6	22.47	Complete (Passed 1716)
Map.fromListWith	6	900.02	TimeOut
Testing Map.fromAscListWith..
Map.toList	8	535.37	Complete (Passed 2662)
Map.fromAscListWith	2	3.50	Complete (Passed 10)
Map.fromAscListWith	3	2.64	Complete (Passed 35)
Map.fromAscListWith	4	4.29	Complete (Passed 126)
Map.fromAscListWith	5	5.94	Complete (Passed 462)
Map.fromAscListWith	6	18.56	Complete (Passed 1716)
Map.fromAscList	7	100.68	Complete (Passed 6435)
Map.fromAscListWith	7	103.59	Complete (Passed 6435)
Map.fromListWithKey	6	900.01	TimeOut
Testing Map.fromAscListWithKey..
Map.fromAscListWithKey	2	2.99	Complete (Passed 10)
Map.fromAscListWithKey	3	2.62	Complete (Passed 35)
Map.fromAscListWithKey	4	3.08	Complete (Passed 126)
Map.fromAscListWithKey	5	7.05	Complete (Passed 462)
Map.fromAscListWithKey	6	22.80	Complete (Passed 1716)
Map.toAscList	8	536.16	Complete (Passed 2662)
Map.toDescList	8	535.07	Complete (Passed 2662)
Map.fromAscListWithKey	7	95.62	Complete (Passed 6435)
Map.assocs	9	900.10	TimeOut
Testing Map.fromDistinctAscList..
Map.fromDistinctAscList	2	3.41	Complete (Passed 7)
Map.fromDistinctAscList	3	2.92	Complete (Passed 15)
Map.fromDistinctAscList	4	2.63	Complete (Passed 31)
Map.fromDistinctAscList	5	2.89	Complete (Passed 63)
Map.fromDistinctAscList	6	3.55	Complete (Passed 127)
Map.fromDistinctAscList	7	5.93	Complete (Passed 255)
Map.fromDistinctAscList	8	9.75	Complete (Passed 511)
Map.fromDistinctAscList	9	19.15	Complete (Passed 1023)
Map.fromDistinctAscList	10	41.31	Complete (Passed 2047)
Map.fromDistinctAscList	11	93.75	Complete (Passed 4095)
Map.fromDistinctAscList	12	225.44	Complete (Passed 8191)
Map.toList	9	900.01	TimeOut
Testing Map.split..
Map.split	2	3.30	Complete (Passed 30)
Map.split	3	3.63	Complete (Passed 84)
Map.split	4	6.68	Complete (Passed 280)
Map.split	5	26.57	Complete (Passed 918)
Map.fromAscList	8	900.00	TimeOut
Testing Map.splitLookup..
Map.splitLookup	2	3.64	Complete (Passed 30)
Map.splitLookup	3	3.32	Complete (Passed 84)
Map.splitLookup	4	6.69	Complete (Passed 280)
Map.splitLookup	5	27.50	Complete (Passed 918)
Map.fromAscListWith	8	900.02	TimeOut
Map.split	6	132.07	Complete (Passed 2653)
Map.toAscList	9	900.02	TimeOut
Map.toDescList	9	900.03	TimeOut
Map.splitLookup	6	129.87	Complete (Passed 2653)
Map.fromAscListWithKey	8	900.02	TimeOut
Map.fromDistinctAscList	13	624.74	Complete (Passed 16383)
Map.split	7	701.83	Complete (Passed 7880)
Map.splitLookup	7	696.35	Complete (Passed 7880)
Map.fromDistinctAscList	14	900.02	TimeOut
Map.split	8	900.01	TimeOut
Map.splitLookup	8	900.08	TimeOut
