Testing Map.!..
Testing Map.null..
Testing Map.\\..
Testing Map.lookup..
Testing Map.notMember..
Testing Map.findWithDefault..
Testing Map.member..
Testing Map.lookupLT..
Testing Map.lookupGT..
Testing Map.lookupGE..
Testing Map.lookupLE..
Testing Map.singleton..
Map.singleton	2	4.26	Complete (Passed 3)
Map.!	2	4.35	Complete (Passed 30)
Map.lookupLT	2	4.35	Complete (Passed 30)
Map.lookup	2	4.36	Complete (Passed 30)
Map.lookupGE	2	4.36	Complete (Passed 30)
Map.findWithDefault	2	4.37	Complete (Passed 30)
Map.lookupGT	2	4.42	Complete (Passed 30)
Map.lookupLE	2	4.42	Complete (Passed 30)
Map.\\	2	4.92	Complete (Passed 100)
Map.null	2	8.14	Complete (Passed 10)
Map.singleton	3	3.93	Complete (Passed 4)
Map.notMember	2	8.20	Complete (Passed 30)
Map.member	2	8.27	Complete (Passed 30)
Map.lookup	3	4.27	Complete (Passed 84)
Map.!	3	4.36	Complete (Passed 84)
Map.lookupLE	3	4.30	Complete (Passed 84)
Map.lookupLT	3	4.44	Complete (Passed 84)
Map.lookupGE	3	4.43	Complete (Passed 84)
Map.lookupGT	3	4.44	Complete (Passed 84)
Map.findWithDefault	3	4.58	Complete (Passed 84)
Map.singleton	4	4.19	Complete (Passed 5)
Map.\\	3	10.96	Complete (Passed 441)
Map.singleton	5	4.39	Complete (Passed 6)
Map.lookupLE	4	8.34	Complete (Passed 280)
Map.lookupLT	4	8.69	Complete (Passed 280)
Map.lookup	4	8.90	Complete (Passed 280)
Map.!	4	8.83	Complete (Passed 280)
Map.null	3	9.50	Complete (Passed 21)
Map.notMember	3	9.53	Complete (Passed 84)
Map.lookupGE	4	8.98	Complete (Passed 280)
Map.lookupGT	4	8.95	Complete (Passed 280)
Map.member	3	9.75	Complete (Passed 84)
Map.findWithDefault	4	9.27	Complete (Passed 280)
Map.singleton	6	5.15	Complete (Passed 7)
Map.singleton	7	3.89	Complete (Passed 8)
Map.null	4	9.43	Complete (Passed 56)
Map.singleton	8	4.94	Complete (Passed 9)
Map.notMember	4	13.61	Complete (Passed 280)
Map.member	4	13.42	Complete (Passed 280)
Map.singleton	9	5.01	Complete (Passed 10)
Map.singleton	10	4.21	Complete (Passed 11)
Map.null	5	14.22	Complete (Passed 153)
Map.singleton	11	4.77	Complete (Passed 12)
Map.lookup	5	31.85	Complete (Passed 918)
Map.lookupLE	5	32.62	Complete (Passed 918)
Map.singleton	12	4.96	Complete (Passed 13)
Map.!	5	32.47	Complete (Passed 918)
Map.lookupLT	5	32.65	Complete (Passed 918)
Map.lookupGT	5	32.34	Complete (Passed 918)
Map.findWithDefault	5	32.21	Complete (Passed 918)
Map.lookupGE	5	32.75	Complete (Passed 918)
Map.singleton	13	4.18	Complete (Passed 14)
Map.singleton	14	4.01	Complete (Passed 15)
Map.singleton	15	4.56	Complete (Passed 16)
Map.member	5	35.54	Complete (Passed 918)
Map.singleton	16	4.61	Complete (Passed 17)
Map.notMember	5	36.00	Complete (Passed 918)
Map.singleton	17	4.51	Complete (Passed 18)
Map.null	6	30.42	Complete (Passed 379)
Map.singleton	18	4.27	Complete (Passed 19)
Map.singleton	19	4.67	Complete (Passed 20)
Map.singleton	20	4.62	Complete (Passed 21)
Testing Map.insert..
Map.insert	2	4.95	Complete (Passed 30)
Map.insert	3	5.71	Complete (Passed 84)
Map.insert	4	11.01	Complete (Passed 280)
Map.\\	4	125.63	Complete (Passed 3136)
Map.insert	5	41.31	Complete (Passed 918)
Map.null	7	124.48	Complete (Passed 985)
Map.!	6	154.24	Complete (Passed 2653)
Map.findWithDefault	6	156.91	Complete (Passed 2653)
Map.lookup	6	160.20	Complete (Passed 2653)
Map.lookupGT	6	161.00	Complete (Passed 2653)
Map.lookupLT	6	162.18	Complete (Passed 2653)
Map.lookupLE	6	163.23	Complete (Passed 2653)
Map.lookupGE	6	164.60	Complete (Passed 2653)
Map.member	6	166.62	Complete (Passed 2653)
Map.notMember	6	167.48	Complete (Passed 2653)
Map.insert	6	193.22	Complete (Passed 2653)
Map.null	8	708.84	Complete (Passed 2662)
Map.findWithDefault	7	972.50	Complete (Passed 7880)
Map.!	7	977.37	Complete (Passed 7880)
Map.lookupGT	7	973.08	Complete (Passed 7880)
Map.lookup	7	975.45	Complete (Passed 7880)
Map.lookupLT	7	974.90	Complete (Passed 7880)
Map.lookupGE	7	972.13	Complete (Passed 7880)
Map.lookupLE	7	978.36	Complete (Passed 7880)
Map.notMember	7	971.08	Complete (Passed 7880)
Map.member	7	975.28	Complete (Passed 7880)
Map.insert	7	1112.51	Complete (Passed 7880)
Map.\\	5	1500.10	TimeOut
Testing Map.insertWith..
Map.insertWith	2	5.15	Complete (Passed 30)
Map.insertWith	3	5.87	Complete (Passed 84)
Map.insertWith	4	11.05	Complete (Passed 280)
Map.insertWith	5	41.36	Complete (Passed 918)
Map.insertWith	6	195.66	Complete (Passed 2653)
Map.null	9	1500.10	TimeOut
Testing Map.insertWithKey..
Map.insertWithKey	2	4.63	Complete (Passed 30)
Map.insertWithKey	3	5.98	Complete (Passed 84)
Map.insertWithKey	4	10.99	Complete (Passed 280)
Map.insertWithKey	5	41.12	Complete (Passed 918)
Map.insertWithKey	6	195.46	Complete (Passed 2653)
Map.findWithDefault	8	1500.02	TimeOut
Testing Map.insertLookupWithKey..
Map.!	8	1500.00	TimeOut
Testing Map.delete..
Map.lookupGT	8	1500.01	TimeOut
Testing Map.adjust..
Map.insertLookupWithKey	2	4.95	Complete (Passed 30)
Map.lookup	8	1500.00	TimeOut
Testing Map.adjustWithKey..
Map.delete	2	5.56	Complete (Passed 30)
Map.lookupLT	8	1500.01	TimeOut
Testing Map.update..
Map.lookupGE	8	1500.00	TimeOut
Testing Map.updateWithKey..
Map.adjust	2	5.21	Complete (Passed 30)
Map.adjustWithKey	2	5.07	Complete (Passed 30)
Map.insertLookupWithKey	3	6.31	Complete (Passed 84)
Map.lookupLE	8	1500.19	TimeOut
Testing Map.updateLookupWithKey..
Map.delete	3	5.30	Complete (Passed 84)
Map.adjust	3	5.24	Complete (Passed 84)
Map.adjustWithKey	3	4.86	Complete (Passed 84)
Map.updateWithKey	2	8.78	Complete (Passed 30)
Map.update	2	8.89	Complete (Passed 30)
Map.updateLookupWithKey	2	7.98	Complete (Passed 30)
Map.delete	4	9.86	Complete (Passed 280)
Map.insertLookupWithKey	4	11.40	Complete (Passed 280)
Map.adjust	4	9.65	Complete (Passed 280)
Map.adjustWithKey	4	10.12	Complete (Passed 280)
Map.update	3	9.27	Complete (Passed 84)
Map.updateWithKey	3	9.57	Complete (Passed 84)
Map.notMember	8	1500.00	TimeOut
Testing Map.alter..
Map.member	8	1500.01	TimeOut
Testing Map.findIndex..
Map.updateLookupWithKey	3	9.49	Complete (Passed 84)
Map.findIndex	2	0.17	Complete (Passed 30)
Map.findIndex	3	0.60	Complete (Passed 84)
Map.alter	2	4.17	Complete (Passed 30)
Map.findIndex	4	3.99	Complete (Passed 280)
Map.alter	3	5.42	Complete (Passed 84)
Map.update	4	15.11	Complete (Passed 280)
Map.updateWithKey	4	15.36	Complete (Passed 280)
Map.updateLookupWithKey	4	15.98	Complete (Passed 280)
Map.alter	4	12.97	Complete (Passed 280)
Map.delete	5	37.20	Complete (Passed 918)
Map.findIndex	5	26.78	Complete (Passed 918)
Map.adjust	5	38.57	Complete (Passed 918)
Map.insertLookupWithKey	5	40.65	Complete (Passed 918)
Map.adjustWithKey	5	38.53	Complete (Passed 918)
Map.update	5	49.90	Complete (Passed 918)
Map.updateWithKey	5	50.72	Complete (Passed 918)
Map.updateLookupWithKey	5	52.53	Complete (Passed 918)
Map.alter	5	52.85	Complete (Passed 918)
Map.findIndex	6	156.21	Complete (Passed 2653)
Map.adjustWithKey	6	178.84	Complete (Passed 2653)
Map.adjust	6	180.27	Complete (Passed 2653)
Map.delete	6	184.57	Complete (Passed 2653)
Map.insertLookupWithKey	6	187.22	Complete (Passed 2653)
Map.insert	8	1500.02	TimeOut
Testing Map.lookupIndex..
Map.lookupIndex	2	0.22	Complete (Passed 30)
Map.lookupIndex	3	0.83	Complete (Passed 84)
Map.lookupIndex	4	4.13	Complete (Passed 280)
Map.lookupIndex	5	27.06	Complete (Passed 918)
Map.updateWithKey	6	222.56	Complete (Passed 2653)
Map.insertWith	7	1097.50	Complete (Passed 7880)
Map.update	6	231.31	Complete (Passed 2653)
Map.updateLookupWithKey	6	225.52	Complete (Passed 2653)
Map.alter	6	257.07	Complete (Passed 2653)
Map.lookupIndex	6	161.25	Complete (Passed 2653)
Map.insertWithKey	7	1075.11	Complete (Passed 7880)
Map.findIndex	7	959.72	Complete (Passed 7880)
Map.delete	7	1056.96	Complete (Passed 7880)
Map.adjust	7	1066.07	Complete (Passed 7880)
Map.adjustWithKey	7	1070.97	Complete (Passed 7880)
Map.insertLookupWithKey	7	1098.16	Complete (Passed 7880)
Map.lookupIndex	7	966.63	Complete (Passed 7880)
Map.updateWithKey	7	1384.49	Complete (Passed 7880)
Map.updateLookupWithKey	7	1397.37	Complete (Passed 7880)
Map.update	7	1420.66	Complete (Passed 7880)
Map.insertWith	8	1500.07	TimeOut
Testing Map.elemAt..
Map.elemAt	2	4.66	Complete (Passed 50)
Map.elemAt	3	5.52	Complete (Passed 147)
Map.elemAt	4	12.35	Complete (Passed 504)
Map.alter	7	1500.15	TimeOut
WARNING: timeout seems to have been ignored...
Testing Map.updateAt..
Map.updateAt	2	9.39	Complete (Passed 50)
Map.updateAt	3	10.05	Complete (Passed 147)
Map.updateAt	4	19.21	Complete (Passed 504)
Map.elemAt	5	57.89	Complete (Passed 1683)
Map.updateAt	5	75.71	Complete (Passed 1683)
Map.elemAt	6	305.49	Complete (Passed 4927)
Map.updateAt	6	381.34	Complete (Passed 4927)
Map.insertWithKey	8	1500.11	TimeOut
Testing Map.deleteAt..
Map.deleteAt	2	5.19	Complete (Passed 50)
Map.deleteAt	3	5.67	Complete (Passed 147)
Map.deleteAt	4	12.53	Complete (Passed 504)
Map.deleteAt	5	60.42	Complete (Passed 1683)
Map.findIndex	8	1500.03	TimeOut
Testing Map.findMin..
Map.findMin	2	4.64	Complete (Passed 10)
Map.findMin	3	4.75	Complete (Passed 21)
Map.findMin	4	5.48	Complete (Passed 56)
Map.findMin	5	8.66	Complete (Passed 153)
Map.findMin	6	27.47	Complete (Passed 379)
Map.delete	8	1500.07	TimeOut
Testing Map.findMax..
Map.findMax	2	4.58	Complete (Passed 10)
Map.adjust	8	1500.00	TimeOut
Testing Map.deleteMin..
Map.findMax	3	4.99	Complete (Passed 21)
Map.adjustWithKey	8	1500.00	TimeOut
Testing Map.deleteMax..
Map.deleteMin	2	5.24	Complete (Passed 10)
Map.findMax	4	5.78	Complete (Passed 56)
Map.deleteMax	2	4.62	Complete (Passed 10)
Map.deleteMin	3	4.53	Complete (Passed 21)
Map.deleteMax	3	4.40	Complete (Passed 21)
Map.deleteMin	4	5.03	Complete (Passed 56)
Map.findMax	5	9.49	Complete (Passed 153)
Map.deleteMax	4	5.29	Complete (Passed 56)
Map.deleteMin	5	9.94	Complete (Passed 153)
Map.deleteMax	5	10.14	Complete (Passed 153)
Map.insertLookupWithKey	8	1500.01	TimeOut
Testing Map.updateMin..
Map.findMin	7	125.66	Complete (Passed 985)
Map.findMax	6	27.37	Complete (Passed 379)
Map.updateMin	2	8.85	Complete (Passed 10)
Map.deleteMin	6	31.26	Complete (Passed 379)
Map.updateMin	3	8.99	Complete (Passed 21)
Map.deleteMax	6	30.85	Complete (Passed 379)
Map.updateMin	4	11.40	Complete (Passed 56)
Map.updateMin	5	17.16	Complete (Passed 153)
Map.lookupIndex	8	1500.04	TimeOut
Testing Map.updateMax..
Map.updateMin	6	45.89	Complete (Passed 379)
Map.updateMax	2	8.89	Complete (Passed 10)
Map.updateMax	3	8.77	Complete (Passed 21)
Map.updateMax	4	9.90	Complete (Passed 56)
Map.deleteAt	6	321.60	Complete (Passed 4927)
Map.updateMax	5	16.72	Complete (Passed 153)
Map.findMax	7	125.46	Complete (Passed 985)
Map.deleteMin	7	135.71	Complete (Passed 985)
Map.deleteMax	7	135.07	Complete (Passed 985)
Map.updateMax	6	46.45	Complete (Passed 379)
Map.updateMin	7	202.08	Complete (Passed 985)
Map.updateWithKey	8	1500.05	TimeOut
Testing Map.updateMinWithKey..
Map.updateMinWithKey	2	8.50	Complete (Passed 10)
Map.updateMinWithKey	3	9.67	Complete (Passed 21)
Map.updateLookupWithKey	8	1500.01	TimeOut
Testing Map.updateMaxWithKey..
Map.updateMax	7	202.12	Complete (Passed 985)
Map.updateMinWithKey	4	11.13	Complete (Passed 56)
Map.updateMaxWithKey	2	10.09	Complete (Passed 10)
Map.updateMaxWithKey	3	9.21	Complete (Passed 21)
Map.update	8	1500.00	TimeOut
Testing Map.minViewWithKey..
Map.updateMinWithKey	5	18.16	Complete (Passed 153)
Map.minViewWithKey	2	4.52	Complete (Passed 10)
Map.updateMaxWithKey	4	11.46	Complete (Passed 56)
Map.minViewWithKey	3	4.85	Complete (Passed 21)
Map.minViewWithKey	4	6.43	Complete (Passed 56)
Map.minViewWithKey	5	10.49	Complete (Passed 153)
Map.updateMaxWithKey	5	17.80	Complete (Passed 153)
Map.updateMinWithKey	6	46.11	Complete (Passed 379)
Map.minViewWithKey	6	31.71	Complete (Passed 379)
Map.updateMaxWithKey	6	46.79	Complete (Passed 379)
Map.minViewWithKey	7	135.09	Complete (Passed 985)
Map.updateMinWithKey	7	199.49	Complete (Passed 985)
Map.updateMaxWithKey	7	200.29	Complete (Passed 985)
Map.findMin	8	723.51	Complete (Passed 2662)
Map.findMax	8	721.62	Complete (Passed 2662)
Map.elemAt	7	1500.00	TimeOut
Testing Map.maxViewWithKey..
Map.maxViewWithKey	2	4.39	Complete (Passed 10)
Map.maxViewWithKey	3	5.22	Complete (Passed 21)
Map.maxViewWithKey	4	6.09	Complete (Passed 56)
Map.maxViewWithKey	5	10.37	Complete (Passed 153)
Map.deleteMin	8	752.70	Complete (Passed 2662)
Map.deleteMax	8	752.08	Complete (Passed 2662)
Map.maxViewWithKey	6	29.49	Complete (Passed 379)
Map.updateAt	7	1500.10	TimeOut
Testing Map.minView..
Map.minView	2	4.52	Complete (Passed 10)
Map.minView	3	4.94	Complete (Passed 21)
Map.minView	4	5.21	Complete (Passed 56)
Map.minView	5	10.40	Complete (Passed 153)
Map.maxViewWithKey	7	132.54	Complete (Passed 985)
Map.minView	6	31.01	Complete (Passed 379)
Map.minView	7	136.50	Complete (Passed 985)
Map.minViewWithKey	8	744.92	Complete (Passed 2662)
Map.updateMin	8	1138.08	Complete (Passed 2662)
Map.updateMax	8	1153.22	Complete (Passed 2662)
Map.deleteAt	7	1500.09	TimeOut
Testing Map.maxView..
Map.maxView	2	3.42	Complete (Passed 10)
Map.maxView	3	4.72	Complete (Passed 21)
Map.maxView	4	5.61	Complete (Passed 56)
Map.maxView	5	10.18	Complete (Passed 153)
Map.maxView	6	30.32	Complete (Passed 379)
Map.updateMinWithKey	8	1140.21	Complete (Passed 2662)
Map.maxViewWithKey	8	746.89	Complete (Passed 2662)
Map.maxView	7	133.64	Complete (Passed 985)
Map.updateMaxWithKey	8	1143.93	Complete (Passed 2662)
Map.minView	8	736.49	Complete (Passed 2662)
Map.findMin	9	1500.10	TimeOut
Testing Map.unions..
Map.unions	2	6.07	Complete (Passed 111)
Map.findMax	9	1500.03	TimeOut
Testing Map.unionsWith..
Map.unionsWith	2	5.19	Complete (Passed 111)
Map.deleteMin	9	1500.05	TimeOut
Testing Map.union..
Map.deleteMax	9	1500.00	TimeOut
Testing Map.unionWith..
Map.union	2	6.01	Complete (Passed 100)
Map.unionWith	2	5.56	Complete (Passed 100)
Map.union	3	14.71	Complete (Passed 441)
Map.unionWith	3	13.24	Complete (Passed 441)
Map.maxView	8	721.84	Complete (Passed 2662)
Map.unionWith	4	142.20	Complete (Passed 3136)
Map.union	4	148.92	Complete (Passed 3136)
Map.unions	3	551.57	Complete (Passed 9724)
Map.minViewWithKey	9	1500.02	TimeOut
Testing Map.unionWithKey..
Map.unionWithKey	2	5.89	Complete (Passed 100)
Map.unionWithKey	3	13.76	Complete (Passed 441)
Map.unionsWith	3	553.54	Complete (Passed 9724)
Map.updateMin	9	1500.93	TimeOut
WARNING: timeout seems to have been ignored...
Testing Map.difference..
Map.difference	2	5.29	Complete (Passed 100)
Map.difference	3	12.15	Complete (Passed 441)
Map.unionWithKey	4	148.70	Complete (Passed 3136)
Map.updateMax	9	1500.03	TimeOut
Testing Map.differenceWith..
Map.differenceWith	2	5.77	Complete (Passed 100)
Map.differenceWith	3	15.12	Complete (Passed 441)
Map.difference	4	130.44	Complete (Passed 3136)
Map.differenceWith	4	178.66	Complete (Passed 3136)
Map.updateMinWithKey	9	1500.05	TimeOut
Testing Map.differenceWithKey..
Map.differenceWithKey	2	6.20	Complete (Passed 100)
Map.maxViewWithKey	9	1500.00	TimeOut
Testing Map.intersection..
Map.intersection	2	5.15	Complete (Passed 100)
Map.differenceWithKey	3	15.75	Complete (Passed 441)
Map.intersection	3	11.67	Complete (Passed 441)
Map.updateMaxWithKey	9	1500.77	TimeOut
WARNING: timeout seems to have been ignored...
Testing Map.intersectionWith..
Map.intersectionWith	2	5.36	Complete (Passed 100)
Map.intersectionWith	3	11.52	Complete (Passed 441)
Map.minView	9	1500.10	TimeOut
Testing Map.intersectionWithKey..
Map.intersection	4	131.42	Complete (Passed 3136)
Map.intersectionWithKey	2	5.37	Complete (Passed 100)
Map.intersectionWith	4	123.03	Complete (Passed 3136)
Map.intersectionWithKey	3	11.85	Complete (Passed 441)
Map.differenceWithKey	4	223.74	Complete (Passed 3136)
Map.intersectionWithKey	4	124.39	Complete (Passed 3136)
Map.maxView	9	1500.10	TimeOut
Testing Map.mergeWithKey..
Map.mergeWithKey	2	17.45	Complete (Passed 100)
Map.unionWith	5	1500.03	TimeOut
Testing Map.isSubmapOf..
Map.union	5	1500.01	TimeOut
Testing Map.isSubmapOfBy..
Map.isSubmapOf	2	9.85	Complete (Passed 100)
Map.isSubmapOf	3	17.02	Complete (Passed 441)
Map.mergeWithKey	3	163.62	Complete (Passed 441)
Map.isSubmapOf	4	133.38	Complete (Passed 3136)
Map.isSubmapOfBy	2	184.86	Complete (Passed 100)
Map.unions	4	1500.03	TimeOut
Testing Map.isProperSubmapOf..
Map.isProperSubmapOf	2	10.10	Complete (Passed 100)
Map.isProperSubmapOf	3	17.29	Complete (Passed 441)
Map.unionsWith	4	1500.10	TimeOut
Testing Map.isProperSubmapOfBy..
Map.isProperSubmapOf	4	132.80	Complete (Passed 3136)
Map.isProperSubmapOfBy	2	65.87	Complete (Passed 100)
Map.unionWithKey	5	1500.16	TimeOut
Testing Map.filter..
Map.filter	2	50.38	Complete (Passed 10)
Map.difference	5	1500.01	TimeOut
Testing Map.filterWithKey..
Map.filter	3	97.16	Complete (Passed 21)
Map.filterWithKey	2	74.74	Complete (Passed 10)
Map.differenceWith	5	1500.08	TimeOut
WARNING: timeout seems to have been ignored...
Testing Map.partition..
Map.partition	2	17.41	Complete (Passed 10)
Map.partition	3	17.45	Complete (Passed 21)
Map.partition	4	18.60	Complete (Passed 56)
Map.partition	5	25.00	Complete (Passed 153)
Map.isProperSubmapOfBy	3	334.02	Complete (Passed 441)
Map.filterWithKey	3	181.29	Complete (Passed 21)
Map.partition	6	51.92	Complete (Passed 379)
Map.filter	4	248.97	Complete (Passed 56)
Map.mergeWithKey	4	702.86	Complete (Passed 3136)
Map.intersection	5	1500.03	TimeOut
Testing Map.partitionWithKey..
Map.intersectionWith	5	1500.00	TimeOut
Testing Map.mapMaybe..
Map.partitionWithKey	2	17.19	Complete (Passed 10)
Map.mapMaybe	2	8.73	Complete (Passed 10)
Map.mapMaybe	3	8.83	Complete (Passed 21)
Map.partitionWithKey	3	17.28	Complete (Passed 21)
Map.mapMaybe	4	9.86	Complete (Passed 56)
Map.isSubmapOfBy	3	723.31	Complete (Passed 441)
Map.partitionWithKey	4	18.57	Complete (Passed 56)
Map.mapMaybe	5	15.70	Complete (Passed 153)
Map.partitionWithKey	5	28.69	Complete (Passed 153)
Map.mapMaybe	6	40.44	Complete (Passed 379)
Map.partition	7	191.34	Complete (Passed 985)
Map.intersectionWithKey	5	1500.01	TimeOut
Testing Map.mapMaybeWithKey..
Map.mapMaybeWithKey	2	9.12	Complete (Passed 10)
Map.mapMaybeWithKey	3	9.32	Complete (Passed 21)
Map.partitionWithKey	6	79.49	Complete (Passed 379)
Map.mapMaybeWithKey	4	10.90	Complete (Passed 56)
Map.mapMaybeWithKey	5	21.14	Complete (Passed 153)
Map.mapMaybeWithKey	6	71.52	Complete (Passed 379)
Map.mapMaybe	7	174.42	Complete (Passed 985)
Map.partitionWithKey	7	395.72	Complete (Passed 985)
Map.filterWithKey	4	688.21	Complete (Passed 56)
Map.filter	5	676.97	Complete (Passed 153)
Map.mapMaybeWithKey	7	376.76	Complete (Passed 985)
Map.isSubmapOf	5	1500.01	TimeOut
Testing Map.mapEither..
Map.mapEither	2	16.43	Complete (Passed 10)
Map.mapEither	3	17.01	Complete (Passed 21)
Map.mapEither	4	18.22	Complete (Passed 56)
Map.mapEither	5	25.19	Complete (Passed 153)
Map.mapEither	6	53.86	Complete (Passed 379)
Map.isProperSubmapOf	5	1500.01	TimeOut
Testing Map.mapEitherWithKey..
Map.mapEitherWithKey	2	18.26	Complete (Passed 10)
Map.mapEitherWithKey	3	18.05	Complete (Passed 21)
Map.mapEitherWithKey	4	20.85	Complete (Passed 56)
Map.mapEitherWithKey	5	30.80	Complete (Passed 153)
Map.mapEither	7	192.31	Complete (Passed 985)
Map.mapEitherWithKey	6	83.94	Complete (Passed 379)
Map.partition	8	1087.83	Complete (Passed 2662)
Map.mapMaybe	8	1002.07	Complete (Passed 2662)
Map.mergeWithKey	5	1500.01	TimeOut
Testing Map.map..
Map.map	2	4.02	Complete (Passed 10)
Map.map	3	5.56	Complete (Passed 21)
Map.map	4	5.56	Complete (Passed 56)
Map.map	5	10.16	Complete (Passed 153)
Map.map	6	31.13	Complete (Passed 379)
Map.mapEitherWithKey	7	380.00	Complete (Passed 985)
Map.map	7	130.73	Complete (Passed 985)
Map.partitionWithKey	8	1500.00	TimeOut
Testing Map.mapWithKey..
Map.mapWithKey	2	3.78	Complete (Passed 10)
Map.mapWithKey	3	5.07	Complete (Passed 21)
Map.mapWithKey	4	5.74	Complete (Passed 56)
Map.mapWithKey	5	10.55	Complete (Passed 153)
Map.mapWithKey	6	30.03	Complete (Passed 379)
Map.mapMaybeWithKey	8	1500.12	TimeOut
WARNING: timeout seems to have been ignored...
Testing Map.mapAccum..
Map.mapAccum	2	4.30	Complete (Passed 10)
Map.mapAccum	3	4.22	Complete (Passed 21)
Map.mapAccum	4	5.30	Complete (Passed 56)
Map.mapAccum	5	10.57	Complete (Passed 153)
Map.mapEither	8	1049.64	Complete (Passed 2662)
Map.mapAccum	6	30.51	Complete (Passed 379)
Map.mapWithKey	7	124.53	Complete (Passed 985)
Map.filter	6	1653.81	TimeOut
WARNING: timeout seems to have been ignored...
Testing Map.mapAccumWithKey..
Map.mapAccumWithKey	2	4.61	Complete (Passed 10)
Map.mapAccumWithKey	3	4.69	Complete (Passed 21)
Map.mapAccumWithKey	4	5.40	Complete (Passed 56)
Map.mapAccumWithKey	5	10.92	Complete (Passed 153)
Map.mapAccum	7	124.78	Complete (Passed 985)
Map.mapAccumWithKey	6	30.05	Complete (Passed 379)
Map.map	8	704.62	Complete (Passed 2662)
Map.mapAccumWithKey	7	132.65	Complete (Passed 985)
Map.partition	9	1500.65	TimeOut
WARNING: timeout seems to have been ignored...
Testing Map.mapAccumRWithKey..
Map.mapAccumRWithKey	2	4.66	Complete (Passed 10)
Map.mapAccumRWithKey	3	4.55	Complete (Passed 21)
Map.mapAccumRWithKey	4	5.60	Complete (Passed 56)
Map.mapAccumRWithKey	5	10.50	Complete (Passed 153)
Map.mapAccumRWithKey	6	33.33	Complete (Passed 379)
Map.mapMaybe	9	1500.82	TimeOut
WARNING: timeout seems to have been ignored...
Testing Map.mapKeys..
Map.mapKeys	2	4.96	Complete (Passed 10)
Map.mapKeys	3	4.56	Complete (Passed 21)
Map.mapKeys	4	6.95	Complete (Passed 56)
Map.mapKeys	5	15.29	Complete (Passed 153)
Map.mapKeys	6	66.09	Complete (Passed 379)
Map.mapAccumRWithKey	7	133.77	Complete (Passed 985)
Map.filterWithKey	5	2371.14	TimeOut
WARNING: timeout seems to have been ignored...
Testing Map.mapKeysWith..
Map.mapWithKey	8	721.43	Complete (Passed 2662)
Map.mapKeysWith	2	4.57	Complete (Passed 10)
Map.mapKeysWith	3	4.57	Complete (Passed 21)
Map.mapKeysWith	4	6.28	Complete (Passed 56)
Map.mapKeysWith	5	16.66	Complete (Passed 153)
Map.mapAccum	8	735.82	Complete (Passed 2662)
Map.mapEitherWithKey	8	1500.01	TimeOut
Testing Map.mapKeysMonotonic..
Map.mapKeysWith	6	70.61	Complete (Passed 379)
Map.mapKeysMonotonic	2	4.73	Complete (Passed 10)
Map.mapKeysMonotonic	3	4.56	Complete (Passed 21)
Map.mapKeysMonotonic	4	6.53	Complete (Passed 56)
Map.mapKeysMonotonic	5	17.45	Complete (Passed 153)
Map.mapKeysMonotonic	6	74.68	Complete (Passed 379)
Map.mapAccumWithKey	8	740.82	Complete (Passed 2662)
Map.isProperSubmapOfBy	4	3371.82	TimeOut
WARNING: timeout seems to have been ignored...
Testing Map.foldr..
Map.foldr	2	4.40	Complete (Passed 10)
Map.foldr	3	4.52	Complete (Passed 21)
Map.mapKeys	7	386.00	Complete (Passed 985)
Map.foldr	4	6.10	Complete (Passed 56)
Map.foldr	5	12.06	Complete (Passed 153)
Map.foldr	6	39.77	Complete (Passed 379)
Map.mapKeysWith	7	403.63	Complete (Passed 985)
Map.foldr	7	190.19	Complete (Passed 985)
Map.mapKeysMonotonic	7	440.13	Complete (Passed 985)
Map.mapEither	9	1500.06	TimeOut
Testing Map.foldr'..
Map.foldr'	2	4.32	Complete (Passed 10)
Map.foldr'	3	5.58	Complete (Passed 21)
Map.foldr'	4	6.11	Complete (Passed 56)
Map.mapAccumRWithKey	8	793.70	Complete (Passed 2662)
Map.foldr'	5	11.98	Complete (Passed 153)
Map.foldr'	6	37.92	Complete (Passed 379)
Map.map	9	1500.10	TimeOut
Testing Map.foldl..
Map.foldl	2	4.83	Complete (Passed 10)
Map.foldl	3	4.67	Complete (Passed 21)
Map.foldl	4	5.42	Complete (Passed 56)
Map.foldl	5	11.67	Complete (Passed 153)
Map.foldr'	7	186.55	Complete (Passed 985)
Map.foldl	6	40.04	Complete (Passed 379)
Map.foldl	7	192.23	Complete (Passed 985)
Map.mapWithKey	9	1500.10	TimeOut
Testing Map.foldl'..
Map.foldl'	2	4.83	Complete (Passed 10)
Map.foldl'	3	5.19	Complete (Passed 21)
Map.foldl'	4	6.23	Complete (Passed 56)
Map.foldl'	5	12.49	Complete (Passed 153)
Map.foldl'	6	40.52	Complete (Passed 379)
Map.mapAccum	9	1500.03	TimeOut
Testing Map.foldrWithKey..
Map.foldrWithKey	2	5.07	Complete (Passed 10)
Map.foldrWithKey	3	5.23	Complete (Passed 21)
Map.foldrWithKey	4	6.16	Complete (Passed 56)
Map.foldrWithKey	5	12.82	Complete (Passed 153)
Map.foldrWithKey	6	40.21	Complete (Passed 379)
Map.foldr	8	1132.95	Complete (Passed 2662)
Map.foldl'	7	190.27	Complete (Passed 985)
Map.mapAccumWithKey	9	1500.00	TimeOut
Testing Map.foldrWithKey'..
Map.foldrWithKey'	2	4.45	Complete (Passed 10)
Map.foldrWithKey'	3	4.24	Complete (Passed 21)
Map.foldrWithKey'	4	6.03	Complete (Passed 56)
Map.foldrWithKey'	5	12.16	Complete (Passed 153)
Map.mapKeys	8	1500.02	TimeOut
Testing Map.foldlWithKey..
Map.foldlWithKey	2	5.01	Complete (Passed 10)
Map.foldlWithKey	3	4.98	Complete (Passed 21)
Map.foldlWithKey	4	6.25	Complete (Passed 56)
Map.foldrWithKey'	6	38.23	Complete (Passed 379)
Map.foldlWithKey	5	11.82	Complete (Passed 153)
Map.foldrWithKey	7	181.30	Complete (Passed 985)
Map.foldlWithKey	6	40.19	Complete (Passed 379)
Map.mapKeysWith	8	1500.29	TimeOut
WARNING: timeout seems to have been ignored...
Testing Map.foldlWithKey'..
Map.foldlWithKey'	2	5.13	Complete (Passed 10)
Map.foldlWithKey'	3	5.08	Complete (Passed 21)
Map.foldrWithKey'	7	191.99	Complete (Passed 985)
Map.foldlWithKey'	4	6.58	Complete (Passed 56)
Map.foldlWithKey'	5	11.48	Complete (Passed 153)
Map.foldlWithKey	7	189.09	Complete (Passed 985)
Map.foldlWithKey'	6	40.49	Complete (Passed 379)
Map.foldr'	8	1138.91	Complete (Passed 2662)
Map.mapKeysMonotonic	8	1500.05	TimeOut
Testing Map.elems..
Map.elems	2	3.90	Complete (Passed 10)
Map.elems	3	5.31	Complete (Passed 21)
Map.elems	4	5.85	Complete (Passed 56)
Map.elems	5	10.34	Complete (Passed 153)
Map.elems	6	30.54	Complete (Passed 379)
Map.mapAccumRWithKey	9	1500.02	TimeOut
Testing Map.keys..
Map.keys	2	0.15	Complete (Passed 10)
Map.keys	3	0.33	Complete (Passed 21)
Map.keys	4	1.27	Complete (Passed 56)
Map.keys	5	5.76	Complete (Passed 153)
Map.foldlWithKey'	7	186.42	Complete (Passed 985)
Map.keys	6	26.41	Complete (Passed 379)
Map.foldl	8	1134.56	Complete (Passed 2662)
Map.elems	7	134.94	Complete (Passed 985)
Map.keys	7	131.46	Complete (Passed 985)
Map.foldl'	8	1143.57	Complete (Passed 2662)
Map.isSubmapOfBy	4	5860.69	TimeOut
WARNING: timeout seems to have been ignored...
Testing Map.assocs..
Map.assocs	2	4.63	Complete (Passed 10)
Map.assocs	3	5.32	Complete (Passed 21)
Map.assocs	4	5.82	Complete (Passed 56)
Map.foldrWithKey	8	1121.04	Complete (Passed 2662)
Map.assocs	5	10.26	Complete (Passed 153)
Map.assocs	6	29.07	Complete (Passed 379)
Map.elems	8	761.72	Complete (Passed 2662)
Map.foldrWithKey'	8	1102.51	Complete (Passed 2662)
Map.assocs	7	129.45	Complete (Passed 985)
Map.keys	8	748.42	Complete (Passed 2662)
Map.foldlWithKey	8	1107.91	Complete (Passed 2662)
Map.foldr	9	1500.02	TimeOut
Testing Map.fromList..
Map.fromList	2	4.27	Complete (Passed 13)
Map.fromList	3	4.77	Complete (Passed 85)
Map.fromList	4	12.99	Complete (Passed 781)
Map.foldlWithKey'	8	1091.22	Complete (Passed 2662)
Map.fromList	5	211.35	Complete (Passed 9331)
Map.differenceWithKey	5	7889.46	TimeOut
WARNING: timeout seems to have been ignored...
Testing Map.fromListWith..
Map.fromListWith	2	4.45	Complete (Passed 13)
Map.fromListWith	3	5.48	Complete (Passed 85)
Map.fromListWith	4	14.79	Complete (Passed 781)
Map.foldr'	9	1500.05	TimeOut
Testing Map.fromListWithKey..
Map.fromListWithKey	2	4.59	Complete (Passed 13)
Map.fromListWithKey	3	5.26	Complete (Passed 85)
Map.fromListWithKey	4	14.64	Complete (Passed 781)
Map.fromListWith	5	215.81	Complete (Passed 9331)
Map.foldl	9	1500.46	TimeOut
WARNING: timeout seems to have been ignored...
Testing Map.toList..
Map.toList	2	4.78	Complete (Passed 10)
Map.toList	3	4.73	Complete (Passed 21)
Map.toList	4	5.59	Complete (Passed 56)
Map.toList	5	9.64	Complete (Passed 153)
Map.fromListWithKey	5	217.14	Complete (Passed 9331)
Map.assocs	8	714.73	Complete (Passed 2662)
Map.toList	6	28.16	Complete (Passed 379)
Map.toList	7	127.81	Complete (Passed 985)
Map.foldl'	9	1500.49	TimeOut
WARNING: timeout seems to have been ignored...
Testing Map.toAscList..
Map.toAscList	2	4.57	Complete (Passed 10)
Map.toAscList	3	4.95	Complete (Passed 21)
Map.toAscList	4	6.38	Complete (Passed 56)
Map.toAscList	5	10.05	Complete (Passed 153)
Map.toAscList	6	29.49	Complete (Passed 379)
Map.foldrWithKey	9	1500.00	TimeOut
Testing Map.toDescList..
Map.toDescList	2	4.70	Complete (Passed 10)
Map.toDescList	3	4.19	Complete (Passed 21)
Map.toDescList	4	5.65	Complete (Passed 56)
Map.toDescList	5	10.00	Complete (Passed 153)
Map.toDescList	6	30.28	Complete (Passed 379)
Map.toAscList	7	132.76	Complete (Passed 985)
Map.elems	9	1500.01	TimeOut
Testing Map.fromAscList..
Map.fromAscList	2	4.65	Complete (Passed 10)
Map.fromAscList	3	4.64	Complete (Passed 35)
Map.fromAscList	4	6.09	Complete (Passed 126)
Map.foldrWithKey'	9	1500.90	TimeOut
WARNING: timeout seems to have been ignored...
Testing Map.fromAscListWith..
Map.fromAscListWith	2	4.59	Complete (Passed 10)
Map.fromAscList	5	10.95	Complete (Passed 462)
Map.fromAscListWith	3	4.91	Complete (Passed 35)
Map.fromAscListWith	4	5.72	Complete (Passed 126)
Map.keys	9	1500.01	TimeOut
Testing Map.fromAscListWithKey..
Map.fromAscListWith	5	10.50	Complete (Passed 462)
Map.fromAscListWithKey	2	4.57	Complete (Passed 10)
Map.fromAscListWithKey	3	4.67	Complete (Passed 35)
Map.toDescList	7	134.81	Complete (Passed 985)
Map.fromAscListWithKey	4	5.81	Complete (Passed 126)
Map.fromAscList	6	34.37	Complete (Passed 1716)
Map.foldlWithKey	9	1500.00	TimeOut
Testing Map.fromDistinctAscList..
Map.fromDistinctAscList	2	4.13	Complete (Passed 7)
Map.fromAscListWithKey	5	11.05	Complete (Passed 462)
Map.fromDistinctAscList	3	5.13	Complete (Passed 15)
Map.fromDistinctAscList	4	4.64	Complete (Passed 31)
Map.fromAscListWith	6	35.15	Complete (Passed 1716)
Map.fromDistinctAscList	5	4.95	Complete (Passed 63)
Map.fromDistinctAscList	6	6.02	Complete (Passed 127)
Map.fromDistinctAscList	7	8.64	Complete (Passed 255)
Map.fromAscListWithKey	6	34.21	Complete (Passed 1716)
Map.toList	8	732.04	Complete (Passed 2662)
Map.fromDistinctAscList	8	15.20	Complete (Passed 511)
Map.fromDistinctAscList	9	28.20	Complete (Passed 1023)
Map.fromDistinctAscList	10	57.67	Complete (Passed 2047)
Map.fromAscList	7	161.03	Complete (Passed 6435)
Map.fromAscListWith	7	157.91	Complete (Passed 6435)
Map.foldlWithKey'	9	1500.02	TimeOut
Testing Map.split..
Map.split	2	4.68	Complete (Passed 30)
Map.split	3	5.50	Complete (Passed 84)
Map.fromAscListWithKey	7	159.49	Complete (Passed 6435)
Map.split	4	10.35	Complete (Passed 280)
Map.fromList	6	1500.04	TimeOut
Testing Map.splitLookup..
Map.split	5	35.93	Complete (Passed 918)
Map.splitLookup	2	4.66	Complete (Passed 30)
Map.splitLookup	3	5.58	Complete (Passed 84)
Map.splitLookup	4	10.14	Complete (Passed 280)
Map.fromDistinctAscList	11	136.74	Complete (Passed 4095)
Map.splitLookup	5	37.67	Complete (Passed 918)
Map.split	6	185.42	Complete (Passed 2653)
Map.splitLookup	6	185.50	Complete (Passed 2653)
Map.fromDistinctAscList	12	324.73	Complete (Passed 8191)
Map.fromListWith	6	1500.00	TimeOut
Map.toAscList	8	717.03	Complete (Passed 2662)
Map.fromListWithKey	6	1500.03	TimeOut
Map.assocs	9	1500.01	TimeOut
Map.toDescList	8	707.01	Complete (Passed 2662)
Map.split	7	884.52	Complete (Passed 7880)
Map.fromAscList	8	1171.46	Complete (Passed 24310)
Map.fromAscListWith	8	1168.14	Complete (Passed 24310)
Map.fromDistinctAscList	13	746.93	Complete (Passed 16383)
Map.splitLookup	7	875.72	Complete (Passed 7880)
Map.fromAscListWithKey	8	1170.13	Complete (Passed 24310)
Map.toList	9	1500.01	TimeOut
Map.toAscList	9	1500.10	TimeOut
Map.toDescList	9	1500.02	TimeOut
Map.split	8	1500.04	TimeOut
Map.fromAscList	9	1500.00	TimeOut
Map.fromAscListWith	9	1500.01	TimeOut
Map.fromDistinctAscList	14	1500.00	TimeOut
Map.splitLookup	8	1500.02	TimeOut
Map.fromAscListWithKey	9	1500.01	TimeOut
done

