Testing Map.!..
Testing Map.\\..
Testing Map.null..
Testing Map.lookup..
Testing Map.member..
Testing Map.notMember..
Testing Map.findWithDefault..
Testing Map.lookupLT..
Testing Map.lookupGT..
Testing Map.lookupLE..
Testing Map.lookupGE..
Testing Map.singleton..
Map.singleton	2	4.21	Complete (Passed 3)
Map.lookupGT	2	4.30	Complete (Passed 30)
Map.lookupLT	2	4.30	Complete (Passed 30)
Map.!	2	4.36	Complete (Passed 30)
Map.findWithDefault	2	4.36	Complete (Passed 30)
Map.lookup	2	4.37	Complete (Passed 30)
Map.lookupGE	2	4.38	Complete (Passed 30)
Map.lookupLE	2	4.39	Complete (Passed 30)
Map.\\	2	4.92	Complete (Passed 100)
Map.null	2	8.01	Complete (Passed 10)
Map.member	2	8.06	Complete (Passed 30)
Map.singleton	3	3.97	Complete (Passed 4)
Map.notMember	2	8.35	Complete (Passed 30)
Map.lookup	3	4.21	Complete (Passed 84)
Map.lookupGT	3	4.28	Complete (Passed 84)
Map.lookupLE	3	4.31	Complete (Passed 84)
Map.!	3	4.40	Complete (Passed 84)
Map.lookupLT	3	4.48	Complete (Passed 84)
Map.lookupGE	3	4.42	Complete (Passed 84)
Map.findWithDefault	3	4.51	Complete (Passed 84)
Map.singleton	4	4.84	Complete (Passed 5)
Map.\\	3	10.48	Complete (Passed 441)
Map.null	3	8.46	Complete (Passed 21)
Map.lookupGT	4	7.90	Complete (Passed 280)
Map.lookup	4	7.91	Complete (Passed 280)
Map.singleton	5	3.49	Complete (Passed 6)
Map.findWithDefault	4	7.75	Complete (Passed 280)
Map.!	4	7.91	Complete (Passed 280)
Map.lookupLE	4	8.03	Complete (Passed 280)
Map.lookupLT	4	7.98	Complete (Passed 280)
Map.lookupGE	4	8.05	Complete (Passed 280)
Map.member	3	8.91	Complete (Passed 84)
Map.notMember	3	9.35	Complete (Passed 84)
Map.singleton	6	4.76	Complete (Passed 7)
Map.singleton	7	4.04	Complete (Passed 8)
Map.null	4	9.44	Complete (Passed 56)
Map.singleton	8	4.74	Complete (Passed 9)
Map.member	4	13.29	Complete (Passed 280)
Map.notMember	4	13.07	Complete (Passed 280)
Map.singleton	9	4.57	Complete (Passed 10)
Map.singleton	10	4.36	Complete (Passed 11)
Map.null	5	14.50	Complete (Passed 153)
Map.singleton	11	4.88	Complete (Passed 12)
Map.lookup	5	31.59	Complete (Passed 918)
Map.lookupGT	5	31.84	Complete (Passed 918)
Map.!	5	31.82	Complete (Passed 918)
Map.findWithDefault	5	32.06	Complete (Passed 918)
Map.singleton	12	4.90	Complete (Passed 13)
Map.lookupLT	5	32.48	Complete (Passed 918)
Map.lookupGE	5	32.60	Complete (Passed 918)
Map.lookupLE	5	32.74	Complete (Passed 918)
Map.singleton	13	4.60	Complete (Passed 14)
Map.singleton	14	4.49	Complete (Passed 15)
Map.singleton	15	4.78	Complete (Passed 16)
Map.member	5	36.97	Complete (Passed 918)
Map.singleton	16	4.63	Complete (Passed 17)
Map.notMember	5	36.57	Complete (Passed 918)
Map.null	6	31.47	Complete (Passed 379)
Map.singleton	17	4.90	Complete (Passed 18)
Map.\\	4	60.00	TimeOut
Testing Map.insert..
Map.singleton	18	4.95	Complete (Passed 19)
Map.insert	2	4.88	Complete (Passed 30)
Map.singleton	19	4.61	Complete (Passed 20)
Map.insert	3	5.72	Complete (Passed 84)
Map.singleton	20	4.63	Complete (Passed 21)
Testing Map.insertWithKey..
Map.insertWithKey	2	4.98	Complete (Passed 30)
Map.insertWithKey	3	5.54	Complete (Passed 84)
Map.insert	4	12.07	Complete (Passed 280)
Map.insertWithKey	4	11.08	Complete (Passed 280)
Map.lookup	6	60.00	TimeOut
Testing Map.insertLookupWithKey..
Map.lookupGT	6	60.00	TimeOut
Testing Map.insertWith..
Map.!	6	60.00	TimeOut
Testing Map.delete..
Map.findWithDefault	6	60.00	TimeOut
Testing Map.adjust..
Map.lookupLT	6	60.00	TimeOut
Testing Map.adjustWithKey..
Map.lookupGE	6	60.00	TimeOut
Testing Map.update..
Map.lookupLE	6	60.00	TimeOut
Testing Map.updateWithKey..
Map.insertLookupWithKey	2	4.76	Complete (Passed 30)
Map.insertWith	2	4.70	Complete (Passed 30)
Map.delete	2	4.57	Complete (Passed 30)
Map.adjust	2	4.54	Complete (Passed 30)
Map.adjustWithKey	2	4.22	Complete (Passed 30)
Map.update	2	8.00	Complete (Passed 30)
Map.updateWithKey	2	8.03	Complete (Passed 30)
Map.delete	3	4.47	Complete (Passed 84)
Map.insertLookupWithKey	3	4.78	Complete (Passed 84)
Map.adjustWithKey	3	4.30	Complete (Passed 84)
Map.insertWith	3	4.83	Complete (Passed 84)
Map.adjust	3	4.80	Complete (Passed 84)
Map.update	3	8.91	Complete (Passed 84)
Map.updateWithKey	3	8.96	Complete (Passed 84)
Map.member	6	60.01	TimeOut
Testing Map.updateLookupWithKey..
Map.notMember	6	60.00	TimeOut
Testing Map.alter..
Map.delete	4	9.80	Complete (Passed 280)
Map.adjustWithKey	4	10.01	Complete (Passed 280)
Map.insertWith	4	10.13	Complete (Passed 280)
Map.adjust	4	10.02	Complete (Passed 280)
Map.insertLookupWithKey	4	10.50	Complete (Passed 280)
Map.alter	2	4.29	Complete (Passed 30)
Map.null	7	60.19	TimeOut
Testing Map.findIndex..
Map.findIndex	2	0.14	Complete (Passed 30)
Map.findIndex	3	0.50	Complete (Passed 84)
Map.updateLookupWithKey	2	8.39	Complete (Passed 30)
Map.findIndex	4	3.59	Complete (Passed 280)
Map.alter	3	5.29	Complete (Passed 84)
Map.insert	5	40.65	Complete (Passed 918)
Map.update	4	15.02	Complete (Passed 280)
Map.updateWithKey	4	15.33	Complete (Passed 280)
Map.updateLookupWithKey	3	9.24	Complete (Passed 84)
Map.insertWithKey	5	37.59	Complete (Passed 918)
Map.alter	4	12.79	Complete (Passed 280)
Map.updateLookupWithKey	4	15.52	Complete (Passed 280)
Map.findIndex	5	26.51	Complete (Passed 918)
Map.adjustWithKey	5	36.99	Complete (Passed 918)
Map.delete	5	37.56	Complete (Passed 918)
Map.adjust	5	37.81	Complete (Passed 918)
Map.insertWith	5	39.43	Complete (Passed 918)
Map.insertLookupWithKey	5	39.88	Complete (Passed 918)
Map.update	5	48.47	Complete (Passed 918)
Map.updateWithKey	5	50.08	Complete (Passed 918)
Map.insert	6	60.01	TimeOut
Testing Map.lookupIndex..
Map.lookupIndex	2	0.20	Complete (Passed 30)
Map.lookupIndex	3	0.68	Complete (Passed 84)
Map.alter	5	52.49	Complete (Passed 918)
Map.lookupIndex	4	4.54	Complete (Passed 280)
Map.insertWithKey	6	60.00	TimeOut
Testing Map.elemAt..
Map.elemAt	2	4.68	Complete (Passed 50)
Map.updateLookupWithKey	5	51.65	Complete (Passed 918)
Map.elemAt	3	5.73	Complete (Passed 147)
Map.findIndex	6	60.01	TimeOut
Testing Map.updateAt..
Map.adjustWithKey	6	60.00	TimeOut
Testing Map.deleteAt..
Map.delete	6	60.00	TimeOut
Testing Map.findMin..
Map.adjust	6	60.01	TimeOut
Testing Map.findMax..
Map.insertWith	6	60.01	TimeOut
Testing Map.deleteMin..
Map.insertLookupWithKey	6	60.00	TimeOut
Testing Map.deleteMax..
Map.elemAt	4	12.59	Complete (Passed 504)
Map.findMin	2	4.81	Complete (Passed 10)
Map.deleteAt	2	5.07	Complete (Passed 50)
Map.findMax	2	4.20	Complete (Passed 10)
Map.deleteMin	2	4.12	Complete (Passed 10)
Map.lookupIndex	5	28.04	Complete (Passed 918)
Map.deleteMax	2	4.38	Complete (Passed 10)
Map.updateAt	2	9.63	Complete (Passed 50)
Map.findMin	3	4.45	Complete (Passed 21)
Map.findMax	3	4.30	Complete (Passed 21)
Map.deleteAt	3	5.29	Complete (Passed 147)
Map.deleteMin	3	4.36	Complete (Passed 21)
Map.deleteMax	3	4.45	Complete (Passed 21)
Map.findMin	4	4.58	Complete (Passed 56)
Map.findMax	4	4.83	Complete (Passed 56)
Map.deleteMin	4	4.84	Complete (Passed 56)
Map.deleteMax	4	5.03	Complete (Passed 56)
Map.updateAt	3	9.44	Complete (Passed 147)
Map.deleteAt	4	12.03	Complete (Passed 504)
Map.findMin	5	8.95	Complete (Passed 153)
Map.findMax	5	8.57	Complete (Passed 153)
Map.update	6	60.01	TimeOut
Testing Map.updateMin..
Map.deleteMin	5	10.29	Complete (Passed 153)
Map.updateWithKey	6	60.04	TimeOut
WARNING: timeout seems to have been ignored...
Testing Map.updateMax..
Map.deleteMax	5	10.17	Complete (Passed 153)
Map.updateMin	2	8.49	Complete (Passed 10)
Map.updateAt	4	18.73	Complete (Passed 504)
Map.updateMax	2	8.75	Complete (Passed 10)
Map.alter	6	60.00	TimeOut
Testing Map.updateMinWithKey..
Map.updateMin	3	10.07	Complete (Passed 21)
Map.updateMax	3	9.84	Complete (Passed 21)
Map.updateMinWithKey	2	9.53	Complete (Passed 10)
Map.updateLookupWithKey	6	60.00	TimeOut
Testing Map.updateMaxWithKey..
Map.findMin	6	26.19	Complete (Passed 379)
Map.findMax	6	26.41	Complete (Passed 379)
Map.updateMin	4	9.89	Complete (Passed 56)
Map.deleteMin	6	28.40	Complete (Passed 379)
Map.updateMinWithKey	3	8.32	Complete (Passed 21)
Map.updateMax	4	9.63	Complete (Passed 56)
Map.updateMaxWithKey	2	8.33	Complete (Passed 10)
Map.elemAt	5	51.92	Complete (Passed 1683)
Map.deleteMax	6	29.21	Complete (Passed 379)
Map.updateMaxWithKey	3	9.03	Complete (Passed 21)
Map.updateMinWithKey	4	10.71	Complete (Passed 56)
Map.lookupIndex	6	60.11	TimeOut
Testing Map.maxViewWithKey..
Map.updateMin	5	16.41	Complete (Passed 153)
Map.maxViewWithKey	2	3.90	Complete (Passed 10)
Map.updateMax	5	16.21	Complete (Passed 153)
Map.updateMaxWithKey	4	10.60	Complete (Passed 56)
Map.maxViewWithKey	3	4.50	Complete (Passed 21)
Map.deleteAt	5	57.20	Complete (Passed 1683)
Map.maxViewWithKey	4	5.92	Complete (Passed 56)
Map.updateMinWithKey	5	16.85	Complete (Passed 153)
Map.updateMaxWithKey	5	17.41	Complete (Passed 153)
Map.maxViewWithKey	5	10.98	Complete (Passed 153)
Map.updateAt	5	60.00	TimeOut
Testing Map.minViewWithKey..
Map.minViewWithKey	2	4.34	Complete (Passed 10)
Map.minViewWithKey	3	4.38	Complete (Passed 21)
Map.findMin	7	60.00	TimeOut
Testing Map.minView..
Map.findMax	7	60.00	TimeOut
Testing Map.maxView..
Map.minViewWithKey	4	5.99	Complete (Passed 56)
Map.minView	2	5.24	Complete (Passed 10)
Map.maxView	2	5.19	Complete (Passed 10)
Map.deleteMin	7	60.00	TimeOut
Testing Map.unions..
Map.updateMin	6	45.26	Complete (Passed 379)
Map.elemAt	6	60.00	TimeOut
Testing Map.unionsWith..
Map.deleteMax	7	60.00	TimeOut
Testing Map.union..
Map.updateMax	6	45.19	Complete (Passed 379)
Map.minView	3	4.31	Complete (Passed 21)
Map.maxView	3	4.38	Complete (Passed 21)
Map.minViewWithKey	5	9.77	Complete (Passed 153)
Map.unions	2	5.86	Complete (Passed 111)
Map.unionsWith	2	5.56	Complete (Passed 111)
Map.union	2	5.59	Complete (Passed 100)
Map.maxViewWithKey	6	29.95	Complete (Passed 379)
Map.minView	4	5.09	Complete (Passed 56)
Map.maxView	4	5.06	Complete (Passed 56)
Map.updateMinWithKey	6	43.20	Complete (Passed 379)
Map.minView	5	9.54	Complete (Passed 153)
Map.maxView	5	9.57	Complete (Passed 153)
Map.updateMaxWithKey	6	42.18	Complete (Passed 379)
Map.union	3	14.57	Complete (Passed 441)
Map.deleteAt	6	60.00	TimeOut
Testing Map.unionWith..
Map.unionWith	2	5.65	Complete (Passed 100)
Map.minViewWithKey	6	30.21	Complete (Passed 379)
Map.unionWith	3	14.11	Complete (Passed 441)
Map.maxView	6	30.49	Complete (Passed 379)
Map.minView	6	30.91	Complete (Passed 379)
Map.updateMin	7	60.01	TimeOut
Testing Map.unionWithKey..
Map.updateMax	7	60.00	TimeOut
Testing Map.difference..
Map.unions	3	60.01	TimeOut
Testing Map.differenceWith..
Map.unionWithKey	2	5.78	Complete (Passed 100)
Map.unionsWith	3	60.00	TimeOut
Testing Map.differenceWithKey..
Map.difference	2	5.57	Complete (Passed 100)
Map.maxViewWithKey	7	60.00	TimeOut
Testing Map.intersection..
Map.updateMinWithKey	7	60.01	TimeOut
Testing Map.intersectionWith..
Map.differenceWith	2	5.71	Complete (Passed 100)
Map.intersection	2	4.77	Complete (Passed 100)
Map.differenceWithKey	2	6.49	Complete (Passed 100)
Map.intersectionWith	2	4.95	Complete (Passed 100)
Map.updateMaxWithKey	7	60.07	TimeOut
WARNING: timeout seems to have been ignored...
Testing Map.intersectionWithKey..
Map.unionWithKey	3	13.93	Complete (Passed 441)
Map.difference	3	13.03	Complete (Passed 441)
Map.union	4	60.01	TimeOut
Testing Map.mergeWithKey..
Map.intersectionWithKey	2	5.57	Complete (Passed 100)
Map.intersection	3	13.24	Complete (Passed 441)
Map.differenceWith	3	15.00	Complete (Passed 441)
Map.intersectionWith	3	12.34	Complete (Passed 441)
Map.differenceWithKey	3	15.75	Complete (Passed 441)
Map.minViewWithKey	7	60.01	TimeOut
Testing Map.isSubmapOf..
Map.intersectionWithKey	3	11.84	Complete (Passed 441)
Map.mergeWithKey	2	17.47	Complete (Passed 100)
Map.unionWith	4	60.01	TimeOut
Testing Map.isSubmapOfBy..
Map.isSubmapOf	2	9.56	Complete (Passed 100)
Map.maxView	7	60.00	TimeOut
Testing Map.isProperSubmapOf..
Map.minView	7	60.00	TimeOut
Testing Map.isProperSubmapOfBy..
Map.isProperSubmapOf	2	8.97	Complete (Passed 100)
Map.isSubmapOf	3	14.91	Complete (Passed 441)
Map.isProperSubmapOf	3	15.21	Complete (Passed 441)
Map.unionWithKey	4	60.01	TimeOut
Testing Map.filter..
Map.difference	4	60.00	TimeOut
Testing Map.filterWithKey..
Map.intersection	4	60.01	TimeOut
Testing Map.partition..
Map.differenceWith	4	60.04	TimeOut
Testing Map.partitionWithKey..
Map.intersectionWith	4	60.00	TimeOut
Testing Map.mapMaybe..
Map.differenceWithKey	4	60.00	TimeOut
Testing Map.mapMaybeWithKey..
Map.mapMaybe	2	8.27	Complete (Passed 10)
Map.mapMaybeWithKey	2	8.36	Complete (Passed 10)
Map.intersectionWithKey	4	60.00	TimeOut
Testing Map.mapEither..
Map.mergeWithKey	3	60.01	TimeOut
WARNING: timeout seems to have been ignored...
Testing Map.mapEitherWithKey..
Map.partition	2	16.62	Complete (Passed 10)
Map.partitionWithKey	2	16.25	Complete (Passed 10)
Map.mapMaybe	3	8.47	Complete (Passed 21)
Map.mapMaybeWithKey	3	8.65	Complete (Passed 21)
Map.isProperSubmapOfBy	2	58.49	Complete (Passed 100)
Map.mapEither	2	16.85	Complete (Passed 10)
Map.mapMaybe	4	9.53	Complete (Passed 56)
Map.mapEitherWithKey	2	16.12	Complete (Passed 10)
Map.mapMaybeWithKey	4	10.16	Complete (Passed 56)
Map.partitionWithKey	3	16.88	Complete (Passed 21)
Map.partition	3	17.28	Complete (Passed 21)
Map.isSubmapOf	4	60.00	TimeOut
Testing Map.map..
Map.filter	2	44.30	Complete (Passed 10)
Map.map	2	4.41	Complete (Passed 10)
Map.map	3	4.16	Complete (Passed 21)
Map.mapMaybe	5	14.74	Complete (Passed 153)
Map.mapEither	3	16.57	Complete (Passed 21)
Map.mapEitherWithKey	3	17.53	Complete (Passed 21)
Map.isProperSubmapOf	4	60.07	TimeOut
Testing Map.mapWithKey..
Map.map	4	5.45	Complete (Passed 56)
Map.mapMaybeWithKey	5	19.51	Complete (Passed 153)
Map.mapWithKey	2	3.97	Complete (Passed 10)
Map.partition	4	17.97	Complete (Passed 56)
Map.partitionWithKey	4	18.63	Complete (Passed 56)
Map.mapWithKey	3	4.38	Complete (Passed 21)
Map.map	5	10.07	Complete (Passed 153)
Map.mapWithKey	4	5.25	Complete (Passed 56)
Map.filterWithKey	2	68.24	TimeOut
WARNING: timeout seems to have been ignored...
Testing Map.mapAccum..
Map.mapEither	4	18.25	Complete (Passed 56)
Map.mapEitherWithKey	4	18.25	Complete (Passed 56)
Map.mapAccum	2	4.21	Complete (Passed 10)
Map.mapWithKey	5	9.60	Complete (Passed 153)
Map.mapAccum	3	4.00	Complete (Passed 21)
Map.partition	5	23.63	Complete (Passed 153)
Map.mapAccum	4	5.46	Complete (Passed 56)
Map.partitionWithKey	5	26.71	Complete (Passed 153)
Map.mapMaybe	6	38.14	Complete (Passed 379)
Map.map	6	26.84	Complete (Passed 379)
Map.mapAccum	5	9.80	Complete (Passed 153)
Map.mapEither	5	24.13	Complete (Passed 153)
Map.mapEitherWithKey	5	28.63	Complete (Passed 153)
Map.mapWithKey	6	28.51	Complete (Passed 379)
Map.mapMaybeWithKey	6	60.05	TimeOut
WARNING: timeout seems to have been ignored...
Testing Map.mapAccumWithKey..
Map.mapAccumWithKey	2	4.64	Complete (Passed 10)
Map.mapAccum	6	28.80	Complete (Passed 379)
Map.mapAccumWithKey	3	4.91	Complete (Passed 21)
Map.mapAccumWithKey	4	5.59	Complete (Passed 56)
Map.partition	6	51.20	Complete (Passed 379)
Map.isSubmapOfBy	2	169.66	TimeOut
WARNING: timeout seems to have been ignored...
Testing Map.mapAccumRWithKey..
Map.filter	3	89.99	TimeOut
WARNING: timeout seems to have been ignored...
Testing Map.mapKeys..
Map.mapKeys	2	3.78	Complete (Passed 10)
Map.mapAccumRWithKey	2	4.11	Complete (Passed 10)
Map.mapAccumWithKey	5	10.58	Complete (Passed 153)
Map.mapKeys	3	4.49	Complete (Passed 21)
Map.mapAccumRWithKey	3	4.46	Complete (Passed 21)
Map.mapEither	6	51.28	Complete (Passed 379)
Map.partitionWithKey	6	60.00	TimeOut
Testing Map.mapKeysWith..
Map.mapMaybe	7	60.00	TimeOut
Testing Map.mapKeysMonotonic..
Map.mapAccumRWithKey	4	5.34	Complete (Passed 56)
Map.mapKeys	4	6.19	Complete (Passed 56)
Map.mapKeysWith	2	4.68	Complete (Passed 10)
Map.map	7	60.00	TimeOut
Testing Map.foldr..
Map.mapKeysMonotonic	2	5.16	Complete (Passed 10)
Map.mapKeysWith	3	4.77	Complete (Passed 21)
Map.foldr	2	4.64	Complete (Passed 10)
Map.mapKeysMonotonic	3	4.26	Complete (Passed 21)
Map.mapAccumRWithKey	5	10.12	Complete (Passed 153)
Map.mapEitherWithKey	6	60.01	TimeOut
Testing Map.foldr'..
Map.foldr	3	4.51	Complete (Passed 21)
Map.mapKeysWith	4	6.33	Complete (Passed 56)
Map.mapKeys	5	14.49	Complete (Passed 153)
Map.foldr'	2	4.20	Complete (Passed 10)
Map.mapKeysMonotonic	4	7.00	Complete (Passed 56)
Map.mapWithKey	7	60.00	TimeOut
Testing Map.foldl..
Map.foldr	4	5.06	Complete (Passed 56)
Map.foldr'	3	4.68	Complete (Passed 21)
Map.foldl	2	4.35	Complete (Passed 10)
Map.mapAccumWithKey	6	29.91	Complete (Passed 379)
Map.foldl	3	5.10	Complete (Passed 21)
Map.foldr'	4	6.46	Complete (Passed 56)
Map.mapKeysWith	5	15.40	Complete (Passed 153)
Map.foldr	5	10.93	Complete (Passed 153)
Map.foldl	4	5.61	Complete (Passed 56)
Map.mapKeysMonotonic	5	16.61	Complete (Passed 153)
Map.mapAccum	7	60.00	TimeOut
Testing Map.foldl'..
Map.foldl'	2	5.33	Complete (Passed 10)
Map.foldr'	5	11.44	Complete (Passed 153)
Map.mapAccumRWithKey	6	31.16	Complete (Passed 379)
Map.foldl	5	11.36	Complete (Passed 153)
Map.foldl'	3	5.35	Complete (Passed 21)
Map.partition	7	60.00	TimeOut
Testing Map.foldrWithKey..
Map.foldrWithKey	2	4.46	Complete (Passed 10)
Map.foldl'	4	6.12	Complete (Passed 56)
Map.foldrWithKey	3	5.37	Complete (Passed 21)
Map.mapEither	7	60.00	TimeOut
Testing Map.foldrWithKey'..
Map.foldrWithKey	4	6.16	Complete (Passed 56)
Map.foldrWithKey'	2	4.48	Complete (Passed 10)
Map.foldl'	5	11.84	Complete (Passed 153)
Map.foldr	6	37.57	Complete (Passed 379)
Map.foldrWithKey'	3	5.31	Complete (Passed 21)
Map.foldrWithKey	5	11.77	Complete (Passed 153)
Map.foldrWithKey'	4	6.45	Complete (Passed 56)
Map.mapKeys	6	60.00	TimeOut
Testing Map.foldlWithKey..
Map.foldr'	6	37.68	Complete (Passed 379)
Map.foldlWithKey	2	4.63	Complete (Passed 10)
Map.foldl	6	37.94	Complete (Passed 379)
Map.mapAccumWithKey	7	60.00	TimeOut
Testing Map.foldlWithKey'..
Map.foldrWithKey'	5	11.88	Complete (Passed 153)
Map.foldlWithKey	3	5.38	Complete (Passed 21)
Map.foldlWithKey'	2	4.72	Complete (Passed 10)
Map.mapKeysWith	6	60.03	TimeOut
WARNING: timeout seems to have been ignored...
Testing Map.elems..
Map.foldlWithKey	4	5.76	Complete (Passed 56)
Map.foldlWithKey'	3	4.85	Complete (Passed 21)
Map.mapKeysMonotonic	6	60.01	TimeOut
Testing Map.keys..
Map.keys	2	0.12	Complete (Passed 10)
Map.keys	3	0.51	Complete (Passed 21)
Map.elems	2	5.44	Complete (Passed 10)
Map.keys	4	1.25	Complete (Passed 56)
Map.elems	3	4.19	Complete (Passed 21)
Map.foldlWithKey'	4	5.39	Complete (Passed 56)
Map.foldl'	6	37.10	Complete (Passed 379)
Map.keys	5	4.80	Complete (Passed 153)
Map.mapAccumRWithKey	7	60.15	TimeOut
Testing Map.assocs..
Map.foldlWithKey	5	11.44	Complete (Passed 153)
Map.elems	4	6.08	Complete (Passed 56)
Map.assocs	2	4.50	Complete (Passed 10)
Map.foldrWithKey	6	36.20	Complete (Passed 379)
Map.foldlWithKey'	5	11.70	Complete (Passed 153)
Map.assocs	3	5.25	Complete (Passed 21)
Map.elems	5	9.81	Complete (Passed 153)
Map.assocs	4	6.26	Complete (Passed 56)
Map.foldrWithKey'	6	36.13	Complete (Passed 379)
Map.keys	6	24.63	Complete (Passed 379)
Map.foldr	7	60.00	TimeOut
Testing Map.fromList..
Map.assocs	5	10.76	Complete (Passed 153)
Map.fromList	2	4.36	Complete (Passed 13)
Map.fromList	3	5.75	Complete (Passed 85)
Map.foldr'	7	60.10	TimeOut
WARNING: timeout seems to have been ignored...
Testing Map.fromListWith..
Map.foldlWithKey	6	37.39	Complete (Passed 379)
Map.fromListWith	2	4.26	Complete (Passed 13)
Map.foldl	7	60.09	TimeOut
WARNING: timeout seems to have been ignored...
Testing Map.fromListWithKey..
Map.elems	6	29.89	Complete (Passed 379)
Map.fromListWith	3	5.27	Complete (Passed 85)
Map.fromListWithKey	2	4.87	Complete (Passed 13)
Map.foldlWithKey'	6	37.08	Complete (Passed 379)
Map.fromList	4	14.94	Complete (Passed 781)
Map.fromListWithKey	3	4.67	Complete (Passed 85)
Map.assocs	6	30.29	Complete (Passed 379)
Map.foldl'	7	60.11	TimeOut
WARNING: timeout seems to have been ignored...
Testing Map.toList..
Map.fromListWith	4	15.46	Complete (Passed 781)
Map.toList	2	4.13	Complete (Passed 10)
Map.fromListWithKey	4	15.18	Complete (Passed 781)
Map.toList	3	4.75	Complete (Passed 21)
Map.foldrWithKey	7	60.01	TimeOut
Testing Map.toAscList..
Map.toAscList	2	4.02	Complete (Passed 10)
Map.toList	4	5.18	Complete (Passed 56)
Map.toAscList	3	4.52	Complete (Passed 21)
Map.foldrWithKey'	7	60.11	TimeOut
WARNING: timeout seems to have been ignored...
Testing Map.toDescList..
Map.toAscList	4	5.57	Complete (Passed 56)
Map.toList	5	10.18	Complete (Passed 153)
Map.keys	7	60.00	TimeOut
Testing Map.fromAscList..
Map.toDescList	2	4.70	Complete (Passed 10)
Map.fromAscList	2	3.65	Complete (Passed 10)
Map.toDescList	3	4.66	Complete (Passed 21)
Map.fromAscList	3	4.82	Complete (Passed 35)
Map.toAscList	5	10.23	Complete (Passed 153)
Map.toDescList	4	6.55	Complete (Passed 56)
Map.fromAscList	4	5.49	Complete (Passed 126)
Map.foldlWithKey	7	60.07	TimeOut
WARNING: timeout seems to have been ignored...
Testing Map.fromAscListWith..
Map.isProperSubmapOfBy	3	321.81	TimeOut
WARNING: timeout seems to have been ignored...
Testing Map.fromAscListWithKey..
Map.elems	7	60.00	TimeOut
Testing Map.fromDistinctAscList..
Map.fromAscListWith	2	4.38	Complete (Passed 10)
Map.fromAscListWithKey	2	4.42	Complete (Passed 10)
Map.foldlWithKey'	7	60.00	TimeOut
Testing Map.split..
Map.toDescList	5	10.37	Complete (Passed 153)
Map.fromDistinctAscList	2	4.77	Complete (Passed 7)
Map.fromAscList	5	10.86	Complete (Passed 462)
Map.fromAscListWith	3	5.38	Complete (Passed 35)
Map.fromAscListWithKey	3	4.55	Complete (Passed 35)
Map.split	2	4.76	Complete (Passed 30)
Map.toList	6	28.73	Complete (Passed 379)
Map.fromDistinctAscList	3	3.94	Complete (Passed 15)
Map.fromAscListWith	4	4.97	Complete (Passed 126)
Map.fromAscListWithKey	4	5.52	Complete (Passed 126)
Map.fromDistinctAscList	4	4.52	Complete (Passed 31)
Map.split	3	5.26	Complete (Passed 84)
Map.assocs	7	60.01	TimeOut
Testing Map.splitLookup..
Map.fromListWith	5	60.01	TimeOut
Map.fromDistinctAscList	5	4.75	Complete (Passed 63)
Map.toAscList	6	28.88	Complete (Passed 379)
Map.splitLookup	2	4.06	Complete (Passed 30)
Map.fromAscListWith	5	10.65	Complete (Passed 462)
Map.fromAscListWithKey	5	10.27	Complete (Passed 462)
Map.fromListWithKey	5	60.00	TimeOut
Map.split	4	9.93	Complete (Passed 280)
Map.fromDistinctAscList	6	6.40	Complete (Passed 127)
Map.splitLookup	3	5.32	Complete (Passed 84)
Map.toDescList	6	27.32	Complete (Passed 379)
Map.fromDistinctAscList	7	7.24	Complete (Passed 255)
Map.splitLookup	4	8.75	Complete (Passed 280)
Map.fromAscList	6	30.09	Complete (Passed 1716)
Map.fromDistinctAscList	8	12.39	Complete (Passed 511)
Map.fromAscListWith	6	28.32	Complete (Passed 1716)
Map.fromAscListWithKey	6	28.86	Complete (Passed 1716)
Map.split	5	33.86	Complete (Passed 918)
Map.splitLookup	5	33.99	Complete (Passed 918)
Map.toList	7	60.00	TimeOut
Map.fromDistinctAscList	9	25.40	Complete (Passed 1023)
Map.toAscList	7	60.01	TimeOut
Map.toDescList	7	60.01	TimeOut
Map.fromAscList	7	60.01	TimeOut
Map.fromAscListWith	7	60.01	TimeOut
Map.fromAscListWithKey	7	60.00	TimeOut
Map.fromDistinctAscList	10	44.87	Complete (Passed 2047)
Map.split	6	60.00	TimeOut
Map.splitLookup	6	60.01	TimeOut
Map.fromList	5	188.03	TimeOut
WARNING: timeout seems to have been ignored...
Map.fromDistinctAscList	11	60.05	TimeOut
done

