Testing RBTree.add..
Testing RBTree.ins..
Testing RBTree.remove..
Testing RBTree.del..
RBTree.remove	2	0.12	Complete (Passed 48)
RBTree.del	2	0.15	Complete (Passed 48)
RBTree.add	2	0.17	Complete (Passed 48)
RBTree.ins	2	0.18	Complete (Passed 48)
RBTree.remove	3	0.68	Complete (Passed 164)
RBTree.del	3	0.80	Complete (Passed 164)
RBTree.add	3	0.78	Complete (Passed 164)
RBTree.ins	3	0.82	Complete (Passed 164)
RBTree.remove	4	4.98	Complete (Passed 575)
RBTree.add	4	5.41	Complete (Passed 575)
RBTree.del	4	5.56	Complete (Passed 575)
RBTree.ins	4	6.06	Complete (Passed 575)
RBTree.remove	5	32.85	Complete (Passed 1962)
RBTree.del	5	33.00	Complete (Passed 1962)
RBTree.add	5	33.77	Complete (Passed 1962)
RBTree.ins	5	34.88	Complete (Passed 1962)
RBTree.remove	6	202.47	Complete (Passed 6377)
RBTree.del	6	205.48	Complete (Passed 6377)
RBTree.add	6	206.98	Complete (Passed 6377)
RBTree.ins	6	208.65	Complete (Passed 6377)
RBTree.remove	7	1434.42	Complete (Passed 19912)
RBTree.del	7	1450.44	Complete (Passed 19912)
RBTree.add	7	1454.40	Complete (Passed 19912)
RBTree.ins	7	1461.80	Complete (Passed 19912)
RBTree.remove	8	1500.10	TimeOut
Testing RBTree.append..
RBTree.append	2	0.11	Complete (Passed 11)
RBTree.append	3	0.33	Complete (Passed 28)
RBTree.append	4	1.45	Complete (Passed 73)
RBTree.append	5	6.36	Complete (Passed 200)
RBTree.del	8	1500.01	TimeOut
Testing RBTree.deleteMin..
RBTree.deleteMin	2	0.09	Complete (Passed 16)
RBTree.deleteMin	3	0.27	Complete (Passed 41)
RBTree.deleteMin	4	1.30	Complete (Passed 115)
RBTree.add	8	1500.01	TimeOut
Testing RBTree.lbalS..
RBTree.lbalS	2	0.08	Complete (Passed 6)
RBTree.lbalS	3	0.34	Complete (Passed 24)
RBTree.deleteMin	5	5.51	Complete (Passed 327)
RBTree.lbalS	4	1.73	Complete (Passed 82)
RBTree.lbalS	5	8.05	Complete (Passed 259)
RBTree.ins	8	1500.00	TimeOut
Testing RBTree.rbalS..
RBTree.rbalS	2	0.09	Complete (Passed 6)
RBTree.rbalS	3	0.33	Complete (Passed 24)
RBTree.rbalS	4	1.88	Complete (Passed 82)
RBTree.append	6	34.49	Complete (Passed 572)
RBTree.rbalS	5	8.29	Complete (Passed 259)
RBTree.deleteMin	6	28.67	Complete (Passed 911)
RBTree.lbalS	6	46.39	Complete (Passed 780)
RBTree.rbalS	6	46.50	Complete (Passed 780)
RBTree.deleteMin	7	149.17	Complete (Passed 2489)
RBTree.append	7	202.66	Complete (Passed 1672)
RBTree.lbalS	7	269.58	Complete (Passed 2273)
RBTree.rbalS	7	273.99	Complete (Passed 2273)
RBTree.deleteMin	8	775.42	Complete (Passed 6753)
RBTree.append	8	1260.67	Complete (Passed 4887)
RBTree.lbalS	8	1500.10	TimeOut
Testing RBTree.rbal..
RBTree.rbal	2	0.14	Complete (Passed 13)
RBTree.rbal	3	0.45	Complete (Passed 39)
RBTree.rbal	4	2.29	Complete (Passed 109)
RBTree.rbalS	8	1491.64	Complete (Passed 6477)
RBTree.rbal	5	8.17	Complete (Passed 291)
RBTree.rbal	6	37.65	Complete (Passed 770)
RBTree.rbal	7	237.85	Complete (Passed 2082)
RBTree.deleteMin	9	1500.10	TimeOut
Testing RBTree.makeRed..
RBTree.makeRed	2	0.05	Complete (Passed 11)
RBTree.makeRed	3	0.17	Complete (Passed 28)
RBTree.makeRed	4	0.55	Complete (Passed 73)
RBTree.makeRed	5	2.66	Complete (Passed 200)
RBTree.makeRed	6	13.38	Complete (Passed 572)
RBTree.makeRed	7	80.80	Complete (Passed 1672)
RBTree.append	9	1500.03	TimeOut
Testing RBTree.lbal..
RBTree.lbal	2	0.08	Complete (Passed 13)
RBTree.lbal	3	0.32	Complete (Passed 39)
RBTree.lbal	4	1.52	Complete (Passed 109)
RBTree.lbal	5	6.70	Complete (Passed 291)
RBTree.makeRed	8	451.87	Complete (Passed 4887)
RBTree.lbal	6	35.81	Complete (Passed 770)
RBTree.lbal	7	199.83	Complete (Passed 2082)
RBTree.rbalS	9	1500.02	TimeOut
Testing RBTree.makeBlack..
RBTree.makeBlack	2	0.08	Complete (Passed 23)
RBTree.makeBlack	3	0.28	Complete (Passed 57)
RBTree.makeBlack	4	1.09	Complete (Passed 147)
RBTree.makeBlack	5	5.02	Complete (Passed 401)
RBTree.makeBlack	6	28.17	Complete (Passed 1145)
RBTree.rbal	8	1340.47	Complete (Passed 5834)
RBTree.makeBlack	7	153.63	Complete (Passed 3345)
RBTree.lbal	8	1123.80	Complete (Passed 5834)
RBTree.makeRed	9	1500.10	TimeOut
RBTree.makeBlack	8	1011.35	Complete (Passed 9775)
RBTree.rbal	9	1500.04	TimeOut
RBTree.lbal	9	1500.10	TimeOut
RBTree.makeBlack	9	1500.04	TimeOut
done

