Testing RBTree.ins..
Testing RBTree.add..
Testing RBTree.remove..
Testing RBTree.del..
RBTree.remove	2	0.10	Complete (Passed 48)
RBTree.del	2	0.11	Complete (Passed 48)
RBTree.add	2	0.12	Complete (Passed 48)
RBTree.ins	2	0.14	Complete (Passed 48)
RBTree.remove	3	1.02	Complete (Passed 164)
RBTree.del	3	1.10	Complete (Passed 164)
RBTree.add	3	1.20	Complete (Passed 164)
RBTree.ins	3	1.23	Complete (Passed 164)
RBTree.remove	4	6.26	Complete (Passed 575)
RBTree.del	4	6.60	Complete (Passed 575)
RBTree.add	4	6.57	Complete (Passed 575)
RBTree.ins	4	6.85	Complete (Passed 575)
RBTree.remove	5	42.03	Complete (Passed 1962)
RBTree.add	5	43.12	Complete (Passed 1962)
RBTree.del	5	43.37	Complete (Passed 1962)
RBTree.ins	5	44.47	Complete (Passed 1962)
RBTree.remove	6	60.06	TimeOut
Testing RBTree.append..
RBTree.append	2	0.11	Complete (Passed 11)
RBTree.append	3	0.39	Complete (Passed 28)
RBTree.add	6	60.00	TimeOut
Testing RBTree.deleteMin..
RBTree.deleteMin	2	0.09	Complete (Passed 16)
RBTree.del	6	60.00	TimeOut
Testing RBTree.lbalS..
RBTree.lbalS	2	0.10	Complete (Passed 6)
RBTree.deleteMin	3	0.34	Complete (Passed 41)
RBTree.append	4	1.59	Complete (Passed 73)
RBTree.lbalS	3	0.41	Complete (Passed 24)
RBTree.ins	6	60.00	TimeOut
Testing RBTree.rbalS..
RBTree.rbalS	2	0.10	Complete (Passed 6)
RBTree.deleteMin	4	1.41	Complete (Passed 115)
RBTree.rbalS	3	0.37	Complete (Passed 24)
RBTree.lbalS	4	1.93	Complete (Passed 82)
RBTree.rbalS	4	1.89	Complete (Passed 82)
RBTree.append	5	7.12	Complete (Passed 200)
RBTree.deleteMin	5	6.80	Complete (Passed 327)
RBTree.lbalS	5	9.28	Complete (Passed 259)
RBTree.rbalS	5	9.78	Complete (Passed 259)
RBTree.deleteMin	6	29.53	Complete (Passed 911)
RBTree.append	6	35.96	Complete (Passed 572)
RBTree.lbalS	6	50.38	Complete (Passed 780)
RBTree.rbalS	6	48.42	Complete (Passed 780)
RBTree.deleteMin	7	60.04	TimeOut
Testing RBTree.lbal..
RBTree.lbal	2	0.16	Complete (Passed 13)
RBTree.lbal	3	0.56	Complete (Passed 39)
RBTree.lbal	4	2.66	Complete (Passed 109)
RBTree.append	7	60.00	TimeOut
Testing RBTree.rbal..
RBTree.rbal	2	0.14	Complete (Passed 13)
RBTree.rbal	3	0.57	Complete (Passed 39)
RBTree.rbal	4	2.46	Complete (Passed 109)
RBTree.lbal	5	10.58	Complete (Passed 291)
RBTree.rbal	5	9.92	Complete (Passed 291)
RBTree.lbalS	7	60.00	TimeOut
Testing RBTree.makeRed..
RBTree.rbalS	7	60.00	TimeOut
Testing RBTree.makeBlack..
RBTree.makeRed	2	0.07	Complete (Passed 11)
RBTree.makeBlack	2	0.23	Complete (Passed 23)
RBTree.makeRed	3	0.30	Complete (Passed 28)
RBTree.makeBlack	3	0.37	Complete (Passed 57)
RBTree.makeRed	4	0.83	Complete (Passed 73)
RBTree.makeBlack	4	1.45	Complete (Passed 147)
RBTree.makeRed	5	4.66	Complete (Passed 200)
RBTree.makeBlack	5	8.24	Complete (Passed 401)
RBTree.makeRed	6	21.39	Complete (Passed 572)
RBTree.lbal	6	51.61	Complete (Passed 770)
RBTree.rbal	6	53.57	Complete (Passed 770)
RBTree.makeBlack	6	43.09	Complete (Passed 1145)
RBTree.makeRed	7	60.03	TimeOut
RBTree.lbal	7	60.01	TimeOut
RBTree.rbal	7	60.01	TimeOut
RBTree.makeBlack	7	60.01	TimeOut
done

