Testing RBTree.add..
Testing RBTree.ins..
Testing RBTree.remove..
Testing RBTree.del..
RBTree.remove	2	0.14	Complete (Passed 48)
RBTree.add	2	0.20	Complete (Passed 48)
RBTree.del	2	0.21	Complete (Passed 48)
RBTree.ins	2	0.23	Complete (Passed 48)
RBTree.remove	3	1.04	Complete (Passed 164)
RBTree.del	3	1.01	Complete (Passed 164)
RBTree.add	3	1.24	Complete (Passed 164)
RBTree.ins	3	1.23	Complete (Passed 164)
RBTree.remove	4	7.17	Complete (Passed 575)
RBTree.del	4	7.37	Complete (Passed 575)
RBTree.add	4	7.40	Complete (Passed 575)
RBTree.ins	4	8.03	Complete (Passed 575)
RBTree.remove	5	45.89	Complete (Passed 1962)
RBTree.del	5	47.54	Complete (Passed 1962)
RBTree.add	5	47.92	Complete (Passed 1962)
RBTree.ins	5	48.33	Complete (Passed 1962)
RBTree.remove	6	233.28	Complete (Passed 6377)
RBTree.add	6	235.48	Complete (Passed 6377)
RBTree.del	6	236.60	Complete (Passed 6377)
RBTree.ins	6	240.42	Complete (Passed 6377)
RBTree.remove	7	600.10	TimeOut
Testing RBTree.append..
RBTree.append	2	0.12	Complete (Passed 11)
RBTree.append	3	0.43	Complete (Passed 28)
RBTree.append	4	1.68	Complete (Passed 73)
RBTree.add	7	600.00	TimeOut
Testing RBTree.deleteMin..
RBTree.deleteMin	2	0.09	Complete (Passed 16)
RBTree.deleteMin	3	0.31	Complete (Passed 41)
RBTree.del	7	600.00	TimeOut
Testing RBTree.lbalS..
RBTree.lbalS	2	0.10	Complete (Passed 6)
RBTree.lbalS	3	0.38	Complete (Passed 24)
RBTree.deleteMin	4	1.14	Complete (Passed 115)
RBTree.lbalS	4	1.86	Complete (Passed 82)
RBTree.append	5	6.69	Complete (Passed 200)
RBTree.ins	7	600.00	TimeOut
Testing RBTree.rbalS..
RBTree.rbalS	2	0.11	Complete (Passed 6)
RBTree.rbalS	3	0.37	Complete (Passed 24)
RBTree.deleteMin	5	5.84	Complete (Passed 327)
RBTree.rbalS	4	1.48	Complete (Passed 82)
RBTree.lbalS	5	8.47	Complete (Passed 259)
RBTree.rbalS	5	8.62	Complete (Passed 259)
RBTree.deleteMin	6	29.54	Complete (Passed 911)
RBTree.append	6	34.68	Complete (Passed 572)
RBTree.lbalS	6	50.72	Complete (Passed 780)
RBTree.rbalS	6	50.52	Complete (Passed 780)
RBTree.deleteMin	7	181.64	Complete (Passed 2489)
RBTree.append	7	251.25	Complete (Passed 1672)
RBTree.lbalS	7	342.78	Complete (Passed 2273)
RBTree.rbalS	7	352.29	Complete (Passed 2273)
RBTree.deleteMin	8	600.10	TimeOut
Testing RBTree.lbal..
RBTree.lbal	2	0.11	Complete (Passed 13)
RBTree.lbal	3	0.50	Complete (Passed 39)
RBTree.lbal	4	2.01	Complete (Passed 109)
RBTree.lbal	5	9.24	Complete (Passed 291)
RBTree.lbal	6	46.42	Complete (Passed 770)
RBTree.append	8	600.01	TimeOut
Testing RBTree.rbal..
RBTree.rbal	2	0.13	Complete (Passed 13)
RBTree.rbal	3	0.51	Complete (Passed 39)
RBTree.rbal	4	2.37	Complete (Passed 109)
RBTree.rbal	5	9.83	Complete (Passed 291)
RBTree.rbal	6	48.31	Complete (Passed 770)
RBTree.lbalS	8	600.05	TimeOut
Testing RBTree.makeRed..
RBTree.makeRed	2	0.08	Complete (Passed 11)
RBTree.makeRed	3	0.25	Complete (Passed 28)
RBTree.makeRed	4	0.81	Complete (Passed 73)
RBTree.makeRed	5	3.50	Complete (Passed 200)
RBTree.rbalS	8	600.01	TimeOut
Testing RBTree.makeBlack..
RBTree.makeBlack	2	0.14	Complete (Passed 23)
RBTree.makeBlack	3	0.44	Complete (Passed 57)
RBTree.makeBlack	4	1.77	Complete (Passed 147)
RBTree.makeBlack	5	8.42	Complete (Passed 401)
RBTree.makeRed	6	20.88	Complete (Passed 572)
RBTree.makeBlack	6	43.43	Complete (Passed 1145)
RBTree.makeRed	7	116.54	Complete (Passed 1672)
RBTree.lbal	7	279.91	Complete (Passed 2082)
RBTree.rbal	7	282.51	Complete (Passed 2082)
RBTree.makeBlack	7	243.19	Complete (Passed 3345)
RBTree.makeRed	8	600.10	TimeOut
RBTree.lbal	8	600.01	TimeOut
RBTree.rbal	8	600.02	TimeOut
RBTree.makeBlack	8	600.07	TimeOut
done

