Testing RBTree.add..
Testing RBTree.ins..
Testing RBTree.remove..
Testing RBTree.del..
RBTree.ins	2	0.17	Complete (Passed 48)
RBTree.add	2	0.18	Complete (Passed 48)
RBTree.del	2	0.18	Complete (Passed 48)
RBTree.remove	2	0.19	Complete (Passed 48)
RBTree.add	3	0.75	Complete (Passed 164)
RBTree.remove	3	0.74	Complete (Passed 164)
RBTree.ins	3	0.83	Complete (Passed 164)
RBTree.del	3	0.89	Complete (Passed 164)
RBTree.remove	4	6.21	Complete (Passed 575)
RBTree.add	4	6.77	Complete (Passed 575)
RBTree.del	4	6.71	Complete (Passed 575)
RBTree.ins	4	7.04	Complete (Passed 575)
RBTree.remove	5	41.59	Complete (Passed 1962)
RBTree.add	5	43.00	Complete (Passed 1962)
RBTree.del	5	43.86	Complete (Passed 1962)
RBTree.ins	5	45.02	Complete (Passed 1962)
RBTree.remove	6	258.55	Complete (Passed 6377)
RBTree.add	6	264.55	Complete (Passed 6377)
RBTree.del	6	265.02	Complete (Passed 6377)
RBTree.ins	6	270.63	Complete (Passed 6377)
RBTree.remove	7	900.10	TimeOut
Testing RBTree.append..
RBTree.append	2	0.10	Complete (Passed 11)
RBTree.append	3	0.27	Complete (Passed 28)
RBTree.append	4	1.52	Complete (Passed 73)
RBTree.add	7	900.01	TimeOut
Testing RBTree.deleteMin..
RBTree.deleteMin	2	0.10	Complete (Passed 16)
RBTree.deleteMin	3	0.43	Complete (Passed 41)
RBTree.append	5	6.78	Complete (Passed 200)
RBTree.del	7	900.00	TimeOut
Testing RBTree.lbalS..
RBTree.lbalS	2	0.11	Complete (Passed 6)
RBTree.deleteMin	4	1.40	Complete (Passed 115)
RBTree.lbalS	3	0.44	Complete (Passed 24)
RBTree.lbalS	4	2.02	Complete (Passed 82)
RBTree.deleteMin	5	6.11	Complete (Passed 327)
RBTree.ins	7	900.00	TimeOut
Testing RBTree.rbalS..
RBTree.rbalS	2	0.12	Complete (Passed 6)
RBTree.rbalS	3	0.50	Complete (Passed 24)
RBTree.rbalS	4	1.88	Complete (Passed 82)
RBTree.lbalS	5	9.49	Complete (Passed 259)
RBTree.rbalS	5	10.00	Complete (Passed 259)
RBTree.append	6	39.08	Complete (Passed 572)
RBTree.deleteMin	6	32.08	Complete (Passed 911)
RBTree.lbalS	6	50.29	Complete (Passed 780)
RBTree.rbalS	6	49.25	Complete (Passed 780)
RBTree.deleteMin	7	162.81	Complete (Passed 2489)
RBTree.append	7	221.74	Complete (Passed 1672)
RBTree.lbalS	7	299.37	Complete (Passed 2273)
RBTree.rbalS	7	310.61	Complete (Passed 2273)
RBTree.deleteMin	8	856.61	Complete (Passed 6753)
RBTree.append	8	900.10	TimeOut
Testing RBTree.lbal..
RBTree.lbal	2	0.10	Complete (Passed 13)
RBTree.lbal	3	0.35	Complete (Passed 39)
RBTree.lbal	4	2.34	Complete (Passed 109)
RBTree.lbal	5	9.17	Complete (Passed 291)
RBTree.lbal	6	43.85	Complete (Passed 770)
RBTree.lbalS	8	900.05	TimeOut
Testing RBTree.rbal..
RBTree.rbal	2	0.15	Complete (Passed 13)
RBTree.rbal	3	0.53	Complete (Passed 39)
RBTree.rbal	4	2.25	Complete (Passed 109)
RBTree.rbal	5	10.01	Complete (Passed 291)
RBTree.rbalS	8	900.00	TimeOut
Testing RBTree.makeRed..
RBTree.makeRed	2	0.10	Complete (Passed 11)
RBTree.makeRed	3	0.26	Complete (Passed 28)
RBTree.makeRed	4	1.05	Complete (Passed 73)
RBTree.makeRed	5	4.16	Complete (Passed 200)
RBTree.makeRed	6	19.53	Complete (Passed 572)
RBTree.rbal	6	50.32	Complete (Passed 770)
RBTree.makeRed	7	106.85	Complete (Passed 1672)
RBTree.lbal	7	265.34	Complete (Passed 2082)
RBTree.rbal	7	263.97	Complete (Passed 2082)
RBTree.deleteMin	9	900.10	TimeOut
Testing RBTree.makeBlack..
RBTree.makeBlack	2	0.09	Complete (Passed 23)
RBTree.makeBlack	3	0.32	Complete (Passed 57)
RBTree.makeBlack	4	1.48	Complete (Passed 147)
RBTree.makeBlack	5	8.84	Complete (Passed 401)
RBTree.makeBlack	6	41.77	Complete (Passed 1145)
RBTree.makeRed	8	667.26	Complete (Passed 4887)
RBTree.makeBlack	7	207.19	Complete (Passed 3345)
RBTree.lbal	8	900.10	TimeOut
RBTree.rbal	8	900.04	TimeOut
RBTree.makeRed	9	900.10	TimeOut
RBTree.makeBlack	8	900.09	TimeOut
done

