Testing RBTree.add..
Testing RBTree.ins..
Testing RBTree.remove..
Testing RBTree.del..
RBTree.remove	2	0.12	Complete (Passed 48)
RBTree.add	2	0.14	Complete (Passed 48)
RBTree.del	2	0.15	Complete (Passed 48)
RBTree.ins	2	0.16	Complete (Passed 48)
RBTree.remove	3	0.78	Complete (Passed 164)
RBTree.del	3	0.84	Complete (Passed 164)
RBTree.add	3	0.88	Complete (Passed 164)
RBTree.ins	3	0.88	Complete (Passed 164)
RBTree.remove	4	5.19	Complete (Passed 575)
RBTree.add	4	5.20	Complete (Passed 575)
RBTree.del	4	5.45	Complete (Passed 575)
RBTree.ins	4	5.54	Complete (Passed 575)
RBTree.remove	5	31.20	Complete (Passed 1962)
RBTree.del	5	32.35	Complete (Passed 1962)
RBTree.add	5	32.70	Complete (Passed 1962)
RBTree.ins	5	33.22	Complete (Passed 1962)
RBTree.remove	6	208.86	Complete (Passed 6377)
RBTree.del	6	214.64	Complete (Passed 6377)
RBTree.add	6	214.65	Complete (Passed 6377)
RBTree.ins	6	220.37	Complete (Passed 6377)
RBTree.remove	7	1200.10	TimeOut
Testing RBTree.append..
RBTree.append	2	0.23	Complete (Passed 11)
RBTree.append	3	0.36	Complete (Passed 28)
RBTree.append	4	1.36	Complete (Passed 73)
RBTree.del	7	1200.00	TimeOut
Testing RBTree.deleteMin..
RBTree.deleteMin	2	0.07	Complete (Passed 16)
RBTree.add	7	1200.00	TimeOut
Testing RBTree.lbalS..
RBTree.lbalS	2	0.08	Complete (Passed 6)
RBTree.deleteMin	3	0.24	Complete (Passed 41)
RBTree.lbalS	3	0.43	Complete (Passed 24)
RBTree.append	5	6.67	Complete (Passed 200)
RBTree.deleteMin	4	1.20	Complete (Passed 115)
RBTree.lbalS	4	1.81	Complete (Passed 82)
RBTree.ins	7	1200.01	TimeOut
Testing RBTree.rbalS..
RBTree.rbalS	2	0.09	Complete (Passed 6)
RBTree.deleteMin	5	5.62	Complete (Passed 327)
RBTree.rbalS	3	0.37	Complete (Passed 24)
RBTree.rbalS	4	1.87	Complete (Passed 82)
RBTree.lbalS	5	8.49	Complete (Passed 259)
RBTree.rbalS	5	9.25	Complete (Passed 259)
RBTree.deleteMin	6	30.35	Complete (Passed 911)
RBTree.append	6	36.25	Complete (Passed 572)
RBTree.lbalS	6	50.05	Complete (Passed 780)
RBTree.rbalS	6	49.64	Complete (Passed 780)
RBTree.deleteMin	7	148.44	Complete (Passed 2489)
RBTree.append	7	208.18	Complete (Passed 1672)
RBTree.lbalS	7	281.16	Complete (Passed 2273)
RBTree.rbalS	7	292.62	Complete (Passed 2273)
RBTree.deleteMin	8	823.40	Complete (Passed 6753)
RBTree.append	8	1200.01	TimeOut
Testing RBTree.lbal..
RBTree.lbal	2	0.10	Complete (Passed 13)
RBTree.lbal	3	0.40	Complete (Passed 39)
RBTree.lbal	4	1.82	Complete (Passed 109)
RBTree.lbal	5	9.18	Complete (Passed 291)
RBTree.lbal	6	48.01	Complete (Passed 770)
RBTree.lbalS	8	1200.04	TimeOut
Testing RBTree.rbal..
RBTree.rbal	2	0.09	Complete (Passed 13)
RBTree.rbal	3	0.37	Complete (Passed 39)
RBTree.rbal	4	2.08	Complete (Passed 109)
RBTree.rbal	5	7.92	Complete (Passed 291)
RBTree.rbalS	8	1200.01	TimeOut
Testing RBTree.makeRed..
RBTree.makeRed	2	0.09	Complete (Passed 11)
RBTree.makeRed	3	0.26	Complete (Passed 28)
RBTree.makeRed	4	0.93	Complete (Passed 73)
RBTree.makeRed	5	4.57	Complete (Passed 200)
RBTree.makeRed	6	19.52	Complete (Passed 572)
RBTree.rbal	6	51.92	Complete (Passed 770)
RBTree.makeRed	7	102.95	Complete (Passed 1672)
RBTree.lbal	7	260.80	Complete (Passed 2082)
RBTree.rbal	7	263.94	Complete (Passed 2082)
RBTree.deleteMin	9	1200.04	TimeOut
Testing RBTree.makeBlack..
RBTree.makeBlack	2	0.15	Complete (Passed 23)
RBTree.makeBlack	3	0.41	Complete (Passed 57)
RBTree.makeBlack	4	1.84	Complete (Passed 147)
RBTree.makeBlack	5	8.98	Complete (Passed 401)
RBTree.makeBlack	6	42.55	Complete (Passed 1145)
RBTree.makeRed	8	676.02	Complete (Passed 4887)
RBTree.makeBlack	7	231.47	Complete (Passed 3345)
RBTree.lbal	8	1200.11	TimeOut
RBTree.rbal	8	1200.10	TimeOut
RBTree.makeRed	9	1200.01	TimeOut
RBTree.makeBlack	8	1147.71	Complete (Passed 9775)
RBTree.makeBlack	9	1200.04	TimeOut
done

