Testing XMonad.StackSet.tagMember..
Testing XMonad.StackSet.view..
Testing XMonad.StackSet.swapMaster..
Testing XMonad.StackSet.peek..
XMonad.StackSet.swapMaster	2	900.10	TimeOut
XMonad.StackSet.tagMember	2	900.10	TimeOut
XMonad.StackSet.view	2	900.10	TimeOut
XMonad.StackSet.peek	2	900.10	TimeOut
Testing XMonad.StackSet.new..
Testing XMonad.StackSet.modify'..
Testing XMonad.StackSet.modify..
Testing XMonad.StackSet.member..
XMonad.StackSet.new	2	3.32	Complete (Passed 9)
XMonad.StackSet.modify'	2	5.05	Complete (Errored "The SMT solver was unable to produce an output value.")
XMonad.StackSet.member	2	5.56	Complete (Errored "Couldn't evaluate a concrete refinement: applyMeasure(fromJust :: forall a. lq_tmp_db1:(Data.Maybe.Maybe a) -> a\nfromJust (Data.Maybe.Justx) = x): no equation for \"Data.Maybe.Nothing\"")
XMonad.StackSet.new	3	2.77	Complete (Passed 16)
XMonad.StackSet.new	4	3.72	Complete (Passed 25)
XMonad.StackSet.modify'	3	7.37	Complete (Errored "The SMT solver was unable to produce an output value.")
XMonad.StackSet.new	5	3.96	Complete (Passed 36)
XMonad.StackSet.new	6	4.62	Complete (Passed 49)
XMonad.StackSet.member	3	13.11	Complete (Errored "Couldn't evaluate a concrete refinement: applyMeasure(fromJust :: forall a. lq_tmp_db1:(Data.Maybe.Maybe a) -> a\nfromJust (Data.Maybe.Justx) = x): no equation for \"Data.Maybe.Nothing\"")
XMonad.StackSet.new	7	7.55	Complete (Passed 64)
XMonad.StackSet.new	8	12.12	Complete (Passed 81)
XMonad.StackSet.member	4	21.70	Complete (Errored "Couldn't evaluate a concrete refinement: applyMeasure(fromJust :: forall a. lq_tmp_db1:(Data.Maybe.Maybe a) -> a\nfromJust (Data.Maybe.Justx) = x): no equation for \"Data.Maybe.Nothing\"")
XMonad.StackSet.new	9	16.07	Complete (Passed 100)
XMonad.StackSet.member	5	32.05	Complete (Errored "Couldn't evaluate a concrete refinement: applyMeasure(fromJust :: forall a. lq_tmp_db1:(Data.Maybe.Maybe a) -> a\nfromJust (Data.Maybe.Justx) = x): no equation for \"Data.Maybe.Nothing\"")
XMonad.StackSet.new	10	23.12	Complete (Passed 121)
XMonad.StackSet.new	11	30.86	Complete (Passed 144)
XMonad.StackSet.modify'	4	98.70	Complete (Errored "The SMT solver was unable to produce an output value.")
XMonad.StackSet.new	12	53.21	Complete (Passed 169)
XMonad.StackSet.member	6	122.47	Complete (Errored "Couldn't evaluate a concrete refinement: applyMeasure(fromJust :: forall a. lq_tmp_db1:(Data.Maybe.Maybe a) -> a\nfromJust (Data.Maybe.Justx) = x): no equation for \"Data.Maybe.Nothing\"")
XMonad.StackSet.new	13	61.42	Complete (Passed 196)
XMonad.StackSet.new	14	80.50	Complete (Passed 225)
XMonad.StackSet.new	15	110.72	Complete (Passed 256)
XMonad.StackSet.modify'	5	356.59	Complete (Errored "The SMT solver was unable to produce an output value.")
XMonad.StackSet.modify'	6	77.80	Complete (Errored "The SMT solver was unable to produce an output value.")
XMonad.StackSet.new	16	174.55	Complete (Passed 289)
XMonad.StackSet.member	7	420.08	Complete (Errored "Couldn't evaluate a concrete refinement: applyMeasure(fromJust :: forall a. lq_tmp_db1:(Data.Maybe.Maybe a) -> a\nfromJust (Data.Maybe.Justx) = x): no equation for \"Data.Maybe.Nothing\"")
XMonad.StackSet.new	17	267.71	Complete (Passed 324)
XMonad.StackSet.modify	2	900.00	TimeOut
Testing XMonad.StackSet.mapWorkspace..
XMonad.StackSet.mapWorkspace	2	5.00	Complete (Passed 1)
XMonad.StackSet.mapWorkspace	3	9.21	Complete (Passed 1)
XMonad.StackSet.mapWorkspace	4	56.15	Complete (Passed 3)
XMonad.StackSet.mapWorkspace	5	57.61	Complete (Passed 2)
XMonad.StackSet.mapWorkspace	6	69.77	Complete (Passed 1)
XMonad.StackSet.new	18	287.70	Complete (Passed 361)
XMonad.StackSet.modify'	7	900.00	TimeOut
Testing XMonad.StackSet.mapLayout..
XMonad.StackSet.new	19	323.13	Complete (Passed 400)
XMonad.StackSet.member	8	900.05	TimeOut
Testing XMonad.StackSet.integrate'..
XMonad.StackSet.integrate'	2	0.30	Complete (Passed 34)
XMonad.StackSet.integrate'	3	2.24	Complete (Passed 197)
XMonad.StackSet.integrate'	4	26.75	Complete (Passed 1306)
XMonad.StackSet.integrate'	5	356.11	Complete (Passed 9787)
XMonad.StackSet.mapWorkspace	7	900.10	TimeOut
Testing XMonad.StackSet.integrate..
XMonad.StackSet.integrate	2	0.25	Complete (Passed 33)
XMonad.StackSet.integrate	3	1.91	Complete (Passed 196)
XMonad.StackSet.integrate	4	21.03	Complete (Passed 1305)
XMonad.StackSet.new	20	615.21	Complete (Passed 441)
Testing XMonad.StackSet.insertUp..
XMonad.StackSet.mapLayout	2	900.10	TimeOut
Testing XMonad.StackSet.greedyView..
XMonad.StackSet.integrate	5	363.33	Complete (Passed 9786)
XMonad.StackSet.integrate'	6	900.10	TimeOut
Testing XMonad.StackSet.focusMaster..
XMonad.StackSet.insertUp	2	900.10	TimeOut
Testing XMonad.StackSet.findTag..
XMonad.StackSet.greedyView	2	900.10	TimeOut
Testing XMonad.StackSet.filter..
XMonad.StackSet.filter	2	0.58	Complete (Passed 33)
XMonad.StackSet.filter	3	7.47	Complete (Passed 196)
XMonad.StackSet.integrate	6	900.03	TimeOut
Testing XMonad.StackSet.ensureTags..
XMonad.StackSet.filter	4	118.00	Complete (Passed 1305)
XMonad.StackSet.focusMaster	2	900.10	TimeOut
Testing XMonad.StackSet.differentiate..
XMonad.StackSet.differentiate	2	0.05	Complete (Passed 10)
XMonad.StackSet.differentiate	3	0.20	Complete (Passed 41)
XMonad.StackSet.differentiate	4	1.45	Complete (Passed 206)
XMonad.StackSet.differentiate	5	13.81	Complete (Passed 1237)
XMonad.StackSet.findTag	2	900.10	TimeOut
Testing XMonad.StackSet.currentTag..
XMonad.StackSet.differentiate	6	204.18	Complete (Passed 8660)
XMonad.StackSet.ensureTags	2	900.10	TimeOut
XMonad.StackSet.filter	5	900.16	Complete (Errored "Expected a Values response from the solver, got: Sat")
XMonad.StackSet.currentTag	2	900.00	TimeOut
XMonad.StackSet.differentiate	7	900.04	TimeOut
XMonad.StackSet.filter	6	900.14	Complete (Errored "Expected a Values response from the solver, got: Sat")
XMonad.StackSet.filter	7	900.16	Complete (Errored "Expected a Values response from the solver, got: Sat")
XMonad.StackSet.filter	8	900.10	TimeOut
done

