Testing XMonad.StackSet.new..
Testing XMonad.StackSet.view..
Testing XMonad.StackSet.greedyView..
Testing XMonad.StackSet.lookupWorkspace..
Testing XMonad.StackSet.modify..
Testing XMonad.StackSet.modify'..
Testing XMonad.StackSet.peek..
Testing XMonad.StackSet.integrate..
XMonad.StackSet.integrate	2	0.78	Complete (Passed 33)
XMonad.StackSet.integrate	3	3.03	Complete (Passed 196)
Testing XMonad.StackSet.integrate'..
XMonad.StackSet.integrate'	2	0.25	Complete (Passed 34)
XMonad.StackSet.integrate'	3	2.38	Complete (Passed 197)
XMonad.StackSet.integrate	4	22.97	Complete (Passed 1305)
XMonad.StackSet.integrate'	4	22.92	Complete (Passed 1306)
XMonad.StackSet.new	2	51.78	Complete (Passed 3875)
XMonad.StackSet.integrate	5	339.13	Complete (Passed 9786)
XMonad.StackSet.integrate'	5	334.92	Complete (Passed 9787)
XMonad.StackSet.modify	2	600.02	TimeOut
Testing XMonad.StackSet.differentiate..
XMonad.StackSet.peek	2	600.02	TimeOut
XMonad.StackSet.view	2	600.02	TimeOut
Testing XMonad.StackSet.filter..
XMonad.StackSet.lookupWorkspace	2	600.03	TimeOut
XMonad.StackSet.greedyView	2	600.03	TimeOut
Testing XMonad.StackSet.index..
Testing XMonad.StackSet.focusUp..
Testing XMonad.StackSet.focusDown..
XMonad.StackSet.differentiate	2	0.41	Complete (Passed 10)
XMonad.StackSet.differentiate	3	0.47	Complete (Passed 41)
XMonad.StackSet.filter	2	1.67	Complete (Passed 33)
XMonad.StackSet.differentiate	4	3.95	Complete (Passed 206)
XMonad.StackSet.filter	3	9.12	Complete (Passed 196)
XMonad.StackSet.differentiate	5	15.95	Complete (Passed 1237)
XMonad.StackSet.new	3	600.03	TimeOut
Testing XMonad.StackSet.swapUp..
XMonad.StackSet.filter	4	108.88	Complete (Passed 1305)
XMonad.StackSet.differentiate	6	211.16	Complete (Passed 8660)
XMonad.StackSet.integrate	6	600.10	TimeOut
Testing XMonad.StackSet.swapDown..
XMonad.StackSet.integrate'	6	600.00	TimeOut
Testing XMonad.StackSet.workspaces..
XMonad.StackSet.index	2	600.22	TimeOut
Testing XMonad.StackSet.screens..
XMonad.StackSet.focusUp	2	600.22	TimeOut
XMonad.StackSet.focusDown	2	600.22	TimeOut
Testing XMonad.StackSet.allWindows..
Testing XMonad.StackSet.currentTag..
XMonad.StackSet.swapUp	2	600.02	TimeOut
Testing XMonad.StackSet.tagMember..
XMonad.StackSet.filter	5	600.04	TimeOut
WARNING: timeout seems to have been ignored...
Testing XMonad.StackSet.ensureTags..
XMonad.StackSet.differentiate	7	600.07	TimeOut
Testing XMonad.StackSet.mapWorkspace..
XMonad.StackSet.mapWorkspace	2	6.73	Complete (Passed 1)
XMonad.StackSet.mapWorkspace	3	13.33	Complete (Passed 1)
XMonad.StackSet.swapDown	2	600.04	TimeOut
Testing XMonad.StackSet.renameTag..
XMonad.StackSet.workspaces	2	600.00	TimeOut
Testing XMonad.StackSet.mapLayout..
XMonad.StackSet.mapWorkspace	4	318.08	Complete (Passed 155)
XMonad.StackSet.screens	2	600.03	TimeOut
XMonad.StackSet.currentTag	2	600.03	TimeOut
XMonad.StackSet.allWindows	2	600.03	TimeOut
Testing XMonad.StackSet.member..
Testing XMonad.StackSet.findTag..
Testing XMonad.StackSet.insertUp..
Testing XMonad.StackSet.float..
XMonad.StackSet.tagMember	2	600.01	TimeOut
Testing XMonad.StackSet.delete..
XMonad.StackSet.ensureTags	2	600.05	TimeOut
Testing XMonad.StackSet.sink..
XMonad.StackSet.renameTag	2	600.04	TimeOut
Testing XMonad.StackSet.swapMaster..
XMonad.StackSet.mapLayout	2	600.00	TimeOut
Testing XMonad.StackSet.shiftMaster..
XMonad.StackSet.mapWorkspace	5	608.24	TimeOut
WARNING: timeout seems to have been ignored...
Testing XMonad.StackSet.focusMaster..
XMonad.StackSet.findTag	2	600.02	TimeOut
XMonad.StackSet.insertUp	2	600.02	TimeOut
Testing XMonad.StackSet.shift..
Testing XMonad.StackSet.shiftWin..
XMonad.StackSet.float	2	600.01	TimeOut
XMonad.StackSet.delete	2	600.04	TimeOut
XMonad.StackSet.sink	2	600.03	TimeOut
XMonad.StackSet.shiftMaster	2	600.01	TimeOut
XMonad.StackSet.swapMaster	2	600.03	TimeOut
XMonad.StackSet.focusMaster	2	600.10	TimeOut
XMonad.StackSet.shift	2	600.02	TimeOut
XMonad.StackSet.shiftWin	2	600.02	TimeOut
done

