Testing XMonad.StackSet.new..
Testing XMonad.StackSet.view..
Testing XMonad.StackSet.lookupWorkspace..
Testing XMonad.StackSet.greedyView..
Testing XMonad.StackSet.modify..
Testing XMonad.StackSet.modify'..
Testing XMonad.StackSet.peek..
Testing XMonad.StackSet.integrate'..
XMonad.StackSet.integrate'	2	0.68	Complete (Passed 34)
XMonad.StackSet.integrate'	3	3.48	Complete (Passed 197)
Testing XMonad.StackSet.integrate..
XMonad.StackSet.integrate	2	0.26	Complete (Passed 33)
XMonad.StackSet.integrate	3	2.20	Complete (Passed 196)
XMonad.StackSet.integrate'	4	22.05	Complete (Passed 1306)
XMonad.StackSet.integrate	4	24.64	Complete (Passed 1305)
XMonad.StackSet.new	2	53.33	Complete (Passed 3875)
XMonad.StackSet.integrate'	5	345.73	Complete (Passed 9787)
XMonad.StackSet.integrate	5	341.30	Complete (Passed 9786)
XMonad.StackSet.lookupWorkspace	2	1200.10	TimeOut
XMonad.StackSet.view	2	1200.10	TimeOut
XMonad.StackSet.greedyView	2	1200.10	TimeOut
XMonad.StackSet.peek	2	1200.10	TimeOut
Testing XMonad.StackSet.differentiate..
XMonad.StackSet.modify	2	1200.10	TimeOut
Testing XMonad.StackSet.filter..
Testing XMonad.StackSet.index..
Testing XMonad.StackSet.focusUp..
Testing XMonad.StackSet.focusDown..
XMonad.StackSet.differentiate	2	0.14	Complete (Passed 10)
XMonad.StackSet.differentiate	3	0.44	Complete (Passed 41)
XMonad.StackSet.filter	2	1.02	Complete (Passed 33)
XMonad.StackSet.differentiate	4	2.51	Complete (Passed 206)
XMonad.StackSet.filter	3	8.02	Complete (Passed 196)
XMonad.StackSet.differentiate	5	14.96	Complete (Passed 1237)
XMonad.StackSet.new	3	1200.04	TimeOut
Testing XMonad.StackSet.swapUp..
XMonad.StackSet.filter	4	110.02	Complete (Passed 1305)
XMonad.StackSet.differentiate	6	200.06	Complete (Passed 8660)
XMonad.StackSet.integrate'	6	1200.10	TimeOut
Testing XMonad.StackSet.swapDown..
XMonad.StackSet.integrate	6	1200.00	TimeOut
Testing XMonad.StackSet.screens..
XMonad.StackSet.focusUp	2	1200.07	TimeOut
XMonad.StackSet.index	2	1200.07	TimeOut
Testing XMonad.StackSet.workspaces..
XMonad.StackSet.focusDown	2	1200.07	TimeOut
Testing XMonad.StackSet.allWindows..
Testing XMonad.StackSet.currentTag..
XMonad.StackSet.swapUp	2	1200.05	TimeOut
Testing XMonad.StackSet.renameTag..
XMonad.StackSet.filter	5	1200.11	TimeOut
WARNING: timeout seems to have been ignored...
Testing XMonad.StackSet.ensureTags..
XMonad.StackSet.differentiate	7	1200.04	TimeOut
Testing XMonad.StackSet.mapWorkspace..
XMonad.StackSet.mapWorkspace	2	6.79	Complete (Passed 1)
XMonad.StackSet.mapWorkspace	3	12.60	Complete (Passed 1)
XMonad.StackSet.swapDown	2	1200.06	TimeOut
Testing XMonad.StackSet.mapLayout..
XMonad.StackSet.screens	2	1200.00	TimeOut
Testing XMonad.StackSet.member..
Testing XMonad.StackSet.findTag..
XMonad.StackSet.mapWorkspace	4	304.52	Complete (Passed 155)
XMonad.StackSet.workspaces	2	1200.04	TimeOut
XMonad.StackSet.allWindows	2	1200.04	TimeOut
XMonad.StackSet.currentTag	2	1200.04	TimeOut
Testing XMonad.StackSet.insertUp..
Testing XMonad.StackSet.delete..
Testing XMonad.StackSet.float..
XMonad.StackSet.renameTag	2	1200.04	TimeOut
Testing XMonad.StackSet.sink..
XMonad.StackSet.ensureTags	2	1200.02	TimeOut
Testing XMonad.StackSet.swapMaster..
XMonad.StackSet.mapLayout	2	1200.05	TimeOut
Testing XMonad.StackSet.shiftMaster..
XMonad.StackSet.findTag	2	1200.01	TimeOut
Testing XMonad.StackSet.focusMaster..
XMonad.StackSet.mapWorkspace	5	1226.15	TimeOut
WARNING: timeout seems to have been ignored...
Testing XMonad.StackSet.shift..
XMonad.StackSet.delete	2	1200.06	TimeOut
XMonad.StackSet.insertUp	2	1200.06	TimeOut
Testing XMonad.StackSet.shiftWin..
XMonad.StackSet.float	2	1200.06	TimeOut
Testing XMonad.StackSet.tagMember..
XMonad.StackSet.sink	2	1200.04	TimeOut
XMonad.StackSet.swapMaster	2	1200.10	TimeOut
XMonad.StackSet.shiftMaster	2	1200.01	TimeOut
XMonad.StackSet.focusMaster	2	1200.01	TimeOut
XMonad.StackSet.shift	2	1200.10	TimeOut
XMonad.StackSet.shiftWin	2	1200.01	TimeOut
XMonad.StackSet.tagMember	2	1200.01	TimeOut
done

