Testing XMonad.StackSet.new..
Testing XMonad.StackSet.view..
Testing XMonad.StackSet.greedyView..
Testing XMonad.StackSet.lookupWorkspace..
Testing XMonad.StackSet.modify..
Testing XMonad.StackSet.modify'..
Testing XMonad.StackSet.peek..
Testing XMonad.StackSet.integrate..
XMonad.StackSet.integrate	2	0.57	Complete (Passed 33)
XMonad.StackSet.integrate	3	3.16	Complete (Passed 196)
Testing XMonad.StackSet.integrate'..
XMonad.StackSet.integrate'	2	0.24	Complete (Passed 34)
XMonad.StackSet.integrate'	3	2.38	Complete (Passed 197)
XMonad.StackSet.integrate	4	23.50	Complete (Passed 1305)
XMonad.StackSet.integrate'	4	23.16	Complete (Passed 1306)
XMonad.StackSet.new	2	53.21	Complete (Passed 3875)
XMonad.StackSet.greedyView	2	60.01	TimeOut
Testing XMonad.StackSet.differentiate..
XMonad.StackSet.view	2	60.01	TimeOut
XMonad.StackSet.modify	2	60.01	TimeOut
XMonad.StackSet.peek	2	60.01	TimeOut
Testing XMonad.StackSet.filter..
XMonad.StackSet.lookupWorkspace	2	60.01	TimeOut
Testing XMonad.StackSet.index..
Testing XMonad.StackSet.focusUp..
Testing XMonad.StackSet.focusDown..
XMonad.StackSet.differentiate	2	0.15	Complete (Passed 10)
XMonad.StackSet.differentiate	3	0.47	Complete (Passed 41)
XMonad.StackSet.filter	2	1.16	Complete (Passed 33)
XMonad.StackSet.differentiate	4	2.65	Complete (Passed 206)
XMonad.StackSet.filter	3	7.81	Complete (Passed 196)
XMonad.StackSet.differentiate	5	14.47	Complete (Passed 1237)
XMonad.StackSet.integrate	5	60.01	TimeOut
Testing XMonad.StackSet.swapUp..
XMonad.StackSet.integrate'	5	60.01	TimeOut
Testing XMonad.StackSet.swapDown..
XMonad.StackSet.new	3	60.02	TimeOut
Testing XMonad.StackSet.screens..
XMonad.StackSet.focusDown	2	60.00	TimeOut
XMonad.StackSet.focusUp	2	60.00	TimeOut
XMonad.StackSet.index	2	60.00	TimeOut
Testing XMonad.StackSet.allWindows..
Testing XMonad.StackSet.workspaces..
Testing XMonad.StackSet.currentTag..
XMonad.StackSet.filter	4	60.02	TimeOut
WARNING: timeout seems to have been ignored...
Testing XMonad.StackSet.tagMember..
XMonad.StackSet.differentiate	6	60.01	TimeOut
Testing XMonad.StackSet.ensureTags..
XMonad.StackSet.swapUp	2	60.01	TimeOut
Testing XMonad.StackSet.renameTag..
XMonad.StackSet.swapDown	2	60.00	TimeOut
Testing XMonad.StackSet.mapWorkspace..
XMonad.StackSet.mapWorkspace	2	6.80	Complete (Passed 1)
XMonad.StackSet.mapWorkspace	3	12.95	Complete (Passed 1)
XMonad.StackSet.screens	2	60.00	TimeOut
Testing XMonad.StackSet.mapLayout..
XMonad.StackSet.currentTag	2	60.01	TimeOut
XMonad.StackSet.allWindows	2	60.01	TimeOut
Testing XMonad.StackSet.member..
Testing XMonad.StackSet.findTag..
XMonad.StackSet.workspaces	2	60.01	TimeOut
Testing XMonad.StackSet.insertUp..
XMonad.StackSet.tagMember	2	60.01	TimeOut
Testing XMonad.StackSet.delete..
Testing XMonad.StackSet.float..
XMonad.StackSet.ensureTags	2	60.01	TimeOut
Testing XMonad.StackSet.sink..
XMonad.StackSet.renameTag	2	60.01	TimeOut
Testing XMonad.StackSet.swapMaster..
XMonad.StackSet.mapWorkspace	4	60.01	TimeOut
Testing XMonad.StackSet.focusMaster..
XMonad.StackSet.mapLayout	2	60.00	TimeOut
Testing XMonad.StackSet.shiftMaster..
XMonad.StackSet.insertUp	2	60.00	TimeOut
XMonad.StackSet.findTag	2	60.00	TimeOut
Testing XMonad.StackSet.shift..
Testing XMonad.StackSet.shiftWin..
XMonad.StackSet.delete	2	60.00	TimeOut
XMonad.StackSet.float	2	60.00	TimeOut
XMonad.StackSet.sink	2	60.00	TimeOut
XMonad.StackSet.swapMaster	2	60.01	TimeOut
XMonad.StackSet.focusMaster	2	60.02	TimeOut
XMonad.StackSet.shiftMaster	2	60.00	TimeOut
XMonad.StackSet.shift	2	60.01	TimeOut
XMonad.StackSet.shiftWin	2	60.01	TimeOut
done

