Testing XMonad.StackSet.new..
Testing XMonad.StackSet.view..
Testing XMonad.StackSet.greedyView..
Testing XMonad.StackSet.lookupWorkspace..
Testing XMonad.StackSet.modify..
Testing XMonad.StackSet.modify'..
Testing XMonad.StackSet.peek..
Testing XMonad.StackSet.integrate..
XMonad.StackSet.integrate	2	0.50	Complete (Passed 33)
XMonad.StackSet.integrate	3	3.41	Complete (Passed 196)
Testing XMonad.StackSet.integrate'..
XMonad.StackSet.integrate'	2	0.23	Complete (Passed 34)
XMonad.StackSet.integrate'	3	2.33	Complete (Passed 197)
XMonad.StackSet.integrate	4	22.90	Complete (Passed 1305)
XMonad.StackSet.integrate'	4	24.06	Complete (Passed 1306)
XMonad.StackSet.new	2	55.17	Complete (Passed 3875)
XMonad.StackSet.integrate	5	344.94	Complete (Passed 9786)
XMonad.StackSet.integrate'	5	345.80	Complete (Passed 9787)
XMonad.StackSet.view	2	1500.10	TimeOut
XMonad.StackSet.greedyView	2	1500.10	TimeOut
XMonad.StackSet.lookupWorkspace	2	1500.10	TimeOut
XMonad.StackSet.modify	2	1500.10	TimeOut
XMonad.StackSet.peek	2	1500.10	TimeOut
Testing XMonad.StackSet.differentiate..
Testing XMonad.StackSet.index..
Testing XMonad.StackSet.filter..
Testing XMonad.StackSet.focusUp..
Testing XMonad.StackSet.focusDown..
XMonad.StackSet.differentiate	2	0.12	Complete (Passed 10)
XMonad.StackSet.differentiate	3	0.35	Complete (Passed 41)
XMonad.StackSet.filter	2	0.79	Complete (Passed 33)
XMonad.StackSet.differentiate	4	2.17	Complete (Passed 206)
XMonad.StackSet.filter	3	7.42	Complete (Passed 196)
XMonad.StackSet.differentiate	5	13.72	Complete (Passed 1237)
XMonad.StackSet.new	3	1500.04	TimeOut
Testing XMonad.StackSet.swapUp..
XMonad.StackSet.filter	4	103.06	Complete (Passed 1305)
XMonad.StackSet.differentiate	6	200.14	Complete (Passed 8660)
XMonad.StackSet.integrate	6	1500.10	TimeOut
Testing XMonad.StackSet.swapDown..
XMonad.StackSet.integrate'	6	1500.01	TimeOut
Testing XMonad.StackSet.screens..
XMonad.StackSet.focusDown	2	1500.10	TimeOut
XMonad.StackSet.index	2	1500.10	TimeOut
XMonad.StackSet.focusUp	2	1500.10	TimeOut
Testing XMonad.StackSet.currentTag..
Testing XMonad.StackSet.allWindows..
Testing XMonad.StackSet.workspaces..
XMonad.StackSet.swapUp	2	1500.05	TimeOut
Testing XMonad.StackSet.tagMember..
XMonad.StackSet.filter	5	1500.05	TimeOut
WARNING: timeout seems to have been ignored...
Testing XMonad.StackSet.renameTag..
XMonad.StackSet.differentiate	7	1500.06	TimeOut
Testing XMonad.StackSet.ensureTags..
XMonad.StackSet.swapDown	2	1500.01	TimeOut
Testing XMonad.StackSet.mapWorkspace..
XMonad.StackSet.mapWorkspace	2	6.27	Complete (Passed 1)
XMonad.StackSet.screens	2	1500.00	TimeOut
Testing XMonad.StackSet.mapLayout..
XMonad.StackSet.mapWorkspace	3	12.21	Complete (Passed 1)
XMonad.StackSet.mapWorkspace	4	313.06	Complete (Passed 155)
XMonad.StackSet.currentTag	2	1500.10	TimeOut
XMonad.StackSet.allWindows	2	1500.10	TimeOut
XMonad.StackSet.workspaces	2	1500.10	TimeOut
Testing XMonad.StackSet.member..
Testing XMonad.StackSet.findTag..
Testing XMonad.StackSet.insertUp..
Testing XMonad.StackSet.delete..
XMonad.StackSet.tagMember	2	1500.03	TimeOut
Testing XMonad.StackSet.float..
XMonad.StackSet.renameTag	2	1500.05	TimeOut
Testing XMonad.StackSet.sink..
XMonad.StackSet.ensureTags	2	1500.08	TimeOut
Testing XMonad.StackSet.swapMaster..
XMonad.StackSet.mapLayout	2	1500.06	TimeOut
Testing XMonad.StackSet.shiftMaster..
XMonad.StackSet.mapWorkspace	5	1229.94	Complete (Passed 95)
XMonad.StackSet.insertUp	2	1500.05	TimeOut
XMonad.StackSet.findTag	2	1500.05	TimeOut
Testing XMonad.StackSet.focusMaster..
Testing XMonad.StackSet.shift..
XMonad.StackSet.delete	2	1500.01	TimeOut
Testing XMonad.StackSet.shiftWin..
XMonad.StackSet.float	2	1500.03	TimeOut
XMonad.StackSet.sink	2	1500.06	TimeOut
XMonad.StackSet.swapMaster	2	1500.08	TimeOut
XMonad.StackSet.shiftMaster	2	1500.05	TimeOut
XMonad.StackSet.mapWorkspace	6	1534.44	TimeOut
WARNING: timeout seems to have been ignored...
XMonad.StackSet.focusMaster	2	1500.10	TimeOut
XMonad.StackSet.shift	2	1500.10	TimeOut
XMonad.StackSet.shiftWin	2	1500.00	TimeOut
done

