Testing XMonad.StackSet.new..
Testing XMonad.StackSet.view..
Testing XMonad.StackSet.greedyView..
Testing XMonad.StackSet.modify..
Testing XMonad.StackSet.lookupWorkspace..
Testing XMonad.StackSet.modify'..
Testing XMonad.StackSet.peek..
Testing XMonad.StackSet.integrate..
XMonad.StackSet.integrate	2	0.70	Complete (Passed 33)
XMonad.StackSet.integrate	3	3.14	Complete (Passed 196)
Testing XMonad.StackSet.integrate'..
XMonad.StackSet.integrate'	2	0.24	Complete (Passed 34)
XMonad.StackSet.integrate'	3	2.56	Complete (Passed 197)
XMonad.StackSet.integrate	4	23.19	Complete (Passed 1305)
XMonad.StackSet.integrate'	4	23.49	Complete (Passed 1306)
XMonad.StackSet.new	2	54.70	Complete (Passed 3875)
XMonad.StackSet.integrate	5	344.50	Complete (Passed 9786)
XMonad.StackSet.integrate'	5	341.48	Complete (Passed 9787)
XMonad.StackSet.peek	2	1800.10	TimeOut
XMonad.StackSet.modify	2	1800.10	TimeOut
XMonad.StackSet.greedyView	2	1800.10	TimeOut
Testing XMonad.StackSet.differentiate..
XMonad.StackSet.lookupWorkspace	2	1800.10	TimeOut
Testing XMonad.StackSet.filter..
Testing XMonad.StackSet.index..
Testing XMonad.StackSet.focusUp..
XMonad.StackSet.view	2	1800.10	TimeOut
Testing XMonad.StackSet.focusDown..
XMonad.StackSet.differentiate	2	0.12	Complete (Passed 10)
XMonad.StackSet.differentiate	3	0.38	Complete (Passed 41)
XMonad.StackSet.filter	2	1.00	Complete (Passed 33)
XMonad.StackSet.differentiate	4	2.31	Complete (Passed 206)
XMonad.StackSet.filter	3	8.77	Complete (Passed 196)
XMonad.StackSet.differentiate	5	15.18	Complete (Passed 1237)
XMonad.StackSet.new	3	1800.03	TimeOut
Testing XMonad.StackSet.swapUp..
XMonad.StackSet.filter	4	106.98	Complete (Passed 1305)
XMonad.StackSet.differentiate	6	203.69	Complete (Passed 8660)
XMonad.StackSet.integrate	6	1800.00	TimeOut
Testing XMonad.StackSet.swapDown..
XMonad.StackSet.integrate'	6	1800.00	TimeOut
Testing XMonad.StackSet.screens..
XMonad.StackSet.focusUp	2	1800.05	TimeOut
XMonad.StackSet.index	2	1800.05	TimeOut
Testing XMonad.StackSet.workspaces..
Testing XMonad.StackSet.allWindows..
XMonad.StackSet.focusDown	2	1800.05	TimeOut
Testing XMonad.StackSet.currentTag..
XMonad.StackSet.swapUp	2	1800.05	TimeOut
Testing XMonad.StackSet.tagMember..
XMonad.StackSet.filter	5	1800.08	TimeOut
WARNING: timeout seems to have been ignored...
Testing XMonad.StackSet.renameTag..
XMonad.StackSet.differentiate	7	1800.04	TimeOut
Testing XMonad.StackSet.ensureTags..
XMonad.StackSet.swapDown	2	1800.01	TimeOut
Testing XMonad.StackSet.mapWorkspace..
XMonad.StackSet.screens	2	1800.00	TimeOut
Testing XMonad.StackSet.mapLayout..
XMonad.StackSet.mapWorkspace	2	6.37	Complete (Passed 1)
XMonad.StackSet.mapWorkspace	3	11.78	Complete (Passed 1)
XMonad.StackSet.mapWorkspace	4	323.97	Complete (Passed 155)
XMonad.StackSet.allWindows	2	1800.04	TimeOut
XMonad.StackSet.currentTag	2	1800.04	TimeOut
Testing XMonad.StackSet.member..
Testing XMonad.StackSet.findTag..
XMonad.StackSet.workspaces	2	1800.04	TimeOut
Testing XMonad.StackSet.insertUp..
Testing XMonad.StackSet.delete..
XMonad.StackSet.tagMember	2	1800.00	TimeOut
Testing XMonad.StackSet.float..
XMonad.StackSet.renameTag	2	1800.04	TimeOut
Testing XMonad.StackSet.sink..
XMonad.StackSet.mapWorkspace	5	1257.87	Complete (Passed 95)
XMonad.StackSet.ensureTags	2	1800.05	TimeOut
Testing XMonad.StackSet.swapMaster..
XMonad.StackSet.mapLayout	2	1800.03	TimeOut
Testing XMonad.StackSet.shiftMaster..
XMonad.StackSet.findTag	2	1800.02	TimeOut
XMonad.StackSet.insertUp	2	1800.02	TimeOut
Testing XMonad.StackSet.focusMaster..
Testing XMonad.StackSet.shift..
XMonad.StackSet.delete	2	1800.01	TimeOut
Testing XMonad.StackSet.shiftWin..
XMonad.StackSet.float	2	1800.01	TimeOut
XMonad.StackSet.sink	2	1800.06	TimeOut
XMonad.StackSet.mapWorkspace	6	1825.41	TimeOut
WARNING: timeout seems to have been ignored...
XMonad.StackSet.swapMaster	2	1800.05	TimeOut
XMonad.StackSet.shiftMaster	2	1800.10	TimeOut
XMonad.StackSet.focusMaster	2	1800.01	TimeOut
XMonad.StackSet.shift	2	1800.00	TimeOut
XMonad.StackSet.shiftWin	2	1800.01	TimeOut
done

