Testing XMonad.StackSet.new..
Testing XMonad.StackSet.view..
Testing XMonad.StackSet.greedyView..
Testing XMonad.StackSet.lookupWorkspace..
Testing XMonad.StackSet.modify..
Testing XMonad.StackSet.modify'..
Testing XMonad.StackSet.peek..
Testing XMonad.StackSet.integrate..
XMonad.StackSet.integrate	2	0.69	Complete (Passed 33)
XMonad.StackSet.integrate	3	3.11	Complete (Passed 196)
Testing XMonad.StackSet.integrate'..
XMonad.StackSet.integrate'	2	0.22	Complete (Passed 34)
XMonad.StackSet.integrate'	3	2.48	Complete (Passed 197)
XMonad.StackSet.integrate	4	22.73	Complete (Passed 1305)
XMonad.StackSet.integrate'	4	23.12	Complete (Passed 1306)
XMonad.StackSet.new	2	53.30	Complete (Passed 3875)
XMonad.StackSet.lookupWorkspace	2	300.10	TimeOut
XMonad.StackSet.peek	2	300.10	TimeOut
XMonad.StackSet.greedyView	2	300.10	TimeOut
XMonad.StackSet.modify	2	300.10	TimeOut
XMonad.StackSet.view	2	300.10	TimeOut
Testing XMonad.StackSet.differentiate..
Testing XMonad.StackSet.filter..
Testing XMonad.StackSet.index..
Testing XMonad.StackSet.focusUp..
Testing XMonad.StackSet.focusDown..
XMonad.StackSet.differentiate	2	0.11	Complete (Passed 10)
XMonad.StackSet.differentiate	3	0.36	Complete (Passed 41)
XMonad.StackSet.filter	2	1.20	Complete (Passed 33)
XMonad.StackSet.differentiate	4	2.79	Complete (Passed 206)
XMonad.StackSet.filter	3	7.75	Complete (Passed 196)
XMonad.StackSet.differentiate	5	14.48	Complete (Passed 1237)
XMonad.StackSet.integrate	5	300.01	TimeOut
Testing XMonad.StackSet.swapUp..
XMonad.StackSet.integrate'	5	300.00	TimeOut
Testing XMonad.StackSet.swapDown..
XMonad.StackSet.new	3	300.02	TimeOut
Testing XMonad.StackSet.screens..
XMonad.StackSet.filter	4	107.79	Complete (Passed 1305)
XMonad.StackSet.differentiate	6	205.48	Complete (Passed 8660)
XMonad.StackSet.index	2	300.03	TimeOut
XMonad.StackSet.focusDown	2	300.02	TimeOut
Testing XMonad.StackSet.workspaces..
XMonad.StackSet.focusUp	2	300.02	TimeOut
Testing XMonad.StackSet.allWindows..
Testing XMonad.StackSet.currentTag..
XMonad.StackSet.swapUp	2	300.02	TimeOut
Testing XMonad.StackSet.tagMember..
XMonad.StackSet.swapDown	2	300.00	TimeOut
Testing XMonad.StackSet.renameTag..
XMonad.StackSet.screens	2	300.01	TimeOut
Testing XMonad.StackSet.ensureTags..
XMonad.StackSet.filter	5	300.04	TimeOut
Testing XMonad.StackSet.mapWorkspace..
XMonad.StackSet.mapWorkspace	2	7.22	Complete (Passed 1)
XMonad.StackSet.mapWorkspace	3	12.55	Complete (Passed 1)
XMonad.StackSet.differentiate	7	300.04	TimeOut
Testing XMonad.StackSet.mapLayout..
XMonad.StackSet.workspaces	2	300.06	TimeOut
XMonad.StackSet.allWindows	2	300.06	TimeOut
XMonad.StackSet.currentTag	2	300.06	TimeOut
Testing XMonad.StackSet.member..
Testing XMonad.StackSet.findTag..
Testing XMonad.StackSet.insertUp..
Testing XMonad.StackSet.delete..
XMonad.StackSet.tagMember	2	300.01	TimeOut
Testing XMonad.StackSet.float..
XMonad.StackSet.renameTag	2	300.01	TimeOut
Testing XMonad.StackSet.sink..
XMonad.StackSet.ensureTags	2	300.02	TimeOut
Testing XMonad.StackSet.swapMaster..
XMonad.StackSet.mapWorkspace	4	300.46	TimeOut
WARNING: timeout seems to have been ignored...
Testing XMonad.StackSet.shiftMaster..
XMonad.StackSet.mapLayout	2	300.00	TimeOut
Testing XMonad.StackSet.focusMaster..
XMonad.StackSet.findTag	2	300.01	TimeOut
XMonad.StackSet.insertUp	2	300.01	TimeOut
Testing XMonad.StackSet.shift..
Testing XMonad.StackSet.shiftWin..
XMonad.StackSet.delete	2	300.01	TimeOut
XMonad.StackSet.float	2	300.01	TimeOut
XMonad.StackSet.sink	2	300.01	TimeOut
XMonad.StackSet.swapMaster	2	300.02	TimeOut
XMonad.StackSet.shiftMaster	2	300.03	TimeOut
XMonad.StackSet.focusMaster	2	300.04	TimeOut
XMonad.StackSet.shift	2	300.01	TimeOut
XMonad.StackSet.shiftWin	2	300.01	TimeOut
done

