[11 of 12] Compiling Map              ( examples/Map.hs, examples/Map.o )
[12 of 12] Compiling Main             ( examples/Map.lookup.hs, examples/Map.lookup.o )
Linking examples/Map.lookup ...
Map.lookup: 
2	0.77	Completed (Passed 6)
3	1.04	Completed (Passed 30)
4	1.37	Completed (Passed 84)
5	3.31	Completed (Passed 280)
6	18.61	Completed (Passed 918)
7	110.76	Completed (Passed 2653)
8	761.71	TimedOut
done

[11 of 12] Compiling Map              ( examples/Map.hs, examples/Map.o )
[12 of 12] Compiling Main             ( examples/Map.member.hs, examples/Map.member.o )
Linking examples/Map.member ...
Map.member: 
2	1.90	Completed (Passed 6)
3	1.92	Completed (Passed 30)
4	1.96	Completed (Passed 84)
5	4.00	Completed (Passed 280)
6	19.51	Completed (Passed 918)
7	111.09	Completed (Passed 2653)
8	757.32	TimedOut
done

[11 of 12] Compiling Map              ( examples/Map.hs, examples/Map.o )
[12 of 12] Compiling Main             ( examples/Map.notMember.hs, examples/Map.notMember.o )
Linking examples/Map.notMember ...
Map.notMember: 
2	1.72	Completed (Passed 6)
3	1.85	Completed (Passed 30)
4	2.23	Completed (Passed 84)
5	4.18	Completed (Passed 280)
6	19.48	Completed (Passed 918)
7	107.57	Completed (Passed 2653)
8	300.03	TimedOut
done

[11 of 12] Compiling Map              ( examples/Map.hs, examples/Map.o )
[12 of 12] Compiling Main             ( examples/Map.findWithDefault.hs, examples/Map.findWithDefault.o )
Linking examples/Map.findWithDefault ...
Map.findWithDefault: 
2	0.98	Completed (Passed 6)
3	1.02	Completed (Passed 30)
4	1.22	Completed (Passed 84)
5	3.69	Completed (Passed 280)
6	18.32	Completed (Passed 918)
7	109.93	Completed (Passed 2653)
8	300.17	TimedOut
done

[11 of 12] Compiling Map              ( examples/Map.hs, examples/Map.o )
[12 of 12] Compiling Main             ( examples/Map.lookupLT.hs, examples/Map.lookupLT.o )
Linking examples/Map.lookupLT ...
Map.lookupLT: 
2	0.95	Completed (Passed 6)
3	1.03	Completed (Passed 30)
4	1.40	Completed (Passed 84)
5	3.91	Completed (Passed 280)
6	17.46	Completed (Passed 918)
7	108.53	Completed (Passed 2653)
8	764.51	TimedOut
done

[11 of 12] Compiling Map              ( examples/Map.hs, examples/Map.o )
[12 of 12] Compiling Main             ( examples/Map.lookupGT.hs, examples/Map.lookupGT.o )
Linking examples/Map.lookupGT ...
Map.lookupGT: 
2	0.96	Completed (Passed 6)
3	1.05	Completed (Passed 30)
4	1.12	Completed (Passed 84)
5	3.50	Completed (Passed 280)
6	19.44	Completed (Passed 918)
7	112.10	Completed (Passed 2653)
8	300.14	TimedOut
done

[11 of 12] Compiling Map              ( examples/Map.hs, examples/Map.o )
[12 of 12] Compiling Main             ( examples/Map.lookupLE.hs, examples/Map.lookupLE.o )
Linking examples/Map.lookupLE ...
Map.lookupLE: 
2	1.18	Completed (Passed 6)
3	0.82	Completed (Passed 30)
4	1.48	Completed (Passed 84)
5	3.93	Completed (Passed 280)
6	19.45	Completed (Passed 918)
7	108.44	Completed (Passed 2653)
8	762.45	TimedOut
done

[11 of 12] Compiling Map              ( examples/Map.hs, examples/Map.o )
[12 of 12] Compiling Main             ( examples/Map.lookupGE.hs, examples/Map.lookupGE.o )
Linking examples/Map.lookupGE ...
Map.lookupGE: 
2	1.15	Completed (Passed 6)
3	1.18	Completed (Passed 30)
4	1.49	Completed (Passed 84)
5	3.99	Completed (Passed 280)
6	17.07	Completed (Passed 918)
7	113.48	Completed (Passed 2653)
8	759.43	TimedOut
done

[11 of 12] Compiling Map              ( examples/Map.hs, examples/Map.o )
[12 of 12] Compiling Main             ( examples/Map.empty.hs, examples/Map.empty.o )

examples/Map.empty.hs:43:72:
    No instance for (Testable (Map.Map Char ()))
      arising from a use of ‘testFun’
    In the second argument of ‘($)’, namely
      ‘testFun (Map.empty :: Map.Map Char ()) "Map.empty" n’
    In the second argument of ‘($)’, namely
      ‘runGen spec "examples/Map.hs"
       $ testFun (Map.empty :: Map.Map Char ()) "Map.empty" n’
    In the second argument of ‘($)’, namely
      ‘timeout time
       $ runGen spec "examples/Map.hs"
         $ testFun (Map.empty :: Map.Map Char ()) "Map.empty" n’
timeout: failed to run command `examples/Map.empty': No such file or directory
mv: cannot stat `Map.empty.tix': No such file or directory
[12 of 12] Compiling Main             ( examples/Map.singleton.hs, examples/Map.singleton.o )
Linking examples/Map.singleton ...
Map.singleton: 
2	1.10	Completed (Passed 2)
3	1.23	Completed (Passed 3)
4	0.96	Completed (Passed 4)
5	1.01	Completed (Passed 5)
6	0.68	Completed (Passed 6)
7	1.03	Completed (Passed 7)
8	0.99	Completed (Passed 8)
9	1.02	Completed (Passed 9)
done

[11 of 12] Compiling Map              ( examples/Map.hs, examples/Map.o )
[12 of 12] Compiling Main             ( examples/Map.insert.hs, examples/Map.insert.o )
Linking examples/Map.insert ...
Map.insert: 
2	0.96	Completed (Passed 6)
3	1.14	Completed (Passed 30)
4	2.42	Completed (Passed 84)
5	6.44	Completed (Passed 280)
6	35.78	Completed (Passed 918)
7	168.56	Completed (Passed 2653)
8	300.06	TimedOut
done

[11 of 12] Compiling Map              ( examples/Map.hs, examples/Map.o )
[12 of 12] Compiling Main             ( examples/Map.insertWith.hs, examples/Map.insertWith.o )
Linking examples/Map.insertWith ...
Map.insertWith: 
2	1.12	Completed (Passed 6)
3	1.13	Completed (Passed 30)
4	2.03	Completed (Passed 84)
5	7.31	Completed (Passed 280)
6	34.93	Completed (Passed 918)
7	161.82	Completed (Passed 2653)
8	300.02	TimedOut
done

[11 of 12] Compiling Map              ( examples/Map.hs, examples/Map.o )
[12 of 12] Compiling Main             ( examples/Map.insertWithKey.hs, examples/Map.insertWithKey.o )
Linking examples/Map.insertWithKey ...
Map.insertWithKey: 
2	0.94	Completed (Passed 6)
3	1.10	Completed (Passed 30)
4	1.94	Completed (Passed 84)
5	7.37	Completed (Passed 280)
6	32.32	Completed (Passed 918)
7	163.40	Completed (Passed 2653)
8	300.02	TimedOut
done

[11 of 12] Compiling Map              ( examples/Map.hs, examples/Map.o )
[12 of 12] Compiling Main             ( examples/Map.insertLookupWithKey.hs, examples/Map.insertLookupWithKey.o )
Linking examples/Map.insertLookupWithKey ...
Map.insertLookupWithKey: 
2	1.41	Completed (Passed 6)
3	1.21	Completed (Passed 30)
4	2.30	Completed (Passed 84)
5	7.91	Completed (Passed 280)
6	36.76	Completed (Passed 918)
7	168.79	Completed (Passed 2653)
8	300.02	TimedOut
done

[11 of 12] Compiling Map              ( examples/Map.hs, examples/Map.o )
[12 of 12] Compiling Main             ( examples/Map.delete.hs, examples/Map.delete.o )
Linking examples/Map.delete ...
Map.delete: 
2	1.00	Completed (Passed 6)
3	1.06	Completed (Passed 30)
4	1.73	Completed (Passed 84)
5	5.42	Completed (Passed 280)
6	30.05	Completed (Passed 918)
7	153.52	Completed (Passed 2653)
8	300.02	TimedOut
done

[11 of 12] Compiling Map              ( examples/Map.hs, examples/Map.o )
[12 of 12] Compiling Main             ( examples/Map.adjust.hs, examples/Map.adjust.o )
Linking examples/Map.adjust ...
Map.adjust: 
2	0.96	Completed (Passed 6)
3	1.12	Completed (Passed 30)
4	1.88	Completed (Passed 84)
5	6.64	Completed (Passed 280)
6	32.30	Completed (Passed 918)
7	156.96	Completed (Passed 2653)
8	300.03	TimedOut
done

[11 of 12] Compiling Map              ( examples/Map.hs, examples/Map.o )
[12 of 12] Compiling Main             ( examples/Map.adjustWithKey.hs, examples/Map.adjustWithKey.o )
Linking examples/Map.adjustWithKey ...
Map.adjustWithKey: 
2	0.97	Completed (Passed 6)
3	1.09	Completed (Passed 30)
4	1.71	Completed (Passed 84)
5	6.67	Completed (Passed 280)
6	30.35	Completed (Passed 918)
7	157.67	Completed (Passed 2653)
8	300.24	TimedOut
done

[11 of 12] Compiling Map              ( examples/Map.hs, examples/Map.o )
[12 of 12] Compiling Main             ( examples/Map.update.hs, examples/Map.update.o )
Linking examples/Map.update ...
Map.update: 
2	1.91	Completed (Passed 6)
3	2.07	Completed (Passed 30)
4	2.42	Completed (Passed 84)
5	8.09	Completed (Passed 280)
6	36.78	Completed (Passed 918)
7	183.24	Completed (Passed 2653)
8	300.04	TimedOut
done

[11 of 12] Compiling Map              ( examples/Map.hs, examples/Map.o )
[12 of 12] Compiling Main             ( examples/Map.updateWithKey.hs, examples/Map.updateWithKey.o )
Linking examples/Map.updateWithKey ...
Map.updateWithKey: 
2	1.88	Completed (Passed 6)
3	2.06	Completed (Passed 30)
4	2.72	Completed (Passed 84)
5	8.02	Completed (Passed 280)
6	36.97	Completed (Passed 918)
7	168.79	Completed (Passed 2653)
8	677.13	TimedOut
done

[11 of 12] Compiling Map              ( examples/Map.hs, examples/Map.o )
[12 of 12] Compiling Main             ( examples/Map.updateLookupWithKey.hs, examples/Map.updateLookupWithKey.o )
Linking examples/Map.updateLookupWithKey ...
Map.updateLookupWithKey: 
2	1.89	Completed (Passed 6)
3	2.08	Completed (Passed 30)
4	2.84	Completed (Passed 84)
5	8.55	Completed (Passed 280)
6	38.57	Completed (Passed 918)
7	184.60	Completed (Passed 2653)
8	659.29	TimedOut
done

[11 of 12] Compiling Map              ( examples/Map.hs, examples/Map.o )
[12 of 12] Compiling Main             ( examples/Map.alter.hs, examples/Map.alter.o )
Linking examples/Map.alter ...
Map.alter: 
2	0.94	Completed (Passed 6)
3	1.12	Completed (Passed 30)
4	2.13	Completed (Passed 84)
5	8.17	Completed (Passed 280)
6	39.69	Completed (Passed 918)
7	200.26	Completed (Passed 2653)
Map.alter: user error (Pattern match failure in do expression at src/Test/LiquidCheck/Driver.hs:100:12-23)
[11 of 12] Compiling Map              ( examples/Map.hs, examples/Map.o )
[12 of 12] Compiling Main             ( examples/Map.findIndex.hs, examples/Map.findIndex.o )
Linking examples/Map.findIndex ...
Map.findIndex: 
2	0.03	Completed (Passed 6)
3	0.08	Completed (Passed 30)
4	0.29	Completed (Passed 84)
5	2.75	Completed (Passed 280)
6	17.95	Completed (Passed 918)
7	109.96	Completed (Passed 2653)
8	766.39	TimedOut
done

[11 of 12] Compiling Map              ( examples/Map.hs, examples/Map.o )
[12 of 12] Compiling Main             ( examples/Map.lookupIndex.hs, examples/Map.lookupIndex.o )
Linking examples/Map.lookupIndex ...
Map.lookupIndex: 
2	0.03	Completed (Passed 6)
3	0.07	Completed (Passed 30)
4	0.37	Completed (Passed 84)
5	2.77	Completed (Passed 280)
6	18.03	Completed (Passed 918)
7	109.67	Completed (Passed 2653)
8	300.03	TimedOut
done

[11 of 12] Compiling Map              ( examples/Map.hs, examples/Map.o )
[12 of 12] Compiling Main             ( examples/Map.elemAt.hs, examples/Map.elemAt.o )
Linking examples/Map.elemAt ...
Map.elemAt: 
2	1.13	Completed (Passed 9)
3	1.05	Completed (Passed 50)
4	1.71	Completed (Passed 147)
5	6.05	Completed (Passed 504)
6	35.86	Completed (Passed 1683)
7	211.26	Completed (Passed 4927)
8	300.04	TimedOut
done

[11 of 12] Compiling Map              ( examples/Map.hs, examples/Map.o )
[12 of 12] Compiling Main             ( examples/Map.updateAt.hs, examples/Map.updateAt.o )
Linking examples/Map.updateAt ...
Map.updateAt: 
2	1.87	Completed (Passed 9)
3	1.91	Completed (Passed 50)
4	2.64	Completed (Passed 147)
5	9.06	Completed (Passed 504)
6	48.70	Completed (Passed 1683)
7	270.43	Completed (Passed 4927)
8	300.03	TimedOut
done

[11 of 12] Compiling Map              ( examples/Map.hs, examples/Map.o )
[12 of 12] Compiling Main             ( examples/Map.deleteAt.hs, examples/Map.deleteAt.o )
Linking examples/Map.deleteAt ...
Map.deleteAt: 
2	0.04	Completed (Passed 9)
3	1.05	Completed (Passed 50)
4	1.75	Completed (Passed 147)
5	6.76	Completed (Passed 504)
6	41.80	Completed (Passed 1683)
7	236.57	Completed (Passed 4927)
8	300.04	TimedOut
done

[11 of 12] Compiling Map              ( examples/Map.hs, examples/Map.o )
[12 of 12] Compiling Main             ( examples/Map.findMin.hs, examples/Map.findMin.o )
Linking examples/Map.findMin ...
Map.findMin: 
2	0.94	Completed (Passed 3)
3	1.21	Completed (Passed 10)
4	1.21	Completed (Passed 21)
5	1.42	Completed (Passed 56)
6	4.21	Completed (Passed 153)
7	16.73	Completed (Passed 379)
8	89.16	Completed (Passed 985)
9	300.06	TimedOut
done

[11 of 12] Compiling Map              ( examples/Map.hs, examples/Map.o )
[12 of 12] Compiling Main             ( examples/Map.findMax.hs, examples/Map.findMax.o )
Linking examples/Map.findMax ...
Map.findMax: 
2	1.25	Completed (Passed 3)
3	1.05	Completed (Passed 10)
4	1.07	Completed (Passed 21)
5	1.66	Completed (Passed 56)
6	3.83	Completed (Passed 153)
7	15.99	Completed (Passed 379)
8	91.13	Completed (Passed 985)
9	300.17	TimedOut
done

[11 of 12] Compiling Map              ( examples/Map.hs, examples/Map.o )
[12 of 12] Compiling Main             ( examples/Map.deleteMin.hs, examples/Map.deleteMin.o )
Linking examples/Map.deleteMin ...
Map.deleteMin: 
2	0.03	Completed (Passed 3)
3	1.06	Completed (Passed 10)
4	1.08	Completed (Passed 21)
5	1.54	Completed (Passed 56)
6	5.53	Completed (Passed 153)
7	21.18	Completed (Passed 379)
8	106.42	Completed (Passed 985)
9	300.10	TimedOut
done

[11 of 12] Compiling Map              ( examples/Map.hs, examples/Map.o )
[12 of 12] Compiling Main             ( examples/Map.deleteMax.hs, examples/Map.deleteMax.o )
Linking examples/Map.deleteMax ...
Map.deleteMax: 
2	0.03	Completed (Passed 3)
3	0.98	Completed (Passed 10)
4	1.06	Completed (Passed 21)
5	1.75	Completed (Passed 56)
6	5.29	Completed (Passed 153)
7	21.00	Completed (Passed 379)
8	107.06	Completed (Passed 985)
9	300.13	TimedOut
done

[11 of 12] Compiling Map              ( examples/Map.hs, examples/Map.o )
[12 of 12] Compiling Main             ( examples/Map.updateMin.hs, examples/Map.updateMin.o )
Linking examples/Map.updateMin ...
Map.updateMin: 
2	1.92	Completed (Passed 3)
3	1.95	Completed (Passed 10)
4	2.25	Completed (Passed 21)
5	2.93	Completed (Passed 56)
6	7.83	Completed (Passed 153)
7	30.62	Completed (Passed 379)
8	147.54	Completed (Passed 985)
Map.updateMin: user error (Pattern match failure in do expression at src/Test/LiquidCheck/Driver.hs:100:12-23)
[11 of 12] Compiling Map              ( examples/Map.hs, examples/Map.o )
[12 of 12] Compiling Main             ( examples/Map.updateMax.hs, examples/Map.updateMax.o )
Linking examples/Map.updateMax ...
Map.updateMax: 
2	1.85	Completed (Passed 3)
3	1.95	Completed (Passed 10)
4	2.01	Completed (Passed 21)
5	2.93	Completed (Passed 56)
6	7.86	Completed (Passed 153)
7	30.37	Completed (Passed 379)
8	149.04	Completed (Passed 985)
Map.updateMax: user error (Pattern match failure in do expression at src/Test/LiquidCheck/Driver.hs:100:12-23)
[11 of 12] Compiling Map              ( examples/Map.hs, examples/Map.o )
[12 of 12] Compiling Main             ( examples/Map.updateMinWithKey.hs, examples/Map.updateMinWithKey.o )
Linking examples/Map.updateMinWithKey ...
Map.updateMinWithKey: 
2	1.75	Completed (Passed 3)
3	2.12	Completed (Passed 10)
4	2.08	Completed (Passed 21)
5	2.88	Completed (Passed 56)
6	8.03	Completed (Passed 153)
7	30.65	Completed (Passed 379)
8	148.12	Completed (Passed 985)
9	300.08	TimedOut
done

[11 of 12] Compiling Map              ( examples/Map.hs, examples/Map.o )
[12 of 12] Compiling Main             ( examples/Map.updateMaxWithKey.hs, examples/Map.updateMaxWithKey.o )
Linking examples/Map.updateMaxWithKey ...
Map.updateMaxWithKey: 
2	2.14	Completed (Passed 3)
3	1.96	Completed (Passed 10)
4	1.92	Completed (Passed 21)
5	3.06	Completed (Passed 56)
6	8.36	Completed (Passed 153)
7	28.89	Completed (Passed 379)
8	150.63	Completed (Passed 985)
9	300.08	TimedOut
done

[11 of 12] Compiling Map              ( examples/Map.hs, examples/Map.o )
[12 of 12] Compiling Main             ( examples/Map.minViewWithKey.hs, examples/Map.minViewWithKey.o )
Linking examples/Map.minViewWithKey ...
Map.minViewWithKey: 
2	0.89	Completed (Passed 3)
3	1.08	Completed (Passed 10)
4	1.34	Completed (Passed 21)
5	2.28	Completed (Passed 56)
6	6.29	Completed (Passed 153)
7	23.51	Completed (Passed 379)
8	111.50	Completed (Passed 985)
9	300.13	TimedOut
done

[11 of 12] Compiling Map              ( examples/Map.hs, examples/Map.o )
[12 of 12] Compiling Main             ( examples/Map.maxViewWithKey.hs, examples/Map.maxViewWithKey.o )
Linking examples/Map.maxViewWithKey ...
Map.maxViewWithKey: 
2	0.93	Completed (Passed 3)
3	1.00	Completed (Passed 10)
4	1.27	Completed (Passed 21)
5	2.31	Completed (Passed 56)
6	6.36	Completed (Passed 153)
7	23.96	Completed (Passed 379)
8	109.70	Completed (Passed 985)
9	752.42	TimedOut
done

[11 of 12] Compiling Map              ( examples/Map.hs, examples/Map.o )
[12 of 12] Compiling Main             ( examples/Map.minView.hs, examples/Map.minView.o )
Linking examples/Map.minView ...
Map.minView: 
2	0.93	Completed (Passed 3)
3	0.98	Completed (Passed 10)
4	1.25	Completed (Passed 21)
5	2.23	Completed (Passed 56)
6	6.08	Completed (Passed 153)
7	22.90	Completed (Passed 379)
8	111.69	Completed (Passed 985)
9	300.14	TimedOut
done

[11 of 12] Compiling Map              ( examples/Map.hs, examples/Map.o )
[12 of 12] Compiling Main             ( examples/Map.maxView.hs, examples/Map.maxView.o )
Linking examples/Map.maxView ...
Map.maxView: 
2	0.93	Completed (Passed 3)
3	1.00	Completed (Passed 10)
4	1.10	Completed (Passed 21)
5	1.75	Completed (Passed 56)
6	6.10	Completed (Passed 153)
7	22.56	Completed (Passed 379)
8	111.13	Completed (Passed 985)
9	300.12	TimedOut
done

[11 of 12] Compiling Map              ( examples/Map.hs, examples/Map.o )
[12 of 12] Compiling Main             ( examples/Map.unions.hs, examples/Map.unions.o )
Linking examples/Map.unions ...
Map.unions: 
2	0.93	Completed (Passed 4)
3	2.23	Completed (Passed 111)
4	300.02	TimedOut
done

[11 of 12] Compiling Map              ( examples/Map.hs, examples/Map.o )
[12 of 12] Compiling Main             ( examples/Map.unionsWith.hs, examples/Map.unionsWith.o )
Linking examples/Map.unionsWith ...
Map.unionsWith: 
2	0.72	Completed (Passed 4)
3	2.15	Completed (Passed 111)
4	300.08	TimedOut
done

[11 of 12] Compiling Map              ( examples/Map.hs, examples/Map.o )
[12 of 12] Compiling Main             ( examples/Map.union.hs, examples/Map.union.o )
Linking examples/Map.union ...
Map.union: 
2	0.93	Completed (Passed 9)
3	2.20	Completed (Passed 100)
4	10.44	Completed (Passed 441)
5	141.16	Completed (Passed 3136)
6	300.03	TimedOut
done

[11 of 12] Compiling Map              ( examples/Map.hs, examples/Map.o )
[12 of 12] Compiling Main             ( examples/Map.unionWith.hs, examples/Map.unionWith.o )
Linking examples/Map.unionWith ...
Map.unionWith: 
2	0.97	Completed (Passed 9)
3	2.17	Completed (Passed 100)
4	10.15	Completed (Passed 441)
5	131.86	Completed (Passed 3136)
6	300.04	TimedOut
done

[11 of 12] Compiling Map              ( examples/Map.hs, examples/Map.o )
[12 of 12] Compiling Main             ( examples/Map.unionWithKey.hs, examples/Map.unionWithKey.o )
Linking examples/Map.unionWithKey ...
Map.unionWithKey: 
2	0.97	Completed (Passed 9)
3	2.10	Completed (Passed 100)
4	10.11	Completed (Passed 441)
5	131.17	Completed (Passed 3136)
6	300.05	TimedOut
done

[11 of 12] Compiling Map              ( examples/Map.hs, examples/Map.o )
[12 of 12] Compiling Main             ( examples/Map.difference.hs, examples/Map.difference.o )
Linking examples/Map.difference ...
Map.difference: 
2	1.13	Completed (Passed 9)
3	1.39	Completed (Passed 100)
4	6.88	Completed (Passed 441)
5	99.27	Completed (Passed 3136)
6	300.04	TimedOut
done

[11 of 12] Compiling Map              ( examples/Map.hs, examples/Map.o )
[12 of 12] Compiling Main             ( examples/Map.differenceWith.hs, examples/Map.differenceWith.o )
Linking examples/Map.differenceWith ...
Map.differenceWith: 
2	1.04	Completed (Passed 9)
3	2.04	Completed (Passed 100)
4	9.14	Completed (Passed 441)
5	127.58	Completed (Passed 3136)
6	757.78	TimedOut
done

[11 of 12] Compiling Map              ( examples/Map.hs, examples/Map.o )
[12 of 12] Compiling Main             ( examples/Map.differenceWithKey.hs, examples/Map.differenceWithKey.o )
Linking examples/Map.differenceWithKey ...
Map.differenceWithKey: 
2	0.95	Completed (Passed 9)
3	2.01	Completed (Passed 100)
4	9.38	Completed (Passed 441)
5	157.93	Completed (Passed 3136)
Map.differenceWithKey: user error (Pattern match failure in do expression at src/Test/LiquidCheck/Driver.hs:100:12-23)
[11 of 12] Compiling Map              ( examples/Map.hs, examples/Map.o )
[12 of 12] Compiling Main             ( examples/Map.intersection.hs, examples/Map.intersection.o )
Linking examples/Map.intersection ...
Map.intersection: 
2	1.22	Completed (Passed 9)
3	1.38	Completed (Passed 100)
4	6.76	Completed (Passed 441)
5	103.93	Completed (Passed 3136)
6	300.06	TimedOut
done

[11 of 12] Compiling Map              ( examples/Map.hs, examples/Map.o )
[12 of 12] Compiling Main             ( examples/Map.intersectionWith.hs, examples/Map.intersectionWith.o )
Linking examples/Map.intersectionWith ...
Map.intersectionWith: 
2	0.94	Completed (Passed 9)
3	1.27	Completed (Passed 100)
4	4.50	Completed (Passed 441)
5	64.23	Completed (Passed 3136)
6	300.06	TimedOut
done

[11 of 12] Compiling Map              ( examples/Map.hs, examples/Map.o )
[12 of 12] Compiling Main             ( examples/Map.intersectionWithKey.hs, examples/Map.intersectionWithKey.o )
Linking examples/Map.intersectionWithKey ...
Map.intersectionWithKey: 
2	0.98	Completed (Passed 9)
3	1.43	Completed (Passed 100)
4	6.19	Completed (Passed 441)
5	93.09	Completed (Passed 3136)
6	300.02	TimedOut
done

[11 of 12] Compiling Map              ( examples/Map.hs, examples/Map.o )
[12 of 12] Compiling Main             ( examples/Map.mergeWithKey.hs, examples/Map.mergeWithKey.o )
Linking examples/Map.mergeWithKey ...
Map.mergeWithKey: 
Map.mergeWithKey: src/Test/LiquidCheck/Testable.hs:(136,3)-(141,25): Non-exhaustive patterns in function stitchArgs

[11 of 12] Compiling Map              ( examples/Map.hs, examples/Map.o )
[12 of 12] Compiling Main             ( examples/Map.isSubmapOf.hs, examples/Map.isSubmapOf.o )
Linking examples/Map.isSubmapOf ...
Map.isSubmapOf: 
2	1.88	Completed (Passed 9)
3	2.18	Completed (Passed 100)
4	4.99	Completed (Passed 441)
5	83.80	Completed (Passed 3136)
6	300.08	TimedOut
done

[11 of 12] Compiling Map              ( examples/Map.hs, examples/Map.o )
[12 of 12] Compiling Main             ( examples/Map.isSubmapOfBy.hs, examples/Map.isSubmapOfBy.o )
Linking examples/Map.isSubmapOfBy ...
Map.isSubmapOfBy: 
2	3.41	Completed (Passed 9)
3	32.59	Completed (Passed 100)
4	136.32	Completed (Passed 441)
Map.isSubmapOfBy: Map.isSubmapOfBy: signal: 15
[11 of 12] Compiling Map              ( examples/Map.hs, examples/Map.o )
[12 of 12] Compiling Main             ( examples/Map.isProperSubmapOf.hs, examples/Map.isProperSubmapOf.o )
Linking examples/Map.isProperSubmapOf ...
Map.isProperSubmapOf: 
2	1.86	Completed (Passed 9)
3	2.50	Completed (Passed 100)
4	5.75	Completed (Passed 441)
5	83.11	Completed (Passed 3136)
6	300.03	TimedOut
done

[11 of 12] Compiling Map              ( examples/Map.hs, examples/Map.o )
[12 of 12] Compiling Main             ( examples/Map.isProperSubmapOfBy.hs, examples/Map.isProperSubmapOfBy.o )
Linking examples/Map.isProperSubmapOfBy ...
Map.isProperSubmapOfBy: 
2	1.44	Completed (Passed 9)
3	12.36	Completed (Passed 100)
4	70.39	Completed (Passed 441)
5	723.88	Completed (Passed 3136)
Map.isProperSubmapOfBy: fd:5: hFlush: resource vanished (Broken pipe)
[11 of 12] Compiling Map              ( examples/Map.hs, examples/Map.o )
[12 of 12] Compiling Main             ( examples/Map.filter.hs, examples/Map.filter.o )
Linking examples/Map.filter ...
Map.filter: 
2	3.73	Completed (Passed 3)
3	9.39	Completed (Passed 10)
4	19.56	Completed (Passed 21)
5	51.35	Completed (Passed 56)
6	136.70	Completed (Passed 153)
7	352.43	Completed (Passed 379)
Map.filter: fd:5: hFlush: resource vanished (Broken pipe)
[11 of 12] Compiling Map              ( examples/Map.hs, examples/Map.o )
[12 of 12] Compiling Main             ( examples/Map.filterWithKey.hs, examples/Map.filterWithKey.o )
Linking examples/Map.filterWithKey ...
Map.filterWithKey: 
2	3.25	Completed (Passed 3)
3	14.84	Completed (Passed 10)
4	36.93	Completed (Passed 21)
5	138.85	Completed (Passed 56)
6	491.95	Completed (Passed 153)
Map.filterWithKey: fd:5: hFlush: resource vanished (Broken pipe)
[11 of 12] Compiling Map              ( examples/Map.hs, examples/Map.o )
[12 of 12] Compiling Main             ( examples/Map.partition.hs, examples/Map.partition.o )
Linking examples/Map.partition ...
Map.partition: 
2	3.53	Completed (Passed 3)
3	3.06	Completed (Passed 10)
4	3.38	Completed (Passed 21)
5	5.02	Completed (Passed 56)
6	10.41	Completed (Passed 153)
7	35.35	Completed (Passed 379)
8	158.17	Completed (Passed 985)
9	300.04	TimedOut
done

[11 of 12] Compiling Map              ( examples/Map.hs, examples/Map.o )
[12 of 12] Compiling Main             ( examples/Map.partitionWithKey.hs, examples/Map.partitionWithKey.o )
Linking examples/Map.partitionWithKey ...
Map.partitionWithKey: 
2	3.31	Completed (Passed 3)
3	3.26	Completed (Passed 10)
4	3.76	Completed (Passed 21)
5	5.41	Completed (Passed 56)
6	13.85	Completed (Passed 153)
7	59.02	Completed (Passed 379)
8	288.98	Completed (Passed 985)
9	300.11	TimedOut
done

[11 of 12] Compiling Map              ( examples/Map.hs, examples/Map.o )
[12 of 12] Compiling Main             ( examples/Map.mapMaybe.hs, examples/Map.mapMaybe.o )
Linking examples/Map.mapMaybe ...
Map.mapMaybe: 
2	1.89	Completed (Passed 3)
3	1.96	Completed (Passed 10)
4	1.81	Completed (Passed 21)
5	2.81	Completed (Passed 56)
6	6.74	Completed (Passed 153)
7	27.86	Completed (Passed 379)
8	107.35	Completed (Passed 985)
9	300.08	TimedOut
done

[11 of 12] Compiling Map              ( examples/Map.hs, examples/Map.o )
[12 of 12] Compiling Main             ( examples/Map.mapMaybeWithKey.hs, examples/Map.mapMaybeWithKey.o )
Linking examples/Map.mapMaybeWithKey ...
Map.mapMaybeWithKey: 
2	1.87	Completed (Passed 3)
3	1.99	Completed (Passed 10)
4	1.85	Completed (Passed 21)
5	3.28	Completed (Passed 56)
6	10.51	Completed (Passed 153)
7	50.39	Completed (Passed 379)
8	256.47	Completed (Passed 985)
Map.mapMaybeWithKey: user error (Pattern match failure in do expression at src/Test/LiquidCheck/Driver.hs:100:12-23)
[11 of 12] Compiling Map              ( examples/Map.hs, examples/Map.o )
[12 of 12] Compiling Main             ( examples/Map.mapEither.hs, examples/Map.mapEither.o )
Linking examples/Map.mapEither ...
Map.mapEither: 
2	3.34	Completed (Passed 3)
3	3.50	Completed (Passed 10)
4	3.65	Completed (Passed 21)
5	5.19	Completed (Passed 56)
6	10.38	Completed (Passed 153)
7	34.08	Completed (Passed 379)
8	157.36	Completed (Passed 985)
9	300.11	TimedOut
done

[11 of 12] Compiling Map              ( examples/Map.hs, examples/Map.o )
[12 of 12] Compiling Main             ( examples/Map.mapEitherWithKey.hs, examples/Map.mapEitherWithKey.o )
Linking examples/Map.mapEitherWithKey ...
Map.mapEitherWithKey: 
2	3.61	Completed (Passed 3)
3	3.58	Completed (Passed 10)
4	4.11	Completed (Passed 21)
5	5.31	Completed (Passed 56)
6	14.28	Completed (Passed 153)
7	53.02	Completed (Passed 379)
8	813.88	TimedOut
done

[11 of 12] Compiling Map              ( examples/Map.hs, examples/Map.o )
[12 of 12] Compiling Main             ( examples/Map.map.hs, examples/Map.map.o )
Linking examples/Map.map ...
Map.map: 
2	0.93	Completed (Passed 3)
3	1.02	Completed (Passed 10)
4	1.09	Completed (Passed 21)
5	2.12	Completed (Passed 56)
6	6.35	Completed (Passed 153)
7	24.16	Completed (Passed 379)
8	111.94	Completed (Passed 985)
9	300.04	TimedOut
done

[11 of 12] Compiling Map              ( examples/Map.hs, examples/Map.o )
[12 of 12] Compiling Main             ( examples/Map.mapWithKey.hs, examples/Map.mapWithKey.o )
Linking examples/Map.mapWithKey ...
Map.mapWithKey: 
2	0.92	Completed (Passed 3)
3	0.99	Completed (Passed 10)
4	1.11	Completed (Passed 21)
5	2.07	Completed (Passed 56)
6	6.35	Completed (Passed 153)
7	23.40	Completed (Passed 379)
8	108.28	Completed (Passed 985)
9	754.52	TimedOut
done

[11 of 12] Compiling Map              ( examples/Map.hs, examples/Map.o )
[12 of 12] Compiling Main             ( examples/Map.mapAccum.hs, examples/Map.mapAccum.o )
Linking examples/Map.mapAccum ...
Map.mapAccum: 
2	0.93	Completed (Passed 3)
3	1.00	Completed (Passed 10)
4	1.13	Completed (Passed 21)
5	2.19	Completed (Passed 56)
6	6.37	Completed (Passed 153)
7	24.24	Completed (Passed 379)
8	113.38	Completed (Passed 985)
9	300.07	TimedOut
done

[11 of 12] Compiling Map              ( examples/Map.hs, examples/Map.o )
[12 of 12] Compiling Main             ( examples/Map.mapAccumWithKey.hs, examples/Map.mapAccumWithKey.o )
Linking examples/Map.mapAccumWithKey ...
Map.mapAccumWithKey: 
2	0.92	Completed (Passed 3)
3	1.00	Completed (Passed 10)
4	1.18	Completed (Passed 21)
5	2.39	Completed (Passed 56)
6	6.70	Completed (Passed 153)
7	22.05	Completed (Passed 379)
8	111.66	Completed (Passed 985)
9	300.04	TimedOut
done

[11 of 12] Compiling Map              ( examples/Map.hs, examples/Map.o )
[12 of 12] Compiling Main             ( examples/Map.mapAccumRWithKey.hs, examples/Map.mapAccumRWithKey.o )
Linking examples/Map.mapAccumRWithKey ...
Map.mapAccumRWithKey: 
2	0.96	Completed (Passed 3)
3	0.99	Completed (Passed 10)
4	1.14	Completed (Passed 21)
5	2.16	Completed (Passed 56)
6	6.65	Completed (Passed 153)
7	24.23	Completed (Passed 379)
8	113.12	Completed (Passed 985)
9	300.06	TimedOut
done

[11 of 12] Compiling Map              ( examples/Map.hs, examples/Map.o )
[12 of 12] Compiling Main             ( examples/Map.mapKeys.hs, examples/Map.mapKeys.o )
Linking examples/Map.mapKeys ...
Map.mapKeys: 
2	0.96	Completed (Passed 3)
3	1.00	Completed (Passed 10)
4	1.11	Completed (Passed 21)
5	1.93	Completed (Passed 56)
6	8.99	Completed (Passed 153)
7	45.14	Completed (Passed 379)
8	279.47	Completed (Passed 985)
Map.mapKeys: user error (Pattern match failure in do expression at src/Test/LiquidCheck/Driver.hs:100:12-23)
[11 of 12] Compiling Map              ( examples/Map.hs, examples/Map.o )
[12 of 12] Compiling Main             ( examples/Map.mapKeysWith.hs, examples/Map.mapKeysWith.o )
Linking examples/Map.mapKeysWith ...
Map.mapKeysWith: 
2	0.92	Completed (Passed 3)
3	0.99	Completed (Passed 10)
4	1.14	Completed (Passed 21)
5	2.02	Completed (Passed 56)
6	9.04	Completed (Passed 153)
7	45.14	Completed (Passed 379)
8	282.39	Completed (Passed 985)
Map.mapKeysWith: user error (Pattern match failure in do expression at src/Test/LiquidCheck/Driver.hs:100:12-23)
[11 of 12] Compiling Map              ( examples/Map.hs, examples/Map.o )
[12 of 12] Compiling Main             ( examples/Map.mapKeysMonotonic.hs, examples/Map.mapKeysMonotonic.o )
Linking examples/Map.mapKeysMonotonic ...
Map.mapKeysMonotonic: 
2	0.94	Completed (Passed 3)
3	1.01	Completed (Passed 10)
4	1.65	Completed (Passed 21)
5	3.03	Completed (Passed 56)
6	9.63	Completed (Passed 153)
7	57.34	Completed (Passed 379)
8	300.06	TimedOut
done

[11 of 12] Compiling Map              ( examples/Map.hs, examples/Map.o )
[12 of 12] Compiling Main             ( examples/Map.foldr.hs, examples/Map.foldr.o )
Linking examples/Map.foldr ...
Map.foldr: 
2	0.98	Completed (Passed 3)
3	1.00	Completed (Passed 10)
4	1.08	Completed (Passed 21)
5	1.78	Completed (Passed 56)
6	4.97	Completed (Passed 153)
7	22.75	Completed (Passed 379)
8	128.29	Completed (Passed 985)
9	300.06	TimedOut
done

[11 of 12] Compiling Map              ( examples/Map.hs, examples/Map.o )
[12 of 12] Compiling Main             ( examples/Map.foldr'.hs, examples/Map.foldr'.o )
Linking examples/Map.foldr' ...
Map.foldr': 
2	0.99	Completed (Passed 3)
3	1.08	Completed (Passed 10)
4	1.07	Completed (Passed 21)
5	1.80	Completed (Passed 56)
6	5.05	Completed (Passed 153)
7	22.36	Completed (Passed 379)
8	124.51	Completed (Passed 985)
9	300.08	TimedOut
done

[11 of 12] Compiling Map              ( examples/Map.hs, examples/Map.o )
[12 of 12] Compiling Main             ( examples/Map.foldl.hs, examples/Map.foldl.o )
Linking examples/Map.foldl ...
Map.foldl: 
2	0.97	Completed (Passed 3)
3	1.05	Completed (Passed 10)
4	1.14	Completed (Passed 21)
5	1.88	Completed (Passed 56)
6	5.16	Completed (Passed 153)
7	17.16	Completed (Passed 379)
8	131.52	Completed (Passed 985)
9	738.71	TimedOut
done

[11 of 12] Compiling Map              ( examples/Map.hs, examples/Map.o )
[12 of 12] Compiling Main             ( examples/Map.foldl'.hs, examples/Map.foldl'.o )
Linking examples/Map.foldl' ...
Map.foldl': 
2	1.36	Completed (Passed 3)
3	0.99	Completed (Passed 10)
4	1.14	Completed (Passed 21)
5	1.95	Completed (Passed 56)
6	5.12	Completed (Passed 153)
7	21.40	Completed (Passed 379)
8	130.78	Completed (Passed 985)
9	300.07	TimedOut
done

[11 of 12] Compiling Map              ( examples/Map.hs, examples/Map.o )
[12 of 12] Compiling Main             ( examples/Map.foldrWithKey.hs, examples/Map.foldrWithKey.o )
Linking examples/Map.foldrWithKey ...
Map.foldrWithKey: 
2	1.29	Completed (Passed 3)
3	0.98	Completed (Passed 10)
4	1.09	Completed (Passed 21)
5	1.65	Completed (Passed 56)
6	5.00	Completed (Passed 153)
7	22.47	Completed (Passed 379)
8	127.90	Completed (Passed 985)
9	737.34	TimedOut
done

[11 of 12] Compiling Map              ( examples/Map.hs, examples/Map.o )
[12 of 12] Compiling Main             ( examples/Map.foldrWithKey'.hs, examples/Map.foldrWithKey'.o )
Linking examples/Map.foldrWithKey' ...
Map.foldrWithKey': 
2	1.17	Completed (Passed 3)
3	0.99	Completed (Passed 10)
4	1.10	Completed (Passed 21)
5	1.88	Completed (Passed 56)
6	6.50	Completed (Passed 153)
7	31.94	Completed (Passed 379)
8	178.27	Completed (Passed 985)
Map.foldrWithKey': user error (Pattern match failure in do expression at src/Test/LiquidCheck/Driver.hs:100:12-23)
[11 of 12] Compiling Map              ( examples/Map.hs, examples/Map.o )
[12 of 12] Compiling Main             ( examples/Map.foldlWithKey.hs, examples/Map.foldlWithKey.o )
Linking examples/Map.foldlWithKey ...
Map.foldlWithKey: 
2	1.26	Completed (Passed 3)
3	1.00	Completed (Passed 10)
4	1.09	Completed (Passed 21)
5	1.68	Completed (Passed 56)
6	5.02	Completed (Passed 153)
7	23.59	Completed (Passed 379)
8	130.95	Completed (Passed 985)
9	300.16	TimedOut
done

[11 of 12] Compiling Map              ( examples/Map.hs, examples/Map.o )
[12 of 12] Compiling Main             ( examples/Map.foldlWithKey'.hs, examples/Map.foldlWithKey'.o )
Linking examples/Map.foldlWithKey' ...
Map.foldlWithKey': 
2	0.96	Completed (Passed 3)
3	0.99	Completed (Passed 10)
4	1.09	Completed (Passed 21)
5	1.71	Completed (Passed 56)
6	6.13	Completed (Passed 153)
7	27.99	Completed (Passed 379)
8	181.51	Completed (Passed 985)
9	300.04	TimedOut
done

[11 of 12] Compiling Map              ( examples/Map.hs, examples/Map.o )
[12 of 12] Compiling Main             ( examples/Map.elems.hs, examples/Map.elems.o )
Linking examples/Map.elems ...
Map.elems: 
2	0.96	Completed (Passed 3)
3	0.97	Completed (Passed 10)
4	1.05	Completed (Passed 21)
5	1.61	Completed (Passed 56)
6	4.59	Completed (Passed 153)
7	18.69	Completed (Passed 379)
8	94.07	Completed (Passed 985)
9	775.51	TimedOut
done

[11 of 12] Compiling Map              ( examples/Map.hs, examples/Map.o )
[12 of 12] Compiling Main             ( examples/Map.keys.hs, examples/Map.keys.o )
Linking examples/Map.keys ...
Map.keys: 
2	0.03	Completed (Passed 3)
3	0.07	Completed (Passed 10)
4	0.22	Completed (Passed 21)
5	0.88	Completed (Passed 56)
6	4.07	Completed (Passed 153)
7	18.51	Completed (Passed 379)
8	97.52	Completed (Passed 985)
9	300.07	TimedOut
done

[11 of 12] Compiling Map              ( examples/Map.hs, examples/Map.o )
[12 of 12] Compiling Main             ( examples/Map.assocs.hs, examples/Map.assocs.o )
Linking examples/Map.assocs ...
Map.assocs: 
2	0.96	Completed (Passed 3)
3	0.99	Completed (Passed 10)
4	1.09	Completed (Passed 21)
5	1.96	Completed (Passed 56)
6	5.97	Completed (Passed 153)
7	22.83	Completed (Passed 379)
8	111.32	Completed (Passed 985)
9	300.11	TimedOut
done

[11 of 12] Compiling Map              ( examples/Map.hs, examples/Map.o )
[12 of 12] Compiling Main             ( examples/Map.fromList.hs, examples/Map.fromList.o )
Linking examples/Map.fromList ...
Map.fromList: 
2	1.04	Completed (Passed 3)
3	1.00	Completed (Passed 13)
4	1.83	Completed (Passed 85)
5	12.55	Completed (Passed 781)
6	216.67	Completed (Passed 9331)
7	300.02	TimedOut
done

[11 of 12] Compiling Map              ( examples/Map.hs, examples/Map.o )
[12 of 12] Compiling Main             ( examples/Map.fromListWith.hs, examples/Map.fromListWith.o )
Linking examples/Map.fromListWith ...
Map.fromListWith: 
2	0.98	Completed (Passed 3)
3	1.00	Completed (Passed 13)
4	1.63	Completed (Passed 85)
5	12.26	Completed (Passed 781)
6	215.80	Completed (Passed 9331)
7	666.13	TimedOut
done

[11 of 12] Compiling Map              ( examples/Map.hs, examples/Map.o )
[12 of 12] Compiling Main             ( examples/Map.fromListWithKey.hs, examples/Map.fromListWithKey.o )
Linking examples/Map.fromListWithKey ...
Map.fromListWithKey: 
2	0.91	Completed (Passed 3)
3	1.04	Completed (Passed 13)
4	1.75	Completed (Passed 85)
5	12.44	Completed (Passed 781)
6	219.69	Completed (Passed 9331)
7	300.02	TimedOut
done

[11 of 12] Compiling Map              ( examples/Map.hs, examples/Map.o )
[12 of 12] Compiling Main             ( examples/Map.toList.hs, examples/Map.toList.o )
Linking examples/Map.toList ...
Map.toList: 
2	0.97	Completed (Passed 3)
3	0.97	Completed (Passed 10)
4	1.09	Completed (Passed 21)
5	1.87	Completed (Passed 56)
6	6.00	Completed (Passed 153)
7	22.94	Completed (Passed 379)
8	110.13	Completed (Passed 985)
9	300.04	TimedOut
done

[11 of 12] Compiling Map              ( examples/Map.hs, examples/Map.o )
[12 of 12] Compiling Main             ( examples/Map.toAscList.hs, examples/Map.toAscList.o )
Linking examples/Map.toAscList ...
Map.toAscList: 
2	0.95	Completed (Passed 3)
3	1.00	Completed (Passed 10)
4	1.09	Completed (Passed 21)
5	2.01	Completed (Passed 56)
6	6.02	Completed (Passed 153)
7	23.05	Completed (Passed 379)
8	110.60	Completed (Passed 985)
9	300.13	TimedOut
done

[11 of 12] Compiling Map              ( examples/Map.hs, examples/Map.o )
[12 of 12] Compiling Main             ( examples/Map.toDescList.hs, examples/Map.toDescList.o )
Linking examples/Map.toDescList ...
Map.toDescList: 
2	0.93	Completed (Passed 3)
3	1.09	Completed (Passed 10)
4	1.16	Completed (Passed 21)
5	2.13	Completed (Passed 56)
6	6.43	Completed (Passed 153)
7	22.91	Completed (Passed 379)
8	108.59	Completed (Passed 985)
9	300.05	TimedOut
done

[11 of 12] Compiling Map              ( examples/Map.hs, examples/Map.o )
[12 of 12] Compiling Main             ( examples/Map.fromAscList.hs, examples/Map.fromAscList.o )
Linking examples/Map.fromAscList ...
Map.fromAscList: 
2	1.17	Completed (Passed 3)
3	0.98	Completed (Passed 10)
4	0.94	Completed (Passed 35)
5	2.06	Completed (Passed 126)
6	6.49	Completed (Passed 462)
7	33.21	Completed (Passed 1716)
8	160.44	Completed (Passed 6435)
9	300.03	TimedOut
done

[11 of 12] Compiling Map              ( examples/Map.hs, examples/Map.o )
[12 of 12] Compiling Main             ( examples/Map.fromAscListWith.hs, examples/Map.fromAscListWith.o )
Linking examples/Map.fromAscListWith ...
Map.fromAscListWith: 
2	1.23	Completed (Passed 3)
3	1.00	Completed (Passed 10)
4	1.13	Completed (Passed 35)
5	2.25	Completed (Passed 126)
6	7.46	Completed (Passed 462)
7	33.37	Completed (Passed 1716)
8	164.55	Completed (Passed 6435)
9	686.55	TimedOut
done

[11 of 12] Compiling Map              ( examples/Map.hs, examples/Map.o )
[12 of 12] Compiling Main             ( examples/Map.fromAscListWithKey.hs, examples/Map.fromAscListWithKey.o )
Linking examples/Map.fromAscListWithKey ...
Map.fromAscListWithKey: 
2	0.94	Completed (Passed 3)
3	0.97	Completed (Passed 10)
4	1.10	Completed (Passed 35)
5	2.28	Completed (Passed 126)
6	7.49	Completed (Passed 462)
7	33.64	Completed (Passed 1716)
8	163.59	Completed (Passed 6435)
9	300.03	TimedOut
done

[11 of 12] Compiling Map              ( examples/Map.hs, examples/Map.o )
[12 of 12] Compiling Main             ( examples/Map.fromDistinctAscList.hs, examples/Map.fromDistinctAscList.o )
Linking examples/Map.fromDistinctAscList ...
Map.fromDistinctAscList: 
2	0.74	Completed (Passed 3)
3	0.96	Completed (Passed 7)
4	1.02	Completed (Passed 15)
5	1.46	Completed (Passed 31)
6	1.50	Completed (Passed 63)
7	3.38	Completed (Passed 127)
8	6.42	Completed (Passed 255)
9	13.91	Completed (Passed 511)
done

[11 of 12] Compiling Map              ( examples/Map.hs, examples/Map.o )
[12 of 12] Compiling Main             ( examples/Map.split.hs, examples/Map.split.o )
Linking examples/Map.split ...
Map.split: 
2	0.96	Completed (Passed 6)
3	1.09	Completed (Passed 30)
4	1.88	Completed (Passed 84)
5	6.75	Completed (Passed 280)
6	32.34	Completed (Passed 918)
7	157.45	Completed (Passed 2653)
8	300.03	TimedOut
done

[11 of 12] Compiling Map              ( examples/Map.hs, examples/Map.o )
[12 of 12] Compiling Main             ( examples/Map.splitLookup.hs, examples/Map.splitLookup.o )
Linking examples/Map.splitLookup ...
Map.splitLookup: 
2	0.95	Completed (Passed 6)
3	1.10	Completed (Passed 30)
4	2.12	Completed (Passed 84)
5	7.05	Completed (Passed 280)
6	33.28	Completed (Passed 918)
7	158.46	Completed (Passed 2653)
8	300.07	TimedOut
done

[11 of 12] Compiling Map              ( examples/Map.hs, examples/Map.o )
[12 of 12] Compiling Main             ( examples/Map.deleteFindMin.hs, examples/Map.deleteFindMin.o )
Linking examples/Map.deleteFindMin ...
Map.deleteFindMin: 
Map.deleteFindMin: 
**** ERROR *********************************************************************
**** ERROR *********************************************************************
**** ERROR *********************************************************************
safeZipWith called on non-eq-sized lists (nxs = 0, nys = 2) : applyPreds: substRcon2
**** ERROR *********************************************************************
**** ERROR *********************************************************************
**** ERROR *********************************************************************

[11 of 12] Compiling Map              ( examples/Map.hs, examples/Map.o )
[12 of 12] Compiling Main             ( examples/Map.deleteFindMax.hs, examples/Map.deleteFindMax.o )
Linking examples/Map.deleteFindMax ...
Map.deleteFindMax: 
Map.deleteFindMax: 
**** ERROR *********************************************************************
**** ERROR *********************************************************************
**** ERROR *********************************************************************
safeZipWith called on non-eq-sized lists (nxs = 0, nys = 2) : applyPreds: substRcon2
**** ERROR *********************************************************************
**** ERROR *********************************************************************
**** ERROR *********************************************************************

